https://launchpad.net/~liaou3/+snap/snapcraft-checkbox-ce-oem-b7bc3b4e93d43360e08ee0da724d536c/+build/2494878
RUN: /usr/share/launchpad-buildd/bin/builder-prep 
Kernel version: Linux lcy02-amd64-081 5.4.0-182-generic #202-Ubuntu SMP Fri Apr 26 12:29:36 UTC 2024 x86_64
Buildd toolchain package versions: launchpad-buildd_237~660~ubuntu20.04.1 python3-lpbuildd_237~660~ubuntu20.04.1 sbuild_0.79.0-1ubuntu1 git-build-recipe_0.3.6 git_1:2.25.1-1ubuntu3.11 dpkg-dev_1.19.7ubuntu3.2 python3-debian_0.1.36ubuntu1.1.
Syncing the system clock with the buildd NTP service...
28 May 09:25:10 ntpdate[1854]: adjust time server 10.131.248.1 offset -0.002036 sec
RUN: /usr/share/launchpad-buildd/bin/in-target unpack-chroot --backend=lxd --series=noble --arch=amd64 SNAPBUILD-2494878 --image-type lxd /home/buildd/filecache-default/69743bd85eaf31998ec216cd865aa32483851f4b
Creating target for build SNAPBUILD-2494878
To start your first container, try: lxc launch ubuntu:20.04
Or for a virtual machine: lxc launch ubuntu:20.04 --vm

/usr/lib/python3/dist-packages/pylxd/models/operation.py:76: UserWarning: Attempted to set unknown attribute "location" on instance of "Operation"
  warnings.warn(
RUN: /usr/share/launchpad-buildd/bin/in-target mount-chroot --backend=lxd --series=noble --arch=amd64 SNAPBUILD-2494878
Starting target for build SNAPBUILD-2494878
/usr/lib/python3/dist-packages/pylxd/models/operation.py:76: UserWarning: Attempted to set unknown attribute "location" on instance of "Operation"
  warnings.warn(
Error: Instance is not running
/usr/lib/python3/dist-packages/pylxd/models/_model.py:134: UserWarning: Attempted to set unknown attribute "type" on instance of "Container"
  warnings.warn(
/usr/lib/python3/dist-packages/pylxd/models/_model.py:134: UserWarning: Attempted to set unknown attribute "project" on instance of "Container"
  warnings.warn(
Error: Instance is not running
Error: Instance is not running
Error: Instance is not running
RUN: /usr/share/launchpad-buildd/bin/in-target override-sources-list --backend=lxd --series=noble --arch=amd64 SNAPBUILD-2494878 'deb http://ftpmaster.internal/ubuntu noble main restricted universe multiverse' 'deb http://ftpmaster.internal/ubuntu noble-security main restricted universe multiverse' 'deb http://ftpmaster.internal/ubuntu noble-updates main restricted universe multiverse'
Overriding sources.list in build-SNAPBUILD-2494878
/usr/lib/python3/dist-packages/pylxd/models/_model.py:134: UserWarning: Attempted to set unknown attribute "type" on instance of "Container"
  warnings.warn(
/usr/lib/python3/dist-packages/pylxd/models/_model.py:134: UserWarning: Attempted to set unknown attribute "project" on instance of "Container"
  warnings.warn(
RUN: /usr/share/launchpad-buildd/bin/in-target update-debian-chroot --backend=lxd --series=noble --arch=amd64 SNAPBUILD-2494878
Updating target for build SNAPBUILD-2494878
Get:1 http://ftpmaster.internal/ubuntu noble InRelease [256 kB]
Get:2 http://ftpmaster.internal/ubuntu noble-security InRelease [89.7 kB]
Get:3 http://ftpmaster.internal/ubuntu noble-updates InRelease [89.7 kB]
Get:4 http://ftpmaster.internal/ubuntu noble/main amd64 Packages [1401 kB]
Get:5 http://ftpmaster.internal/ubuntu noble/main Translation-en [513 kB]
Get:6 http://ftpmaster.internal/ubuntu noble/restricted amd64 Packages [93.9 kB]
Get:7 http://ftpmaster.internal/ubuntu noble/restricted Translation-en [18.7 kB]
Get:8 http://ftpmaster.internal/ubuntu noble/universe amd64 Packages [15.0 MB]
Get:9 http://ftpmaster.internal/ubuntu noble/universe Translation-en [5982 kB]
Get:10 http://ftpmaster.internal/ubuntu noble/multiverse amd64 Packages [269 kB]
Get:11 http://ftpmaster.internal/ubuntu noble/multiverse Translation-en [118 kB]
Get:12 http://ftpmaster.internal/ubuntu noble-security/main amd64 Packages [32.7 kB]
Get:13 http://ftpmaster.internal/ubuntu noble-security/main Translation-en [10.7 kB]
Get:14 http://ftpmaster.internal/ubuntu noble-security/universe amd64 Packages [16.3 kB]
Get:15 http://ftpmaster.internal/ubuntu noble-security/universe Translation-en [5844 B]
Get:16 http://ftpmaster.internal/ubuntu noble-updates/main amd64 Packages [77.6 kB]
Get:17 http://ftpmaster.internal/ubuntu noble-updates/main Translation-en [21.3 kB]
Get:18 http://ftpmaster.internal/ubuntu noble-updates/universe amd64 Packages [35.6 kB]
Get:19 http://ftpmaster.internal/ubuntu noble-updates/universe Translation-en [12.6 kB]
Fetched 24.1 MB in 3s (8672 kB/s)
Reading package lists...
Reading package lists...
Building dependency tree...
Reading state information...
Calculating upgrade...
The following packages were automatically installed and are no longer required:
  libnsl-dev libperl5.36 libtirpc-dev libunistring2 perl-modules-5.36
Use 'apt autoremove' to remove them.
The following packages will be REMOVED:
  libapt-pkg6.0* libdb5.3* libext2fs2* libgdbm-compat4* libgdbm6* libgnutls30*
  libhogweed6* libnettle8* libnpth0* libpng16-16* libreadline8* libssl3*
  libtirpc3* usrmerge*
The following NEW packages will be installed:
  cpp-13-x86-64-linux-gnu cpp-x86-64-linux-gnu g++-13-x86-64-linux-gnu
  g++-x86-64-linux-gnu gcc-13-x86-64-linux-gnu gcc-14-base
  gcc-x86-64-linux-gnu libapt-pkg6.0t64 libdb5.3t64 libext2fs2t64
  libgdbm-compat4t64 libgdbm6t64 libgnutls30t64 libhogweed6t64 libnettle8t64
  libnpth0t64 libperl5.38t64 libpng16-16t64 libreadline8t64 libssl3t64
  libtirpc3t64 libunistring5 perl-modules-5.38
The following packages will be upgraded:
  advancecomp apt apt-utils base-files base-passwd bash bash-completion
  binutils binutils-common binutils-x86-64-linux-gnu bsdextrautils bsdutils
  bzip2 ca-certificates coreutils cpp cpp-13 dash debconf debconf-i18n
  debianutils diffutils dpkg dpkg-dev e2fsprogs fakeroot findutils g++ g++-13
  gcc gcc-13 gcc-13-base gpg gpg-agent gpgconf gpgv grep gzip hostname init
  init-system-helpers krb5-locales libacl1 libapparmor1 libargon2-1 libasan8
  libassuan0 libatomic1 libattr1 libaudit-common libaudit1 libbinutils
  libblkid1 libbz2-1.0 libc-bin libc-dev-bin libc6 libc6-dev libcap-ng0
  libcap2 libcc1-0 libcom-err2 libcrypt-dev libcrypt1 libcryptsetup12
  libctf-nobfd0 libctf0 libdebconfclient0 libdevmapper1.02.1 libdpkg-perl
  libfakeroot libfdisk1 libffi8 libgcc-13-dev libgcc-s1 libgcrypt20 libgmp10
  libgomp1 libgpg-error-l10n libgpg-error0 libgpm2 libgprofng0
  libgssapi-krb5-2 libhwasan0 libidn2-0 libip4tc2 libisl23 libitm1 libjansson4
  libjson-c5 libk5crypto3 libkeyutils1 libkmod2 libkrb5-3 libkrb5support0
  liblocale-gettext-perl liblockfile-bin liblockfile1 liblsan0 liblz4-1
  liblzma5 libmd0 libmount1 libmpc3 libmpfr6 libncursesw6 libnsl-dev libnsl2
  libnss-nis libnss-nisplus libp11-kit0 libpam-modules libpam-modules-bin
  libpam-runtime libpam0g libpcre2-8-0 libproc2-0 libquadmath0 libseccomp2
  libselinux1 libsemanage-common libsemanage2 libsepol2 libsframe1
  libsmartcols1 libsqlite3-0 libss2 libstdc++-13-dev libstdc++6
  libsystemd-shared libsystemd0 libtasn1-6 libtext-charwidth-perl
  libtext-iconv-perl libtinfo6 libtirpc-common libtirpc-dev libtsan2 libubsan1
  libudev1 libuuid1 libxxhash0 libzstd1 linux-libc-dev lockfile-progs login
  logsave lto-disabled-list make mawk mount ncurses-base ncurses-bin openssl
  optipng passwd patch perl perl-base pinentry-curses procps psmisc
  readline-common rpcsvc-proto sed sensible-utils systemd systemd-dev
  systemd-sysv sysvinit-utils tar tzdata ubuntu-keyring util-linux
  uuid-runtime xz-utils zlib1g
177 upgraded, 23 newly installed, 14 to remove and 0 not upgraded.
Need to get 121 MB of archives.
After this operation, 78.2 MB of additional disk space will be used.
Get:1 http://ftpmaster.internal/ubuntu noble/main amd64 libtirpc-common all 1.3.4+ds-1.1build1 [8094 B]
Get:2 http://ftpmaster.internal/ubuntu noble/main amd64 libtirpc-dev amd64 1.3.4+ds-1.1build1 [193 kB]
Get:3 http://ftpmaster.internal/ubuntu noble/main amd64 libnsl-dev amd64 1.3.0-3build3 [70.5 kB]
Get:4 http://ftpmaster.internal/ubuntu noble/main amd64 libnsl2 amd64 1.3.0-3build3 [41.4 kB]
Get:5 http://ftpmaster.internal/ubuntu noble/main amd64 libtirpc3t64 amd64 1.3.4+ds-1.1build1 [82.6 kB]
Get:6 http://ftpmaster.internal/ubuntu noble/main amd64 libgssapi-krb5-2 amd64 1.20.1-6ubuntu2 [142 kB]
Get:7 http://ftpmaster.internal/ubuntu noble/main amd64 libkrb5-3 amd64 1.20.1-6ubuntu2 [347 kB]
Get:8 http://ftpmaster.internal/ubuntu noble/main amd64 libk5crypto3 amd64 1.20.1-6ubuntu2 [81.7 kB]
Get:9 http://ftpmaster.internal/ubuntu noble/main amd64 libkrb5support0 amd64 1.20.1-6ubuntu2 [33.5 kB]
Get:10 http://ftpmaster.internal/ubuntu noble/main amd64 libacl1 amd64 2.3.2-1build1 [16.8 kB]
Get:11 http://ftpmaster.internal/ubuntu noble/main amd64 libapparmor1 amd64 4.0.0-beta3-0ubuntu3 [49.5 kB]
Get:12 http://ftpmaster.internal/ubuntu noble/main amd64 libaudit-common all 1:3.1.2-2.1build1 [5736 B]
Get:13 http://ftpmaster.internal/ubuntu noble/main amd64 libcap-ng0 amd64 0.8.4-2build2 [15.2 kB]
Get:14 http://ftpmaster.internal/ubuntu noble/main amd64 libaudit1 amd64 1:3.1.2-2.1build1 [46.9 kB]
Get:15 http://ftpmaster.internal/ubuntu noble/main amd64 libblkid1 amd64 2.39.3-9ubuntu6 [123 kB]
Get:16 http://ftpmaster.internal/ubuntu noble/main amd64 libcap2 amd64 1:2.66-5ubuntu2 [30.0 kB]
Get:17 http://ftpmaster.internal/ubuntu noble/main amd64 libcrypt-dev amd64 1:4.4.36-4build1 [112 kB]
Get:18 http://ftpmaster.internal/ubuntu noble/main amd64 libcrypt1 amd64 1:4.4.36-4build1 [82.3 kB]
Get:19 http://ftpmaster.internal/ubuntu noble/main amd64 libgpg-error-l10n all 1.47-3build2 [8064 B]
Get:20 http://ftpmaster.internal/ubuntu noble/main amd64 libgpg-error0 amd64 1.47-3build2 [70.0 kB]
Get:21 http://ftpmaster.internal/ubuntu noble/main amd64 libgcrypt20 amd64 1.10.3-2build1 [532 kB]
Get:22 http://ftpmaster.internal/ubuntu noble/main amd64 liblzma5 amd64 5.6.1+really5.4.5-1 [127 kB]
Get:23 http://ftpmaster.internal/ubuntu noble/main amd64 libzstd1 amd64 1.5.5+dfsg2-2build1 [299 kB]
Get:24 http://ftpmaster.internal/ubuntu noble/main amd64 libkmod2 amd64 31+20240202-2ubuntu7 [51.7 kB]
Get:25 http://ftpmaster.internal/ubuntu noble/main amd64 liblz4-1 amd64 1.9.4-1build1 [63.0 kB]
Get:26 http://ftpmaster.internal/ubuntu noble/main amd64 libpcre2-8-0 amd64 10.42-4ubuntu2 [227 kB]
Get:27 http://ftpmaster.internal/ubuntu noble/main amd64 libselinux1 amd64 3.5-2ubuntu2 [79.6 kB]
Get:28 http://ftpmaster.internal/ubuntu noble/main amd64 libmount1 amd64 2.39.3-9ubuntu6 [134 kB]
Get:29 http://ftpmaster.internal/ubuntu noble/main amd64 perl-modules-5.38 all 5.38.2-3.2build2 [3110 kB]
Get:30 http://ftpmaster.internal/ubuntu noble/main amd64 libdb5.3t64 amd64 5.3.28+dfsg2-7 [734 kB]
Get:31 http://ftpmaster.internal/ubuntu noble/main amd64 libgdbm6t64 amd64 1.23-5.1build1 [34.4 kB]
Get:32 http://ftpmaster.internal/ubuntu noble/main amd64 libgdbm-compat4t64 amd64 1.23-5.1build1 [6710 B]
Get:33 http://ftpmaster.internal/ubuntu noble/main amd64 libperl5.38t64 amd64 5.38.2-3.2build2 [4873 kB]
Get:34 http://ftpmaster.internal/ubuntu noble/main amd64 perl amd64 5.38.2-3.2build2 [231 kB]
Get:35 http://ftpmaster.internal/ubuntu noble/main amd64 perl-base amd64 5.38.2-3.2build2 [1823 kB]
Get:36 http://ftpmaster.internal/ubuntu noble/main amd64 liblocale-gettext-perl amd64 1.07-6ubuntu5 [15.8 kB]
Get:37 http://ftpmaster.internal/ubuntu noble/main amd64 libtext-iconv-perl amd64 1.7-8build3 [13.5 kB]
Get:38 http://ftpmaster.internal/ubuntu noble/main amd64 libtext-charwidth-perl amd64 0.04-11build3 [9358 B]
Get:39 http://ftpmaster.internal/ubuntu noble/universe amd64 libnss-nisplus amd64 1.3-5build1 [22.4 kB]
Get:40 http://ftpmaster.internal/ubuntu noble/universe amd64 libnss-nis amd64 3.1-0ubuntu7 [26.5 kB]
Get:41 http://ftpmaster.internal/ubuntu noble-security/main amd64 libc-dev-bin amd64 2.39-0ubuntu8.1 [20.4 kB]
Get:42 http://ftpmaster.internal/ubuntu noble/main amd64 rpcsvc-proto amd64 1.4.2-0ubuntu7 [67.4 kB]
Get:43 http://ftpmaster.internal/ubuntu noble-security/main amd64 libc6-dev amd64 2.39-0ubuntu8.1 [2124 kB]
Get:44 http://ftpmaster.internal/ubuntu noble-security/main amd64 libc6 amd64 2.39-0ubuntu8.1 [3265 kB]
Get:45 http://ftpmaster.internal/ubuntu noble-security/main amd64 libc-bin amd64 2.39-0ubuntu8.1 [682 kB]
Get:46 http://ftpmaster.internal/ubuntu noble-security/main amd64 openssl amd64 3.0.13-0ubuntu3.1 [1003 kB]
Get:47 http://ftpmaster.internal/ubuntu noble/main amd64 libsystemd-shared amd64 255.4-1ubuntu8 [2067 kB]
Get:48 http://ftpmaster.internal/ubuntu noble/main amd64 libcryptsetup12 amd64 2:2.7.0-1ubuntu4 [266 kB]
Get:49 http://ftpmaster.internal/ubuntu noble-security/main amd64 libssl3t64 amd64 3.0.13-0ubuntu3.1 [1939 kB]
Get:50 http://ftpmaster.internal/ubuntu noble/main amd64 systemd-dev all 255.4-1ubuntu8 [104 kB]
Get:51 http://ftpmaster.internal/ubuntu noble/main amd64 systemd-sysv amd64 255.4-1ubuntu8 [11.9 kB]
Get:52 http://ftpmaster.internal/ubuntu noble/main amd64 systemd amd64 255.4-1ubuntu8 [3471 kB]
Get:53 http://ftpmaster.internal/ubuntu noble/main amd64 libsystemd0 amd64 255.4-1ubuntu8 [429 kB]
Get:54 http://ftpmaster.internal/ubuntu noble/main amd64 libpam-modules-bin amd64 1.5.3-5ubuntu5 [51.9 kB]
Get:55 http://ftpmaster.internal/ubuntu noble/main amd64 libpam-modules amd64 1.5.3-5ubuntu5 [279 kB]
Get:56 http://ftpmaster.internal/ubuntu noble/main amd64 libnettle8t64 amd64 3.9.1-2.2build1 [182 kB]
Get:57 http://ftpmaster.internal/ubuntu noble/main amd64 libhogweed6t64 amd64 3.9.1-2.2build1 [199 kB]
Get:58 http://ftpmaster.internal/ubuntu noble/main amd64 libp11-kit0 amd64 0.25.3-4ubuntu2 [299 kB]
Get:59 http://ftpmaster.internal/ubuntu noble/main amd64 libunistring5 amd64 1.1-2build1 [535 kB]
Get:60 http://ftpmaster.internal/ubuntu noble-security/main amd64 libgnutls30t64 amd64 3.8.3-1.1ubuntu3.1 [998 kB]
Get:61 http://ftpmaster.internal/ubuntu noble/main amd64 libapt-pkg6.0t64 amd64 2.7.14build2 [985 kB]
Get:62 http://ftpmaster.internal/ubuntu noble/main amd64 bzip2 amd64 1.0.8-5.1 [34.5 kB]
Get:63 http://ftpmaster.internal/ubuntu noble/main amd64 libbz2-1.0 amd64 1.0.8-5.1 [34.3 kB]
Get:64 http://ftpmaster.internal/ubuntu noble/main amd64 gcc-14-base amd64 14-20240412-0ubuntu1 [47.6 kB]
Get:65 http://ftpmaster.internal/ubuntu noble/main amd64 libgcc-s1 amd64 14-20240412-0ubuntu1 [78.5 kB]
Get:66 http://ftpmaster.internal/ubuntu noble/main amd64 libstdc++6 amd64 14-20240412-0ubuntu1 [795 kB]
Get:67 http://ftpmaster.internal/ubuntu noble/main amd64 libudev1 amd64 255.4-1ubuntu8 [174 kB]
Get:68 http://ftpmaster.internal/ubuntu noble/main amd64 libxxhash0 amd64 0.8.2-2build1 [24.1 kB]
Get:69 http://ftpmaster.internal/ubuntu noble/main amd64 zlib1g amd64 1:1.3.dfsg-3.1ubuntu2 [62.8 kB]
Get:70 http://ftpmaster.internal/ubuntu noble/main amd64 libgmp10 amd64 2:6.3.0+dfsg-2ubuntu6 [253 kB]
Get:71 http://ftpmaster.internal/ubuntu noble/main amd64 libffi8 amd64 3.4.6-1build1 [24.7 kB]
Get:72 http://ftpmaster.internal/ubuntu noble/main amd64 libidn2-0 amd64 2.3.7-2build1 [66.2 kB]
Get:73 http://ftpmaster.internal/ubuntu noble/main amd64 libtasn1-6 amd64 4.19.0-3build1 [43.9 kB]
Get:74 http://ftpmaster.internal/ubuntu noble/main amd64 libdebconfclient0 amd64 0.271ubuntu3 [11.4 kB]
Get:75 http://ftpmaster.internal/ubuntu noble/main amd64 base-passwd amd64 3.6.3build1 [51.1 kB]
Get:76 http://ftpmaster.internal/ubuntu noble/main amd64 libassuan0 amd64 2.5.6-1build1 [37.3 kB]
Get:77 http://ftpmaster.internal/ubuntu noble/main amd64 libsqlite3-0 amd64 3.45.1-1ubuntu2 [701 kB]
Get:78 http://ftpmaster.internal/ubuntu noble/main amd64 gpg amd64 2.4.4-2ubuntu17 [565 kB]
Get:79 http://ftpmaster.internal/ubuntu noble/main amd64 libreadline8t64 amd64 8.2-4build1 [153 kB]
Get:80 http://ftpmaster.internal/ubuntu noble/main amd64 readline-common all 8.2-4build1 [56.5 kB]
Get:81 http://ftpmaster.internal/ubuntu noble/main amd64 libncursesw6 amd64 6.4+20240113-1ubuntu2 [148 kB]
Get:82 http://ftpmaster.internal/ubuntu noble/main amd64 libtinfo6 amd64 6.4+20240113-1ubuntu2 [108 kB]
Get:83 http://ftpmaster.internal/ubuntu noble/main amd64 gpg-agent amd64 2.4.4-2ubuntu17 [227 kB]
Get:84 http://ftpmaster.internal/ubuntu noble/main amd64 gpgconf amd64 2.4.4-2ubuntu17 [103 kB]
Get:85 http://ftpmaster.internal/ubuntu noble/main amd64 pinentry-curses amd64 1.2.1-3ubuntu5 [35.2 kB]
Get:86 http://ftpmaster.internal/ubuntu noble/main amd64 init-system-helpers all 1.66ubuntu1 [39.4 kB]
Get:87 http://ftpmaster.internal/ubuntu noble/main amd64 libnpth0t64 amd64 1.6-3.1build1 [8378 B]
Get:88 http://ftpmaster.internal/ubuntu noble/main amd64 gpgv amd64 2.4.4-2ubuntu17 [157 kB]
Get:89 http://ftpmaster.internal/ubuntu noble/main amd64 ubuntu-keyring all 2023.11.28.1 [11.1 kB]
Get:90 http://ftpmaster.internal/ubuntu noble/main amd64 libseccomp2 amd64 2.5.5-1ubuntu3 [50.3 kB]
Get:91 http://ftpmaster.internal/ubuntu noble/main amd64 apt-utils amd64 2.7.14build2 [217 kB]
Get:92 http://ftpmaster.internal/ubuntu noble/main amd64 apt amd64 2.7.14build2 [1375 kB]
Get:93 http://ftpmaster.internal/ubuntu noble/main amd64 debconf-i18n all 1.5.86ubuntu1 [205 kB]
Get:94 http://ftpmaster.internal/ubuntu noble/main amd64 debconf all 1.5.86ubuntu1 [124 kB]
Get:95 http://ftpmaster.internal/ubuntu noble/main amd64 libpam0g amd64 1.5.3-5ubuntu5 [67.7 kB]
Get:96 http://ftpmaster.internal/ubuntu noble/main amd64 libargon2-1 amd64 0~20190702+dfsg-4build1 [20.8 kB]
Get:97 http://ftpmaster.internal/ubuntu noble/main amd64 libdevmapper1.02.1 amd64 2:1.02.185-3ubuntu3 [139 kB]
Get:98 http://ftpmaster.internal/ubuntu noble/main amd64 libjson-c5 amd64 0.17-1build1 [35.3 kB]
Get:99 http://ftpmaster.internal/ubuntu noble/main amd64 libuuid1 amd64 2.39.3-9ubuntu6 [35.2 kB]
Get:100 http://ftpmaster.internal/ubuntu noble/main amd64 libfdisk1 amd64 2.39.3-9ubuntu6 [146 kB]
Get:101 http://ftpmaster.internal/ubuntu noble/main amd64 mount amd64 2.39.3-9ubuntu6 [118 kB]
Get:102 http://ftpmaster.internal/ubuntu noble/main amd64 libcom-err2 amd64 1.47.0-2.4~exp1ubuntu4 [22.8 kB]
Get:103 http://ftpmaster.internal/ubuntu noble/main amd64 libkeyutils1 amd64 1.6.3-3build1 [9490 B]
Get:104 http://ftpmaster.internal/ubuntu noble/main amd64 linux-libc-dev amd64 6.8.0-31.31 [1598 kB]
Get:105 http://ftpmaster.internal/ubuntu noble/main amd64 base-files amd64 13ubuntu10 [73.6 kB]
Get:106 http://ftpmaster.internal/ubuntu noble/main amd64 debianutils amd64 5.17build1 [89.9 kB]
Get:107 http://ftpmaster.internal/ubuntu noble/main amd64 bash amd64 5.2.21-2ubuntu4 [794 kB]
Get:108 http://ftpmaster.internal/ubuntu noble/main amd64 bsdutils amd64 1:2.39.3-9ubuntu6 [95.0 kB]
Get:109 http://ftpmaster.internal/ubuntu noble/main amd64 coreutils amd64 9.4-3ubuntu6 [1412 kB]
Get:110 http://ftpmaster.internal/ubuntu noble/main amd64 tar amd64 1.35+dfsg-3build1 [253 kB]
Get:111 http://ftpmaster.internal/ubuntu noble/main amd64 dpkg amd64 1.22.6ubuntu6 [1283 kB]
Get:112 http://ftpmaster.internal/ubuntu noble/main amd64 dash amd64 0.5.12-6ubuntu5 [89.8 kB]
Get:113 http://ftpmaster.internal/ubuntu noble/main amd64 diffutils amd64 1:3.10-1build1 [177 kB]
Get:114 http://ftpmaster.internal/ubuntu noble/main amd64 findutils amd64 4.9.0-5build1 [298 kB]
Get:115 http://ftpmaster.internal/ubuntu noble/main amd64 grep amd64 3.11-4build1 [162 kB]
Get:116 http://ftpmaster.internal/ubuntu noble/main amd64 gzip amd64 1.12-1ubuntu3 [98.8 kB]
Get:117 http://ftpmaster.internal/ubuntu noble/main amd64 hostname amd64 3.23+nmu2ubuntu2 [11.1 kB]
Get:118 http://ftpmaster.internal/ubuntu noble/main amd64 login amd64 1:4.13+dfsg1-4ubuntu3 [202 kB]
Get:119 http://ftpmaster.internal/ubuntu noble/main amd64 ncurses-bin amd64 6.4+20240113-1ubuntu2 [188 kB]
Get:120 http://ftpmaster.internal/ubuntu noble/main amd64 sed amd64 4.9-2build1 [193 kB]
Get:121 http://ftpmaster.internal/ubuntu noble/main amd64 util-linux amd64 2.39.3-9ubuntu6 [1127 kB]
Get:122 http://ftpmaster.internal/ubuntu noble/main amd64 ncurses-base all 6.4+20240113-1ubuntu2 [25.5 kB]
Get:123 http://ftpmaster.internal/ubuntu noble/main amd64 sysvinit-utils amd64 3.08-6ubuntu3 [34.2 kB]
Get:124 http://ftpmaster.internal/ubuntu noble/main amd64 logsave amd64 1.47.0-2.4~exp1ubuntu4 [22.5 kB]
Get:125 http://ftpmaster.internal/ubuntu noble/main amd64 libext2fs2t64 amd64 1.47.0-2.4~exp1ubuntu4 [222 kB]
Get:126 http://ftpmaster.internal/ubuntu noble/main amd64 e2fsprogs amd64 1.47.0-2.4~exp1ubuntu4 [601 kB]
Get:127 http://ftpmaster.internal/ubuntu noble/main amd64 optipng amd64 0.7.8+ds-1build2 [110 kB]
Get:128 http://ftpmaster.internal/ubuntu noble/main amd64 libpng16-16t64 amd64 1.6.43-5build1 [187 kB]
Get:129 http://ftpmaster.internal/ubuntu noble/main amd64 init amd64 1.66ubuntu1 [6186 B]
Get:130 http://ftpmaster.internal/ubuntu noble/main amd64 libsmartcols1 amd64 2.39.3-9ubuntu6 [64.8 kB]
Get:131 http://ftpmaster.internal/ubuntu noble/main amd64 uuid-runtime amd64 2.39.3-9ubuntu6 [33.1 kB]
Get:132 http://ftpmaster.internal/ubuntu noble/main amd64 libattr1 amd64 1:2.5.2-1build1 [11.3 kB]
Get:133 http://ftpmaster.internal/ubuntu noble/main amd64 libmd0 amd64 1.1.0-2build1 [27.0 kB]
Get:134 http://ftpmaster.internal/ubuntu noble/main amd64 libpam-runtime all 1.5.3-5ubuntu5 [40.8 kB]
Get:135 http://ftpmaster.internal/ubuntu noble/main amd64 libsemanage-common all 3.5-1build5 [10.1 kB]
Get:136 http://ftpmaster.internal/ubuntu noble/main amd64 libsepol2 amd64 3.5-2build1 [303 kB]
Get:137 http://ftpmaster.internal/ubuntu noble/main amd64 libsemanage2 amd64 3.5-1build5 [93.2 kB]
Get:138 http://ftpmaster.internal/ubuntu noble/main amd64 passwd amd64 1:4.13+dfsg1-4ubuntu3 [845 kB]
Get:139 http://ftpmaster.internal/ubuntu noble/main amd64 libproc2-0 amd64 2:4.0.4-4ubuntu3 [59.1 kB]
Get:140 http://ftpmaster.internal/ubuntu noble/main amd64 libss2 amd64 1.47.0-2.4~exp1ubuntu4 [17.0 kB]
Get:141 http://ftpmaster.internal/ubuntu noble/main amd64 mawk amd64 1.3.4.20240123-1build1 [127 kB]
Get:142 http://ftpmaster.internal/ubuntu noble/main amd64 procps amd64 2:4.0.4-4ubuntu3 [708 kB]
Get:143 http://ftpmaster.internal/ubuntu noble/main amd64 sensible-utils all 0.0.22 [22.5 kB]
Get:144 http://ftpmaster.internal/ubuntu noble/main amd64 ca-certificates all 20240203 [159 kB]
Get:145 http://ftpmaster.internal/ubuntu noble/main amd64 krb5-locales all 1.20.1-6ubuntu2 [13.8 kB]
Get:146 http://ftpmaster.internal/ubuntu noble/main amd64 tzdata all 2024a-2ubuntu1 [273 kB]
Get:147 http://ftpmaster.internal/ubuntu noble/main amd64 bash-completion all 1:2.11-8 [180 kB]
Get:148 http://ftpmaster.internal/ubuntu noble/main amd64 bsdextrautils amd64 2.39.3-9ubuntu6 [73.8 kB]
Get:149 http://ftpmaster.internal/ubuntu noble/main amd64 libgpm2 amd64 1.20.7-11 [14.1 kB]
Get:150 http://ftpmaster.internal/ubuntu noble/main amd64 libip4tc2 amd64 1.8.10-3ubuntu2 [23.3 kB]
Get:151 http://ftpmaster.internal/ubuntu noble/main amd64 libjansson4 amd64 2.14-2build2 [32.8 kB]
Get:152 http://ftpmaster.internal/ubuntu noble/main amd64 psmisc amd64 23.7-1build1 [179 kB]
Get:153 http://ftpmaster.internal/ubuntu noble/main amd64 xz-utils amd64 5.6.1+really5.4.5-1 [267 kB]
Get:154 http://ftpmaster.internal/ubuntu noble/main amd64 advancecomp amd64 2.5-1build1 [182 kB]
Get:155 http://ftpmaster.internal/ubuntu noble/main amd64 libgprofng0 amd64 2.42-4ubuntu2 [851 kB]
Get:156 http://ftpmaster.internal/ubuntu noble/main amd64 libctf0 amd64 2.42-4ubuntu2 [94.5 kB]
Get:157 http://ftpmaster.internal/ubuntu noble/main amd64 libctf-nobfd0 amd64 2.42-4ubuntu2 [97.1 kB]
Get:158 http://ftpmaster.internal/ubuntu noble/main amd64 binutils-x86-64-linux-gnu amd64 2.42-4ubuntu2 [2469 kB]
Get:159 http://ftpmaster.internal/ubuntu noble/main amd64 libbinutils amd64 2.42-4ubuntu2 [572 kB]
Get:160 http://ftpmaster.internal/ubuntu noble/main amd64 binutils amd64 2.42-4ubuntu2 [18.0 kB]
Get:161 http://ftpmaster.internal/ubuntu noble/main amd64 binutils-common amd64 2.42-4ubuntu2 [239 kB]
Get:162 http://ftpmaster.internal/ubuntu noble/main amd64 libsframe1 amd64 2.42-4ubuntu2 [14.8 kB]
Get:163 http://ftpmaster.internal/ubuntu noble/main amd64 libubsan1 amd64 14-20240412-0ubuntu1 [1175 kB]
Get:164 http://ftpmaster.internal/ubuntu noble/main amd64 g++-13 amd64 13.2.0-23ubuntu4 [14.5 kB]
Get:165 http://ftpmaster.internal/ubuntu noble/main amd64 libstdc++-13-dev amd64 13.2.0-23ubuntu4 [2399 kB]
Get:166 http://ftpmaster.internal/ubuntu noble/main amd64 libgomp1 amd64 14-20240412-0ubuntu1 [147 kB]
Get:167 http://ftpmaster.internal/ubuntu noble/main amd64 libitm1 amd64 14-20240412-0ubuntu1 [28.9 kB]
Get:168 http://ftpmaster.internal/ubuntu noble/main amd64 libatomic1 amd64 14-20240412-0ubuntu1 [10.4 kB]
Get:169 http://ftpmaster.internal/ubuntu noble/main amd64 libasan8 amd64 14-20240412-0ubuntu1 [3024 kB]
Get:170 http://ftpmaster.internal/ubuntu noble/main amd64 liblsan0 amd64 14-20240412-0ubuntu1 [1313 kB]
Get:171 http://ftpmaster.internal/ubuntu noble/main amd64 libhwasan0 amd64 14-20240412-0ubuntu1 [1632 kB]
Get:172 http://ftpmaster.internal/ubuntu noble/main amd64 libquadmath0 amd64 14-20240412-0ubuntu1 [153 kB]
Get:173 http://ftpmaster.internal/ubuntu noble/main amd64 gcc-13 amd64 13.2.0-23ubuntu4 [482 kB]
Get:174 http://ftpmaster.internal/ubuntu noble/main amd64 libgcc-13-dev amd64 13.2.0-23ubuntu4 [2688 kB]
Get:175 http://ftpmaster.internal/ubuntu noble/main amd64 libtsan2 amd64 14-20240412-0ubuntu1 [2736 kB]
Get:176 http://ftpmaster.internal/ubuntu noble/main amd64 libcc1-0 amd64 14-20240412-0ubuntu1 [47.7 kB]
Get:177 http://ftpmaster.internal/ubuntu noble/main amd64 cpp-13 amd64 13.2.0-23ubuntu4 [1032 B]
Get:178 http://ftpmaster.internal/ubuntu noble/main amd64 gcc-13-base amd64 13.2.0-23ubuntu4 [49.0 kB]
Get:179 http://ftpmaster.internal/ubuntu noble/main amd64 libisl23 amd64 0.26-3build1 [680 kB]
Get:180 http://ftpmaster.internal/ubuntu noble/main amd64 libmpfr6 amd64 4.2.1-1build1 [355 kB]
Get:181 http://ftpmaster.internal/ubuntu noble/main amd64 libmpc3 amd64 1.3.1-1build1 [54.5 kB]
Get:182 http://ftpmaster.internal/ubuntu noble/main amd64 gcc-13-x86-64-linux-gnu amd64 13.2.0-23ubuntu4 [21.9 MB]
Get:183 http://ftpmaster.internal/ubuntu noble/main amd64 g++-13-x86-64-linux-gnu amd64 13.2.0-23ubuntu4 [12.5 MB]
Get:184 http://ftpmaster.internal/ubuntu noble/main amd64 cpp-13-x86-64-linux-gnu amd64 13.2.0-23ubuntu4 [11.2 MB]
Get:185 http://ftpmaster.internal/ubuntu noble/main amd64 g++ amd64 4:13.2.0-7ubuntu1 [1100 B]
Get:186 http://ftpmaster.internal/ubuntu noble/main amd64 gcc amd64 4:13.2.0-7ubuntu1 [5018 B]
Get:187 http://ftpmaster.internal/ubuntu noble/main amd64 cpp amd64 4:13.2.0-7ubuntu1 [22.4 kB]
Get:188 http://ftpmaster.internal/ubuntu noble/main amd64 cpp-x86-64-linux-gnu amd64 4:13.2.0-7ubuntu1 [5326 B]
Get:189 http://ftpmaster.internal/ubuntu noble/main amd64 gcc-x86-64-linux-gnu amd64 4:13.2.0-7ubuntu1 [1212 B]
Get:190 http://ftpmaster.internal/ubuntu noble/main amd64 g++-x86-64-linux-gnu amd64 4:13.2.0-7ubuntu1 [964 B]
Get:191 http://ftpmaster.internal/ubuntu noble/main amd64 dpkg-dev all 1.22.6ubuntu6 [1074 kB]
Get:192 http://ftpmaster.internal/ubuntu noble/main amd64 libdpkg-perl all 1.22.6ubuntu6 [268 kB]
Get:193 http://ftpmaster.internal/ubuntu noble/main amd64 patch amd64 2.7.6-7build3 [104 kB]
Get:194 http://ftpmaster.internal/ubuntu noble/main amd64 make amd64 4.3-4.1build2 [180 kB]
Get:195 http://ftpmaster.internal/ubuntu noble/main amd64 lto-disabled-list all 47 [12.4 kB]
Get:196 http://ftpmaster.internal/ubuntu noble/main amd64 libfakeroot amd64 1.33-1 [32.4 kB]
Get:197 http://ftpmaster.internal/ubuntu noble/main amd64 fakeroot amd64 1.33-1 [67.2 kB]
Get:198 http://ftpmaster.internal/ubuntu noble/main amd64 liblockfile-bin amd64 1.17-1build3 [11.2 kB]
Get:199 http://ftpmaster.internal/ubuntu noble/main amd64 liblockfile1 amd64 1.17-1build3 [6840 B]
Get:200 http://ftpmaster.internal/ubuntu noble/main amd64 lockfile-progs amd64 0.1.19build2 [8522 B]
Preconfiguring packages ...
Fetched 121 MB in 1s (136 MB/s)
(Reading database ... 13648 files and directories currently installed.)
Preparing to unpack .../libtirpc-common_1.3.4+ds-1.1build1_all.deb ...
Unpacking libtirpc-common (1.3.4+ds-1.1build1) over (1.3.3+ds-1) ...
Preparing to unpack .../libtirpc-dev_1.3.4+ds-1.1build1_amd64.deb ...
Unpacking libtirpc-dev:amd64 (1.3.4+ds-1.1build1) over (1.3.3+ds-1) ...
Preparing to unpack .../libnsl-dev_1.3.0-3build3_amd64.deb ...
Unpacking libnsl-dev:amd64 (1.3.0-3build3) over (1.3.0-2build2) ...
Preparing to unpack .../libnsl2_1.3.0-3build3_amd64.deb ...
Unpacking libnsl2:amd64 (1.3.0-3build3) over (1.3.0-2build2) ...
dpkg: libtirpc3:amd64: dependency problems, but removing anyway as you requested:
 libnss-nisplus:amd64 depends on libtirpc3 (>= 1.0.2).

(Reading database ... 13648 files and directories currently installed.)
Removing libtirpc3:amd64 (1.3.3+ds-1) ...
Selecting previously unselected package libtirpc3t64:amd64.
(Reading database ... 13642 files and directories currently installed.)
Preparing to unpack .../0-libtirpc3t64_1.3.4+ds-1.1build1_amd64.deb ...
Adding 'diversion of /lib/x86_64-linux-gnu/libtirpc.so.3 to /lib/x86_64-linux-gnu/libtirpc.so.3.usr-is-merged by libtirpc3t64'
Adding 'diversion of /lib/x86_64-linux-gnu/libtirpc.so.3.0.0 to /lib/x86_64-linux-gnu/libtirpc.so.3.0.0.usr-is-merged by libtirpc3t64'
Unpacking libtirpc3t64:amd64 (1.3.4+ds-1.1build1) ...
Preparing to unpack .../1-libgssapi-krb5-2_1.20.1-6ubuntu2_amd64.deb ...
Unpacking libgssapi-krb5-2:amd64 (1.20.1-6ubuntu2) over (1.20.1-3ubuntu1) ...
Preparing to unpack .../2-libkrb5-3_1.20.1-6ubuntu2_amd64.deb ...
Unpacking libkrb5-3:amd64 (1.20.1-6ubuntu2) over (1.20.1-3ubuntu1) ...
Preparing to unpack .../3-libk5crypto3_1.20.1-6ubuntu2_amd64.deb ...
Unpacking libk5crypto3:amd64 (1.20.1-6ubuntu2) over (1.20.1-3ubuntu1) ...
Preparing to unpack .../4-libkrb5support0_1.20.1-6ubuntu2_amd64.deb ...
Unpacking libkrb5support0:amd64 (1.20.1-6ubuntu2) over (1.20.1-3ubuntu1) ...
Preparing to unpack .../5-libacl1_2.3.2-1build1_amd64.deb ...
Unpacking libacl1:amd64 (2.3.2-1build1) over (2.3.1-3) ...
Setting up libacl1:amd64 (2.3.2-1build1) ...
(Reading database ... 13653 files and directories currently installed.)
Preparing to unpack .../libapparmor1_4.0.0-beta3-0ubuntu3_amd64.deb ...
Unpacking libapparmor1:amd64 (4.0.0-beta3-0ubuntu3) over (4.0.0~alpha2-0ubuntu5) ...
Preparing to unpack .../libaudit-common_1%3a3.1.2-2.1build1_all.deb ...
Unpacking libaudit-common (1:3.1.2-2.1build1) over (1:3.1.1-1) ...
Setting up libaudit-common (1:3.1.2-2.1build1) ...
(Reading database ... 13653 files and directories currently installed.)
Preparing to unpack .../libcap-ng0_0.8.4-2build2_amd64.deb ...
Unpacking libcap-ng0:amd64 (0.8.4-2build2) over (0.8.3-1build2) ...
Setting up libcap-ng0:amd64 (0.8.4-2build2) ...
(Reading database ... 13653 files and directories currently installed.)
Preparing to unpack .../libaudit1_1%3a3.1.2-2.1build1_amd64.deb ...
Unpacking libaudit1:amd64 (1:3.1.2-2.1build1) over (1:3.1.1-1) ...
Setting up libaudit1:amd64 (1:3.1.2-2.1build1) ...
(Reading database ... 13653 files and directories currently installed.)
Preparing to unpack .../libblkid1_2.39.3-9ubuntu6_amd64.deb ...
Unpacking libblkid1:amd64 (2.39.3-9ubuntu6) over (2.39.1-4ubuntu2) ...
Setting up libblkid1:amd64 (2.39.3-9ubuntu6) ...
(Reading database ... 13653 files and directories currently installed.)
Preparing to unpack .../libcap2_1%3a2.66-5ubuntu2_amd64.deb ...
Unpacking libcap2:amd64 (1:2.66-5ubuntu2) over (1:2.66-4ubuntu1) ...
Setting up libcap2:amd64 (1:2.66-5ubuntu2) ...
(Reading database ... 13653 files and directories currently installed.)
Preparing to unpack .../libcrypt-dev_1%3a4.4.36-4build1_amd64.deb ...
Unpacking libcrypt-dev:amd64 (1:4.4.36-4build1) over (1:4.4.36-2) ...
Preparing to unpack .../libcrypt1_1%3a4.4.36-4build1_amd64.deb ...
Unpacking libcrypt1:amd64 (1:4.4.36-4build1) over (1:4.4.36-2) ...
Setting up libcrypt1:amd64 (1:4.4.36-4build1) ...
(Reading database ... 13653 files and directories currently installed.)
Preparing to unpack .../libgpg-error-l10n_1.47-3build2_all.deb ...
Unpacking libgpg-error-l10n (1.47-3build2) over (1.47-2) ...
Preparing to unpack .../libgpg-error0_1.47-3build2_amd64.deb ...
Unpacking libgpg-error0:amd64 (1.47-3build2) over (1.47-2) ...
Setting up libgpg-error0:amd64 (1.47-3build2) ...
(Reading database ... 13653 files and directories currently installed.)
Preparing to unpack .../libgcrypt20_1.10.3-2build1_amd64.deb ...
Unpacking libgcrypt20:amd64 (1.10.3-2build1) over (1.10.2-3ubuntu1) ...
Setting up libgcrypt20:amd64 (1.10.3-2build1) ...
(Reading database ... 13653 files and directories currently installed.)
Preparing to unpack .../liblzma5_5.6.1+really5.4.5-1_amd64.deb ...
Unpacking liblzma5:amd64 (5.6.1+really5.4.5-1) over (5.4.1-0.2) ...
Setting up liblzma5:amd64 (5.6.1+really5.4.5-1) ...
(Reading database ... 13653 files and directories currently installed.)
Preparing to unpack .../libzstd1_1.5.5+dfsg2-2build1_amd64.deb ...
Unpacking libzstd1:amd64 (1.5.5+dfsg2-2build1) over (1.5.5+dfsg2-1ubuntu2) ...
Setting up libzstd1:amd64 (1.5.5+dfsg2-2build1) ...
(Reading database ... 13653 files and directories currently installed.)
Preparing to unpack .../libkmod2_31+20240202-2ubuntu7_amd64.deb ...
Unpacking libkmod2:amd64 (31+20240202-2ubuntu7) over (30+20230519-1ubuntu3) ...
Preparing to unpack .../liblz4-1_1.9.4-1build1_amd64.deb ...
Unpacking liblz4-1:amd64 (1.9.4-1build1) over (1.9.4-1) ...
Setting up liblz4-1:amd64 (1.9.4-1build1) ...
(Reading database ... 13653 files and directories currently installed.)
Preparing to unpack .../libpcre2-8-0_10.42-4ubuntu2_amd64.deb ...
Unpacking libpcre2-8-0:amd64 (10.42-4ubuntu2) over (10.42-4) ...
Setting up libpcre2-8-0:amd64 (10.42-4ubuntu2) ...
(Reading database ... 13653 files and directories currently installed.)
Preparing to unpack .../libselinux1_3.5-2ubuntu2_amd64.deb ...
Unpacking libselinux1:amd64 (3.5-2ubuntu2) over (3.5-1) ...
Setting up libselinux1:amd64 (3.5-2ubuntu2) ...
(Reading database ... 13654 files and directories currently installed.)
Preparing to unpack .../libmount1_2.39.3-9ubuntu6_amd64.deb ...
Unpacking libmount1:amd64 (2.39.3-9ubuntu6) over (2.39.1-4ubuntu2) ...
Setting up libmount1:amd64 (2.39.3-9ubuntu6) ...
(Reading database ... 13654 files and directories currently installed.)
Preparing to unpack .../perl_5.38.2-3.2build2_amd64.deb ...
Unpacking perl (5.38.2-3.2build2) over (5.36.0-9ubuntu1) ...
Selecting previously unselected package perl-modules-5.38.
Preparing to unpack .../perl-modules-5.38_5.38.2-3.2build2_all.deb ...
Unpacking perl-modules-5.38 (5.38.2-3.2build2) ...
dpkg: libdb5.3:amd64: dependency problems, but removing anyway as you requested:
 libperl5.36:amd64 depends on libdb5.3.
 libpam-modules:amd64 depends on libdb5.3.
 apt-utils depends on libdb5.3.

(Reading database ... 15066 files and directories currently installed.)
Removing libdb5.3:amd64 (5.3.28+dfsg2-2) ...
Selecting previously unselected package libdb5.3t64:amd64.
(Reading database ... 15060 files and directories currently installed.)
Preparing to unpack .../libdb5.3t64_5.3.28+dfsg2-7_amd64.deb ...
Unpacking libdb5.3t64:amd64 (5.3.28+dfsg2-7) ...
dpkg: libgdbm6:amd64: dependency problems, but removing anyway as you requested:
 libperl5.36:amd64 depends on libgdbm6 (>= 1.21).
 libgdbm-compat4:amd64 depends on libgdbm6 (>= 1.16).

(Reading database ... 15066 files and directories currently installed.)
Removing libgdbm6:amd64 (1.23-3) ...
Selecting previously unselected package libgdbm6t64:amd64.
(Reading database ... 15061 files and directories currently installed.)
Preparing to unpack .../libgdbm6t64_1.23-5.1build1_amd64.deb ...
Unpacking libgdbm6t64:amd64 (1.23-5.1build1) ...
dpkg: libgdbm-compat4:amd64: dependency problems, but removing anyway as you requested:
 libperl5.36:amd64 depends on libgdbm-compat4 (>= 1.18-3).

(Reading database ... 15067 files and directories currently installed.)
Removing libgdbm-compat4:amd64 (1.23-3) ...
Selecting previously unselected package libgdbm-compat4t64:amd64.
(Reading database ... 15062 files and directories currently installed.)
Preparing to unpack .../libgdbm-compat4t64_1.23-5.1build1_amd64.deb ...
Unpacking libgdbm-compat4t64:amd64 (1.23-5.1build1) ...
Selecting previously unselected package libperl5.38t64:amd64.
Preparing to unpack .../libperl5.38t64_5.38.2-3.2build2_amd64.deb ...
Unpacking libperl5.38t64:amd64 (5.38.2-3.2build2) ...
Preparing to unpack .../perl-base_5.38.2-3.2build2_amd64.deb ...
Unpacking perl-base (5.38.2-3.2build2) over (5.36.0-9ubuntu1) ...
Setting up perl-base (5.38.2-3.2build2) ...
(Reading database ... 15593 files and directories currently installed.)
Preparing to unpack .../0-liblocale-gettext-perl_1.07-6ubuntu5_amd64.deb ...
Unpacking liblocale-gettext-perl (1.07-6ubuntu5) over (1.07-6) ...
Preparing to unpack .../1-libtext-iconv-perl_1.7-8build3_amd64.deb ...
Unpacking libtext-iconv-perl:amd64 (1.7-8build3) over (1.7-8) ...
Preparing to unpack .../2-libtext-charwidth-perl_0.04-11build3_amd64.deb ...
Unpacking libtext-charwidth-perl:amd64 (0.04-11build3) over (0.04-11) ...
Preparing to unpack .../3-libnss-nisplus_1.3-5build1_amd64.deb ...
Unpacking libnss-nisplus:amd64 (1.3-5build1) over (1.3-0ubuntu6) ...
Preparing to unpack .../4-libnss-nis_3.1-0ubuntu7_amd64.deb ...
Unpacking libnss-nis:amd64 (3.1-0ubuntu7) over (3.1-0ubuntu6) ...
Preparing to unpack .../5-libc-dev-bin_2.39-0ubuntu8.1_amd64.deb ...
Unpacking libc-dev-bin (2.39-0ubuntu8.1) over (2.38-1ubuntu6) ...
Preparing to unpack .../6-rpcsvc-proto_1.4.2-0ubuntu7_amd64.deb ...
Unpacking rpcsvc-proto (1.4.2-0ubuntu7) over (1.4.2-0ubuntu6) ...
Preparing to unpack .../7-libc6-dev_2.39-0ubuntu8.1_amd64.deb ...
Unpacking libc6-dev:amd64 (2.39-0ubuntu8.1) over (2.38-1ubuntu6) ...
Preparing to unpack .../8-libc6_2.39-0ubuntu8.1_amd64.deb ...
Checking for services that may need to be restarted...
Checking init scripts...
Checking for services that may need to be restarted...
Checking init scripts...
Nothing to restart.
Unpacking libc6:amd64 (2.39-0ubuntu8.1) over (2.38-1ubuntu6) ...
Setting up libc6:amd64 (2.39-0ubuntu8.1) ...
Checking for services that may need to be restarted...
Checking init scripts...
Nothing to restart.
(Reading database ... 15601 files and directories currently installed.)
Preparing to unpack .../libc-bin_2.39-0ubuntu8.1_amd64.deb ...
Unpacking libc-bin (2.39-0ubuntu8.1) over (2.38-1ubuntu6) ...
Setting up libc-bin (2.39-0ubuntu8.1) ...
(Reading database ... 15601 files and directories currently installed.)
Preparing to unpack .../openssl_3.0.13-0ubuntu3.1_amd64.deb ...
Unpacking openssl (3.0.13-0ubuntu3.1) over (3.0.10-1ubuntu2) ...
Preparing to unpack .../libsystemd-shared_255.4-1ubuntu8_amd64.deb ...
Unpacking libsystemd-shared:amd64 (255.4-1ubuntu8) over (253.5-1ubuntu6) ...
Preparing to unpack .../libcryptsetup12_2%3a2.7.0-1ubuntu4_amd64.deb ...
Unpacking libcryptsetup12:amd64 (2:2.7.0-1ubuntu4) over (2:2.6.1-4ubuntu3) ...
dpkg: libssl3:amd64: dependency problems, but removing anyway as you requested:
 systemd depends on libssl3 (>= 3.0.0).

(Reading database ... 15600 files and directories currently installed.)
Removing libssl3:amd64 (3.0.10-1ubuntu2) ...
Selecting previously unselected package libssl3t64:amd64.
(Reading database ... 15589 files and directories currently installed.)
Preparing to unpack .../libssl3t64_3.0.13-0ubuntu3.1_amd64.deb ...
Unpacking libssl3t64:amd64 (3.0.13-0ubuntu3.1) ...
Setting up libssl3t64:amd64 (3.0.13-0ubuntu3.1) ...
(Reading database ... 15602 files and directories currently installed.)
Preparing to unpack .../systemd-dev_255.4-1ubuntu8_all.deb ...
Unpacking systemd-dev (255.4-1ubuntu8) over (253.5-1ubuntu6) ...
Preparing to unpack .../systemd-sysv_255.4-1ubuntu8_amd64.deb ...
Unpacking systemd-sysv (255.4-1ubuntu8) over (253.5-1ubuntu6) ...
Preparing to unpack .../systemd_255.4-1ubuntu8_amd64.deb ...
Unpacking systemd (255.4-1ubuntu8) over (253.5-1ubuntu6) ...
dpkg: warning: unable to delete old directory '/lib/systemd/system-preset': Directory not empty
dpkg: warning: unable to delete old directory '/lib/systemd/system-generators': Directory not empty
dpkg: warning: unable to delete old directory '/lib/systemd/system/user@0.service.d': Directory not empty
dpkg: warning: unable to delete old directory '/lib/systemd/system/user@.service.d': Directory not empty
dpkg: warning: unable to delete old directory '/lib/systemd/system/user-.slice.d': Directory not empty
dpkg: warning: unable to delete old directory '/lib/systemd/system/timers.target.wants': Directory not empty
dpkg: warning: unable to delete old directory '/lib/systemd/system/systemd-localed.service.d': Directory not empty
dpkg: warning: unable to delete old directory '/lib/systemd/system/sysinit.target.wants': Directory not empty
dpkg: warning: unable to delete old directory '/lib/systemd/system/sockets.target.wants': Directory not empty
dpkg: warning: unable to delete old directory '/lib/systemd/system/rescue.target.wants': Directory not empty
dpkg: warning: unable to delete old directory '/lib/systemd/system/rc-local.service.d': Directory not empty
dpkg: warning: unable to delete old directory '/lib/systemd/system/multi-user.target.wants': Directory not empty
dpkg: warning: unable to delete old directory '/lib/systemd/system/initrd.target.wants': Directory not empty
dpkg: warning: unable to delete old directory '/lib/systemd/system/initrd-root-fs.target.wants': Directory not empty
dpkg: warning: unable to delete old directory '/lib/systemd/system/initrd-root-device.target.wants': Directory not empty
dpkg: warning: unable to delete old directory '/lib/systemd/system/graphical.target.wants': Directory not empty
dpkg: warning: unable to delete old directory '/lib/systemd/system/getty.target.wants': Directory not empty
dpkg: warning: unable to delete old directory '/lib/systemd/network': Directory not empty
dpkg: warning: unable to delete old directory '/lib/systemd/journald.conf.d': Directory not empty
dpkg: warning: unable to delete old directory '/lib/modprobe.d': Directory not empty
Preparing to unpack .../libsystemd0_255.4-1ubuntu8_amd64.deb ...
Unpacking libsystemd0:amd64 (255.4-1ubuntu8) over (253.5-1ubuntu6) ...
Setting up libsystemd0:amd64 (255.4-1ubuntu8) ...
(Reading database ... 15764 files and directories currently installed.)
Preparing to unpack .../libpam-modules-bin_1.5.3-5ubuntu5_amd64.deb ...
Unpacking libpam-modules-bin (1.5.3-5ubuntu5) over (1.5.2-6ubuntu1) ...
Setting up libpam-modules-bin (1.5.3-5ubuntu5) ...
/usr/sbin/policy-rc.d returned 101, not running 'restart pam_namespace.service'
(Reading database ... 15763 files and directories currently installed.)
Preparing to unpack .../libpam-modules_1.5.3-5ubuntu5_amd64.deb ...
Unpacking libpam-modules:amd64 (1.5.3-5ubuntu5) over (1.5.2-6ubuntu1) ...
dpkg: warning: unable to delete old directory '/lib/x86_64-linux-gnu/security': Directory not empty
Setting up libpam-modules:amd64 (1.5.3-5ubuntu5) ...
Installing new version of config file /etc/security/namespace.init ...
dpkg: libhogweed6:amd64: dependency problems, but removing anyway as you requested:
 libgnutls30:amd64 depends on libhogweed6 (>= 3.6).

(Reading database ... 15760 files and directories currently installed.)
Removing libhogweed6:amd64 (3.9.1-2) ...
dpkg: libnettle8:amd64: dependency problems, but removing anyway as you requested:
 libgnutls30:amd64 depends on libnettle8 (>= 3.7~).

Removing libnettle8:amd64 (3.9.1-2) ...
Selecting previously unselected package libnettle8t64:amd64.
(Reading database ... 15748 files and directories currently installed.)
Preparing to unpack .../libnettle8t64_3.9.1-2.2build1_amd64.deb ...
Unpacking libnettle8t64:amd64 (3.9.1-2.2build1) ...
Setting up libnettle8t64:amd64 (3.9.1-2.2build1) ...
Selecting previously unselected package libhogweed6t64:amd64.
(Reading database ... 15756 files and directories currently installed.)
Preparing to unpack .../libhogweed6t64_3.9.1-2.2build1_amd64.deb ...
Unpacking libhogweed6t64:amd64 (3.9.1-2.2build1) ...
Setting up libhogweed6t64:amd64 (3.9.1-2.2build1) ...
(Reading database ... 15762 files and directories currently installed.)
Preparing to unpack .../libp11-kit0_0.25.3-4ubuntu2_amd64.deb ...
Unpacking libp11-kit0:amd64 (0.25.3-4ubuntu2) over (0.25.0-4ubuntu1) ...
Setting up libp11-kit0:amd64 (0.25.3-4ubuntu2) ...
Selecting previously unselected package libunistring5:amd64.
(Reading database ... 15762 files and directories currently installed.)
Preparing to unpack .../libunistring5_1.1-2build1_amd64.deb ...
Unpacking libunistring5:amd64 (1.1-2build1) ...
Setting up libunistring5:amd64 (1.1-2build1) ...
dpkg: libgnutls30:amd64: dependency problems, but removing anyway as you requested:
 apt depends on libgnutls30 (>= 3.7.5).

(Reading database ... 15767 files and directories currently installed.)
Removing libgnutls30:amd64 (3.8.1-4ubuntu1) ...
Selecting previously unselected package libgnutls30t64:amd64.
(Reading database ... 15757 files and directories currently installed.)
Preparing to unpack .../libgnutls30t64_3.8.3-1.1ubuntu3.1_amd64.deb ...
Unpacking libgnutls30t64:amd64 (3.8.3-1.1ubuntu3.1) ...
Setting up libgnutls30t64:amd64 (3.8.3-1.1ubuntu3.1) ...
dpkg: libapt-pkg6.0:amd64: dependency problems, but removing anyway as you requested:
 apt-utils depends on libapt-pkg6.0 (>= 2.7.3).
 apt depends on libapt-pkg6.0 (>= 2.7.3).

(Reading database ... 15769 files and directories currently installed.)
Removing libapt-pkg6.0:amd64 (2.7.3) ...
Selecting previously unselected package libapt-pkg6.0t64:amd64.
(Reading database ... 15720 files and directories currently installed.)
Preparing to unpack .../libapt-pkg6.0t64_2.7.14build2_amd64.deb ...
Unpacking libapt-pkg6.0t64:amd64 (2.7.14build2) ...
Setting up libapt-pkg6.0t64:amd64 (2.7.14build2) ...
(Reading database ... 15770 files and directories currently installed.)
Preparing to unpack .../bzip2_1.0.8-5.1_amd64.deb ...
Unpacking bzip2 (1.0.8-5.1) over (1.0.8-5build1) ...
dpkg: warning: old file '/bin/bzip2' is the same as several new files! (both '/usr/bin/bunzip2' and '/usr/bin/bzcat')
dpkg: warning: old file '/bin/bzip2' is the same as several new files! (both '/usr/bin/bzcat' and '/usr/bin/bzip2')
dpkg: warning: old file '/bin/bzcat' is the same as several new files! (both '/usr/bin/bunzip2' and '/usr/bin/bzcat')
dpkg: warning: old file '/bin/bzcat' is the same as several new files! (both '/usr/bin/bzcat' and '/usr/bin/bzip2')
dpkg: warning: old file '/bin/bunzip2' is the same as several new files! (both '/usr/bin/bunzip2' and '/usr/bin/bzcat')
dpkg: warning: old file '/bin/bunzip2' is the same as several new files! (both '/usr/bin/bzcat' and '/usr/bin/bzip2')
Preparing to unpack .../libbz2-1.0_1.0.8-5.1_amd64.deb ...
Unpacking libbz2-1.0:amd64 (1.0.8-5.1) over (1.0.8-5build1) ...
Setting up libbz2-1.0:amd64 (1.0.8-5.1) ...
Selecting previously unselected package gcc-14-base:amd64.
(Reading database ... 15770 files and directories currently installed.)
Preparing to unpack .../gcc-14-base_14-20240412-0ubuntu1_amd64.deb ...
Unpacking gcc-14-base:amd64 (14-20240412-0ubuntu1) ...
Setting up gcc-14-base:amd64 (14-20240412-0ubuntu1) ...
(Reading database ... 15775 files and directories currently installed.)
Preparing to unpack .../libgcc-s1_14-20240412-0ubuntu1_amd64.deb ...
Unpacking libgcc-s1:amd64 (14-20240412-0ubuntu1) over (13.2.0-4ubuntu3) ...
Setting up libgcc-s1:amd64 (14-20240412-0ubuntu1) ...
(Reading database ... 15775 files and directories currently installed.)
Preparing to unpack .../libstdc++6_14-20240412-0ubuntu1_amd64.deb ...
Unpacking libstdc++6:amd64 (14-20240412-0ubuntu1) over (13.2.0-4ubuntu3) ...
Setting up libstdc++6:amd64 (14-20240412-0ubuntu1) ...
(Reading database ... 15775 files and directories currently installed.)
Preparing to unpack .../libudev1_255.4-1ubuntu8_amd64.deb ...
Unpacking libudev1:amd64 (255.4-1ubuntu8) over (253.5-1ubuntu6) ...
Setting up libudev1:amd64 (255.4-1ubuntu8) ...
(Reading database ... 15775 files and directories currently installed.)
Preparing to unpack .../libxxhash0_0.8.2-2build1_amd64.deb ...
Unpacking libxxhash0:amd64 (0.8.2-2build1) over (0.8.1-1) ...
Setting up libxxhash0:amd64 (0.8.2-2build1) ...
(Reading database ... 15775 files and directories currently installed.)
Preparing to unpack .../zlib1g_1%3a1.3.dfsg-3.1ubuntu2_amd64.deb ...
Unpacking zlib1g:amd64 (1:1.3.dfsg-3.1ubuntu2) over (1:1.2.13.dfsg-1ubuntu5) ...
Setting up zlib1g:amd64 (1:1.3.dfsg-3.1ubuntu2) ...
(Reading database ... 15775 files and directories currently installed.)
Preparing to unpack .../libgmp10_2%3a6.3.0+dfsg-2ubuntu6_amd64.deb ...
Unpacking libgmp10:amd64 (2:6.3.0+dfsg-2ubuntu6) over (2:6.3.0+dfsg-2ubuntu4) ...
Setting up libgmp10:amd64 (2:6.3.0+dfsg-2ubuntu6) ...
(Reading database ... 15775 files and directories currently installed.)
Preparing to unpack .../libffi8_3.4.6-1build1_amd64.deb ...
Unpacking libffi8:amd64 (3.4.6-1build1) over (3.4.4-1) ...
Setting up libffi8:amd64 (3.4.6-1build1) ...
(Reading database ... 15775 files and directories currently installed.)
Preparing to unpack .../libidn2-0_2.3.7-2build1_amd64.deb ...
Unpacking libidn2-0:amd64 (2.3.7-2build1) over (2.3.4-1) ...
Setting up libidn2-0:amd64 (2.3.7-2build1) ...
(Reading database ... 15775 files and directories currently installed.)
Preparing to unpack .../libtasn1-6_4.19.0-3build1_amd64.deb ...
Unpacking libtasn1-6:amd64 (4.19.0-3build1) over (4.19.0-3) ...
Setting up libtasn1-6:amd64 (4.19.0-3build1) ...
(Reading database ... 15775 files and directories currently installed.)
Preparing to unpack .../libdebconfclient0_0.271ubuntu3_amd64.deb ...
Unpacking libdebconfclient0:amd64 (0.271ubuntu3) over (0.270ubuntu1) ...
Setting up libdebconfclient0:amd64 (0.271ubuntu3) ...
(Reading database ... 15775 files and directories currently installed.)
Preparing to unpack .../base-passwd_3.6.3build1_amd64.deb ...
Unpacking base-passwd (3.6.3build1) over (3.6.1) ...
Setting up base-passwd (3.6.3build1) ...
(Reading database ... 15775 files and directories currently installed.)
Preparing to unpack .../libassuan0_2.5.6-1build1_amd64.deb ...
Unpacking libassuan0:amd64 (2.5.6-1build1) over (2.5.6-1) ...
Setting up libassuan0:amd64 (2.5.6-1build1) ...
(Reading database ... 15775 files and directories currently installed.)
Preparing to unpack .../libsqlite3-0_3.45.1-1ubuntu2_amd64.deb ...
Unpacking libsqlite3-0:amd64 (3.45.1-1ubuntu2) over (3.42.0-1) ...
Preparing to unpack .../gpg_2.4.4-2ubuntu17_amd64.deb ...
Unpacking gpg (2.4.4-2ubuntu17) over (2.2.40-1.1ubuntu1) ...
dpkg: libreadline8:amd64: dependency problems, but removing anyway as you requested:
 gpgconf depends on libreadline8 (>= 6.0).

(Reading database ... 15775 files and directories currently installed.)
Removing libreadline8:amd64 (8.2-1.3) ...
Selecting previously unselected package libreadline8t64:amd64.
(Reading database ... 15763 files and directories currently installed.)
Preparing to unpack .../libreadline8t64_8.2-4build1_amd64.deb ...
Adding 'diversion of /lib/x86_64-linux-gnu/libhistory.so.8 to /lib/x86_64-linux-gnu/libhistory.so.8.usr-is-merged by libreadline8t64'
Adding 'diversion of /lib/x86_64-linux-gnu/libhistory.so.8.2 to /lib/x86_64-linux-gnu/libhistory.so.8.2.usr-is-merged by libreadline8t64'
Adding 'diversion of /lib/x86_64-linux-gnu/libreadline.so.8 to /lib/x86_64-linux-gnu/libreadline.so.8.usr-is-merged by libreadline8t64'
Adding 'diversion of /lib/x86_64-linux-gnu/libreadline.so.8.2 to /lib/x86_64-linux-gnu/libreadline.so.8.2.usr-is-merged by libreadline8t64'
Unpacking libreadline8t64:amd64 (8.2-4build1) ...
Preparing to unpack .../readline-common_8.2-4build1_all.deb ...
Unpacking readline-common (8.2-4build1) over (8.2-1.3) ...
Preparing to unpack .../libncursesw6_6.4+20240113-1ubuntu2_amd64.deb ...
Unpacking libncursesw6:amd64 (6.4+20240113-1ubuntu2) over (6.4+20230625-2) ...
Preparing to unpack .../libtinfo6_6.4+20240113-1ubuntu2_amd64.deb ...
Unpacking libtinfo6:amd64 (6.4+20240113-1ubuntu2) over (6.4+20230625-2) ...
Setting up libtinfo6:amd64 (6.4+20240113-1ubuntu2) ...
(Reading database ... 15783 files and directories currently installed.)
Preparing to unpack .../gpg-agent_2.4.4-2ubuntu17_amd64.deb ...
Unpacking gpg-agent (2.4.4-2ubuntu17) over (2.2.40-1.1ubuntu1) ...
Preparing to unpack .../gpgconf_2.4.4-2ubuntu17_amd64.deb ...
Unpacking gpgconf (2.4.4-2ubuntu17) over (2.2.40-1.1ubuntu1) ...
Preparing to unpack .../pinentry-curses_1.2.1-3ubuntu5_amd64.deb ...
Unpacking pinentry-curses (1.2.1-3ubuntu5) over (1.2.1-1ubuntu1) ...
Preparing to unpack .../init-system-helpers_1.66ubuntu1_all.deb ...
Unpacking init-system-helpers (1.66ubuntu1) over (1.65.2ubuntu1) ...
Setting up init-system-helpers (1.66ubuntu1) ...
(Reading database ... 15782 files and directories currently installed.)
Removing libnpth0:amd64 (1.6-3build2) ...
Selecting previously unselected package libnpth0t64:amd64.
(Reading database ... 15777 files and directories currently installed.)
Preparing to unpack .../libnpth0t64_1.6-3.1build1_amd64.deb ...
Unpacking libnpth0t64:amd64 (1.6-3.1build1) ...
Setting up libnpth0t64:amd64 (1.6-3.1build1) ...
(Reading database ... 15783 files and directories currently installed.)
Preparing to unpack .../gpgv_2.4.4-2ubuntu17_amd64.deb ...
Unpacking gpgv (2.4.4-2ubuntu17) over (2.2.40-1.1ubuntu1) ...
Setting up gpgv (2.4.4-2ubuntu17) ...
(Reading database ... 15783 files and directories currently installed.)
Preparing to unpack .../ubuntu-keyring_2023.11.28.1_all.deb ...
Unpacking ubuntu-keyring (2023.11.28.1) over (2021.03.26) ...
Setting up ubuntu-keyring (2023.11.28.1) ...
(Reading database ... 15783 files and directories currently installed.)
Preparing to unpack .../libseccomp2_2.5.5-1ubuntu3_amd64.deb ...
Unpacking libseccomp2:amd64 (2.5.5-1ubuntu3) over (2.5.4-1ubuntu3) ...
Setting up libseccomp2:amd64 (2.5.5-1ubuntu3) ...
(Reading database ... 15783 files and directories currently installed.)
Preparing to unpack .../apt-utils_2.7.14build2_amd64.deb ...
Unpacking apt-utils (2.7.14build2) over (2.7.3) ...
Preparing to unpack .../apt_2.7.14build2_amd64.deb ...
Unpacking apt (2.7.14build2) over (2.7.3) ...
Setting up apt (2.7.14build2) ...
/usr/sbin/policy-rc.d returned 101, not running 'restart apt-daily-upgrade.timer apt-daily.timer'
(Reading database ... 15783 files and directories currently installed.)
Preparing to unpack .../debconf-i18n_1.5.86ubuntu1_all.deb ...
Unpacking debconf-i18n (1.5.86ubuntu1) over (1.5.82) ...
Preparing to unpack .../debconf_1.5.86ubuntu1_all.deb ...
Unpacking debconf (1.5.86ubuntu1) over (1.5.82) ...
Setting up debconf (1.5.86ubuntu1) ...
Installing new version of config file /etc/debconf.conf ...
(Reading database ... 15782 files and directories currently installed.)
Preparing to unpack .../libpam0g_1.5.3-5ubuntu5_amd64.deb ...
Unpacking libpam0g:amd64 (1.5.3-5ubuntu5) over (1.5.2-6ubuntu1) ...
Setting up libpam0g:amd64 (1.5.3-5ubuntu5) ...
(Reading database ... 15781 files and directories currently installed.)
Preparing to unpack .../libargon2-1_0~20190702+dfsg-4build1_amd64.deb ...
Unpacking libargon2-1:amd64 (0~20190702+dfsg-4build1) over (0~20190702+dfsg-3) ...
Preparing to unpack .../libdevmapper1.02.1_2%3a1.02.185-3ubuntu3_amd64.deb ...
Unpacking libdevmapper1.02.1:amd64 (2:1.02.185-3ubuntu3) over (2:1.02.185-2ubuntu1) ...
Preparing to unpack .../libjson-c5_0.17-1build1_amd64.deb ...
Unpacking libjson-c5:amd64 (0.17-1build1) over (0.17-1) ...
Preparing to unpack .../libuuid1_2.39.3-9ubuntu6_amd64.deb ...
Unpacking libuuid1:amd64 (2.39.3-9ubuntu6) over (2.39.1-4ubuntu2) ...
Setting up libuuid1:amd64 (2.39.3-9ubuntu6) ...
(Reading database ... 15781 files and directories currently installed.)
Preparing to unpack .../0-libfdisk1_2.39.3-9ubuntu6_amd64.deb ...
Unpacking libfdisk1:amd64 (2.39.3-9ubuntu6) over (2.39.1-4ubuntu2) ...
Preparing to unpack .../1-mount_2.39.3-9ubuntu6_amd64.deb ...
Unpacking mount (2.39.3-9ubuntu6) over (2.39.1-4ubuntu2) ...
Preparing to unpack .../2-libcom-err2_1.47.0-2.4~exp1ubuntu4_amd64.deb ...
Unpacking libcom-err2:amd64 (1.47.0-2.4~exp1ubuntu4) over (1.47.0-2ubuntu1) ...
Preparing to unpack .../3-libkeyutils1_1.6.3-3build1_amd64.deb ...
Unpacking libkeyutils1:amd64 (1.6.3-3build1) over (1.6.3-2) ...
Preparing to unpack .../4-linux-libc-dev_6.8.0-31.31_amd64.deb ...
Unpacking linux-libc-dev:amd64 (6.8.0-31.31) over (6.5.0-9.9) ...
Preparing to unpack .../5-base-files_13ubuntu10_amd64.deb ...
Unpacking base-files (13ubuntu10) over (13ubuntu3) ...
Setting up base-files (13ubuntu10) ...
Installing new version of config file /etc/issue ...
Installing new version of config file /etc/issue.net ...
Installing new version of config file /etc/lsb-release ...
Installing new version of config file /etc/update-motd.d/10-help-text ...
/usr/sbin/policy-rc.d returned 101, not running 'restart motd-news.timer'
/usr/sbin/policy-rc.d returned 101, not running 'restart motd-news.service'
(Reading database ... 15798 files and directories currently installed.)
Preparing to unpack .../debianutils_5.17build1_amd64.deb ...
Unpacking debianutils (5.17build1) over (5.8-1) ...
Setting up debianutils (5.17build1) ...
(Reading database ... 15797 files and directories currently installed.)
Preparing to unpack .../bash_5.2.21-2ubuntu4_amd64.deb ...
Unpacking bash (5.2.21-2ubuntu4) over (5.2.15-2ubuntu1) ...
Setting up bash (5.2.21-2ubuntu4) ...
update-alternatives: using /usr/share/man/man7/bash-builtins.7.gz to provide /usr/share/man/man7/builtins.7.gz (builtins.7.gz) in auto mode
(Reading database ... 15797 files and directories currently installed.)
Preparing to unpack .../bsdutils_1%3a2.39.3-9ubuntu6_amd64.deb ...
Unpacking bsdutils (1:2.39.3-9ubuntu6) over (1:2.39.1-4ubuntu2) ...
Setting up bsdutils (1:2.39.3-9ubuntu6) ...
(Reading database ... 15797 files and directories currently installed.)
Removing usrmerge (35ubuntu1) ...
(Reading database ... 15771 files and directories currently installed.)
Preparing to unpack .../coreutils_9.4-3ubuntu6_amd64.deb ...
Unpacking coreutils (9.4-3ubuntu6) over (9.1-1ubuntu2) ...
Setting up coreutils (9.4-3ubuntu6) ...
(Reading database ... 15776 files and directories currently installed.)
Preparing to unpack .../tar_1.35+dfsg-3build1_amd64.deb ...
Unpacking tar (1.35+dfsg-3build1) over (1.34+dfsg-1.2ubuntu1) ...
Setting up tar (1.35+dfsg-3build1) ...
(Reading database ... 15776 files and directories currently installed.)
Preparing to unpack .../dpkg_1.22.6ubuntu6_amd64.deb ...
Unpacking dpkg (1.22.6ubuntu6) over (1.22.0ubuntu1) ...
Setting up dpkg (1.22.6ubuntu6) ...
(Reading database ... 15774 files and directories currently installed.)
Preparing to unpack .../dash_0.5.12-6ubuntu5_amd64.deb ...
Unpacking dash (0.5.12-6ubuntu5) over (0.5.12-6ubuntu1) ...
Setting up dash (0.5.12-6ubuntu5) ...
(Reading database ... 15773 files and directories currently installed.)
Preparing to unpack .../diffutils_1%3a3.10-1build1_amd64.deb ...
Unpacking diffutils (1:3.10-1build1) over (1:3.8-4) ...
Setting up diffutils (1:3.10-1build1) ...
(Reading database ... 15773 files and directories currently installed.)
Preparing to unpack .../findutils_4.9.0-5build1_amd64.deb ...
Unpacking findutils (4.9.0-5build1) over (4.9.0-5) ...
Setting up findutils (4.9.0-5build1) ...
(Reading database ... 15772 files and directories currently installed.)
Preparing to unpack .../grep_3.11-4build1_amd64.deb ...
Unpacking grep (3.11-4build1) over (3.11-2) ...
Setting up grep (3.11-4build1) ...
(Reading database ... 15772 files and directories currently installed.)
Preparing to unpack .../gzip_1.12-1ubuntu3_amd64.deb ...
Unpacking gzip (1.12-1ubuntu3) over (1.12-1ubuntu1) ...
dpkg: warning: old file '/bin/uncompress' is the same as several new files! (both '/usr/bin/gunzip' and '/usr/bin/uncompress')
dpkg: warning: old file '/bin/gunzip' is the same as several new files! (both '/usr/bin/gunzip' and '/usr/bin/uncompress')
Setting up gzip (1.12-1ubuntu3) ...
(Reading database ... 15772 files and directories currently installed.)
Preparing to unpack .../hostname_3.23+nmu2ubuntu2_amd64.deb ...
Unpacking hostname (3.23+nmu2ubuntu2) over (3.23+nmu1ubuntu1) ...
Setting up hostname (3.23+nmu2ubuntu2) ...
(Reading database ... 15772 files and directories currently installed.)
Preparing to unpack .../login_1%3a4.13+dfsg1-4ubuntu3_amd64.deb ...
Unpacking login (1:4.13+dfsg1-4ubuntu3) over (1:4.13+dfsg1-1ubuntu1) ...
Setting up login (1:4.13+dfsg1-4ubuntu3) ...
Installing new version of config file /etc/login.defs ...
Installing new version of config file /etc/pam.d/login ...
(Reading database ... 15772 files and directories currently installed.)
Preparing to unpack .../ncurses-bin_6.4+20240113-1ubuntu2_amd64.deb ...
Unpacking ncurses-bin (6.4+20240113-1ubuntu2) over (6.4+20230625-2) ...
Setting up ncurses-bin (6.4+20240113-1ubuntu2) ...
(Reading database ... 15772 files and directories currently installed.)
Preparing to unpack .../sed_4.9-2build1_amd64.deb ...
Unpacking sed (4.9-2build1) over (4.9-1) ...
Setting up sed (4.9-2build1) ...
(Reading database ... 15772 files and directories currently installed.)
Preparing to unpack .../util-linux_2.39.3-9ubuntu6_amd64.deb ...
Unpacking util-linux (2.39.3-9ubuntu6) over (2.39.1-4ubuntu2) ...
Setting up util-linux (2.39.3-9ubuntu6) ...
/usr/sbin/policy-rc.d returned 101, not running 'restart fstrim.timer'
/usr/sbin/policy-rc.d returned 101, not running 'restart fstrim.service'
(Reading database ... 15774 files and directories currently installed.)
Preparing to unpack .../ncurses-base_6.4+20240113-1ubuntu2_all.deb ...
Unpacking ncurses-base (6.4+20240113-1ubuntu2) over (6.4+20230625-2) ...
Setting up ncurses-base (6.4+20240113-1ubuntu2) ...
(Reading database ... 15774 files and directories currently installed.)
Preparing to unpack .../sysvinit-utils_3.08-6ubuntu3_amd64.deb ...
Unpacking sysvinit-utils (3.08-6ubuntu3) over (3.07-1ubuntu1) ...
dpkg: warning: unable to delete old directory '/lib/lsb/init-functions.d': Directory not empty
dpkg: warning: unable to delete old directory '/lib/lsb': Directory not empty
dpkg: warning: unable to delete old directory '/lib/init': Directory not empty
Setting up sysvinit-utils (3.08-6ubuntu3) ...
(Reading database ... 15772 files and directories currently installed.)
Preparing to unpack .../logsave_1.47.0-2.4~exp1ubuntu4_amd64.deb ...
Unpacking logsave (1.47.0-2.4~exp1ubuntu4) over (1.47.0-2ubuntu1) ...
dpkg: libext2fs2:amd64: dependency problems, but removing anyway as you requested:
 e2fsprogs depends on libext2fs2 (= 1.47.0-2ubuntu1).

(Reading database ... 15772 files and directories currently installed.)
Removing libext2fs2:amd64 (1.47.0-2ubuntu1) ...
Selecting previously unselected package libext2fs2t64:amd64.
(Reading database ... 15765 files and directories currently installed.)
Preparing to unpack .../libext2fs2t64_1.47.0-2.4~exp1ubuntu4_amd64.deb ...
Adding 'diversion of /lib/x86_64-linux-gnu/libe2p.so.2 to /lib/x86_64-linux-gnu/libe2p.so.2.usr-is-merged by libext2fs2t64'
Adding 'diversion of /lib/x86_64-linux-gnu/libe2p.so.2.3 to /lib/x86_64-linux-gnu/libe2p.so.2.3.usr-is-merged by libext2fs2t64'
Adding 'diversion of /lib/x86_64-linux-gnu/libext2fs.so.2 to /lib/x86_64-linux-gnu/libext2fs.so.2.usr-is-merged by libext2fs2t64'
Adding 'diversion of /lib/x86_64-linux-gnu/libext2fs.so.2.4 to /lib/x86_64-linux-gnu/libext2fs.so.2.4.usr-is-merged by libext2fs2t64'
Unpacking libext2fs2t64:amd64 (1.47.0-2.4~exp1ubuntu4) ...
Setting up libcom-err2:amd64 (1.47.0-2.4~exp1ubuntu4) ...
Setting up libext2fs2t64:amd64 (1.47.0-2.4~exp1ubuntu4) ...
(Reading database ... 15781 files and directories currently installed.)
Preparing to unpack .../e2fsprogs_1.47.0-2.4~exp1ubuntu4_amd64.deb ...
Unpacking e2fsprogs (1.47.0-2.4~exp1ubuntu4) over (1.47.0-2ubuntu1) ...
dpkg: warning: unable to delete old directory '/lib/udev/rules.d': Directory not empty
dpkg: warning: unable to delete old directory '/lib/udev': Directory not empty
Preparing to unpack .../optipng_0.7.8+ds-1build2_amd64.deb ...
Unpacking optipng (0.7.8+ds-1build2) over (0.7.7-2build1) ...
(Reading database ... 15779 files and directories currently installed.)
Removing libpng16-16:amd64 (1.6.40-1) ...
Selecting previously unselected package libpng16-16t64:amd64.
(Reading database ... 15769 files and directories currently installed.)
Preparing to unpack .../libpng16-16t64_1.6.43-5build1_amd64.deb ...
Unpacking libpng16-16t64:amd64 (1.6.43-5build1) ...
Setting up libapparmor1:amd64 (4.0.0-beta3-0ubuntu3) ...
Setting up libargon2-1:amd64 (0~20190702+dfsg-4build1) ...
Setting up libdevmapper1.02.1:amd64 (2:1.02.185-3ubuntu3) ...
Setting up libjson-c5:amd64 (0.17-1build1) ...
Setting up libcryptsetup12:amd64 (2:2.7.0-1ubuntu4) ...
Setting up libfdisk1:amd64 (2.39.3-9ubuntu6) ...
Setting up libkmod2:amd64 (31+20240202-2ubuntu7) ...
Setting up libsystemd-shared:amd64 (255.4-1ubuntu8) ...
Setting up systemd-dev (255.4-1ubuntu8) ...
Setting up mount (2.39.3-9ubuntu6) ...
Setting up systemd (255.4-1ubuntu8) ...
Installing new version of config file /etc/systemd/journald.conf ...
Installing new version of config file /etc/systemd/logind.conf ...
Installing new version of config file /etc/systemd/networkd.conf ...
Installing new version of config file /etc/systemd/pstore.conf ...
Installing new version of config file /etc/systemd/sleep.conf ...
Installing new version of config file /etc/systemd/system.conf ...
Installing new version of config file /etc/systemd/user.conf ...
Setting up systemd-sysv (255.4-1ubuntu8) ...
(Reading database ... 15780 files and directories currently installed.)
Preparing to unpack .../init_1.66ubuntu1_amd64.deb ...
Unpacking init (1.66ubuntu1) over (1.65.2ubuntu1) ...
Preparing to unpack .../libsmartcols1_2.39.3-9ubuntu6_amd64.deb ...
Unpacking libsmartcols1:amd64 (2.39.3-9ubuntu6) over (2.39.1-4ubuntu2) ...
Setting up libsmartcols1:amd64 (2.39.3-9ubuntu6) ...
(Reading database ... 15781 files and directories currently installed.)
Preparing to unpack .../uuid-runtime_2.39.3-9ubuntu6_amd64.deb ...
Unpacking uuid-runtime (2.39.3-9ubuntu6) over (2.39.1-4ubuntu2) ...
dpkg: warning: unable to delete old directory '/lib/systemd/system': Directory not empty
dpkg: warning: unable to delete old directory '/lib/systemd': Directory not empty
Preparing to unpack .../libattr1_1%3a2.5.2-1build1_amd64.deb ...
Unpacking libattr1:amd64 (1:2.5.2-1build1) over (1:2.5.1-4) ...
Setting up libattr1:amd64 (1:2.5.2-1build1) ...
(Reading database ... 15779 files and directories currently installed.)
Preparing to unpack .../libmd0_1.1.0-2build1_amd64.deb ...
Unpacking libmd0:amd64 (1.1.0-2build1) over (1.1.0-1) ...
Setting up libmd0:amd64 (1.1.0-2build1) ...
(Reading database ... 15779 files and directories currently installed.)
Preparing to unpack .../libpam-runtime_1.5.3-5ubuntu5_all.deb ...
Unpacking libpam-runtime (1.5.3-5ubuntu5) over (1.5.2-6ubuntu1) ...
Setting up libpam-runtime (1.5.3-5ubuntu5) ...
(Reading database ... 15778 files and directories currently installed.)
Preparing to unpack .../libsemanage-common_3.5-1build5_all.deb ...
Unpacking libsemanage-common (3.5-1build5) over (3.5-1) ...
Setting up libsemanage-common (3.5-1build5) ...
(Reading database ... 15778 files and directories currently installed.)
Preparing to unpack .../libsepol2_3.5-2build1_amd64.deb ...
Unpacking libsepol2:amd64 (3.5-2build1) over (3.5-1) ...
Setting up libsepol2:amd64 (3.5-2build1) ...
(Reading database ... 15778 files and directories currently installed.)
Preparing to unpack .../libsemanage2_3.5-1build5_amd64.deb ...
Unpacking libsemanage2:amd64 (3.5-1build5) over (3.5-1) ...
Setting up libsemanage2:amd64 (3.5-1build5) ...
(Reading database ... 15778 files and directories currently installed.)
Preparing to unpack .../passwd_1%3a4.13+dfsg1-4ubuntu3_amd64.deb ...
Unpacking passwd (1:4.13+dfsg1-4ubuntu3) over (1:4.13+dfsg1-1ubuntu1) ...
Setting up passwd (1:4.13+dfsg1-4ubuntu3) ...
(Reading database ... 15778 files and directories currently installed.)
Preparing to unpack .../00-libproc2-0_2%3a4.0.4-4ubuntu3_amd64.deb ...
Unpacking libproc2-0:amd64 (2:4.0.4-4ubuntu3) over (2:4.0.3-1ubuntu1) ...
Preparing to unpack .../01-libss2_1.47.0-2.4~exp1ubuntu4_amd64.deb ...
Unpacking libss2:amd64 (1.47.0-2.4~exp1ubuntu4) over (1.47.0-2ubuntu1) ...
Preparing to unpack .../02-mawk_1.3.4.20240123-1build1_amd64.deb ...
Unpacking mawk (1.3.4.20240123-1build1) over (1.3.4.20230730-1) ...
Preparing to unpack .../03-procps_2%3a4.0.4-4ubuntu3_amd64.deb ...
Unpacking procps (2:4.0.4-4ubuntu3) over (2:4.0.3-1ubuntu1) ...
Preparing to unpack .../04-sensible-utils_0.0.22_all.deb ...
Unpacking sensible-utils (0.0.22) over (0.0.20) ...
Preparing to unpack .../05-ca-certificates_20240203_all.deb ...
Unpacking ca-certificates (20240203) over (20230311ubuntu1) ...
Preparing to unpack .../06-krb5-locales_1.20.1-6ubuntu2_all.deb ...
Unpacking krb5-locales (1.20.1-6ubuntu2) over (1.20.1-3ubuntu1) ...
Preparing to unpack .../07-tzdata_2024a-2ubuntu1_all.deb ...
Unpacking tzdata (2024a-2ubuntu1) over (2023c-9ubuntu1) ...
Preparing to unpack .../08-bash-completion_1%3a2.11-8_all.deb ...
Unpacking bash-completion (1:2.11-8) over (1:2.11-7) ...
Preparing to unpack .../09-bsdextrautils_2.39.3-9ubuntu6_amd64.deb ...
Unpacking bsdextrautils (2.39.3-9ubuntu6) over (2.39.1-4ubuntu2) ...
Preparing to unpack .../10-libgpm2_1.20.7-11_amd64.deb ...
Unpacking libgpm2:amd64 (1.20.7-11) over (1.20.7-10build1) ...
Preparing to unpack .../11-libip4tc2_1.8.10-3ubuntu2_amd64.deb ...
Unpacking libip4tc2:amd64 (1.8.10-3ubuntu2) over (1.8.9-2ubuntu2) ...
Preparing to unpack .../12-libjansson4_2.14-2build2_amd64.deb ...
Unpacking libjansson4:amd64 (2.14-2build2) over (2.14-2) ...
Preparing to unpack .../13-psmisc_23.7-1build1_amd64.deb ...
Unpacking psmisc (23.7-1build1) over (23.6-1) ...
Preparing to unpack .../14-xz-utils_5.6.1+really5.4.5-1_amd64.deb ...
Unpacking xz-utils (5.6.1+really5.4.5-1) over (5.4.1-0.2) ...
Preparing to unpack .../15-advancecomp_2.5-1build1_amd64.deb ...
Unpacking advancecomp (2.5-1build1) over (2.5-1) ...
Preparing to unpack .../16-libgprofng0_2.42-4ubuntu2_amd64.deb ...
Unpacking libgprofng0:amd64 (2.42-4ubuntu2) over (2.41-5ubuntu1) ...
Preparing to unpack .../17-libctf0_2.42-4ubuntu2_amd64.deb ...
Unpacking libctf0:amd64 (2.42-4ubuntu2) over (2.41-5ubuntu1) ...
Preparing to unpack .../18-libctf-nobfd0_2.42-4ubuntu2_amd64.deb ...
Unpacking libctf-nobfd0:amd64 (2.42-4ubuntu2) over (2.41-5ubuntu1) ...
Preparing to unpack .../19-binutils-x86-64-linux-gnu_2.42-4ubuntu2_amd64.deb ...
Unpacking binutils-x86-64-linux-gnu (2.42-4ubuntu2) over (2.41-5ubuntu1) ...
Preparing to unpack .../20-libbinutils_2.42-4ubuntu2_amd64.deb ...
Unpacking libbinutils:amd64 (2.42-4ubuntu2) over (2.41-5ubuntu1) ...
Preparing to unpack .../21-binutils_2.42-4ubuntu2_amd64.deb ...
Unpacking binutils (2.42-4ubuntu2) over (2.41-5ubuntu1) ...
Preparing to unpack .../22-binutils-common_2.42-4ubuntu2_amd64.deb ...
Unpacking binutils-common:amd64 (2.42-4ubuntu2) over (2.41-5ubuntu1) ...
Preparing to unpack .../23-libsframe1_2.42-4ubuntu2_amd64.deb ...
Unpacking libsframe1:amd64 (2.42-4ubuntu2) over (2.41-5ubuntu1) ...
Preparing to unpack .../24-libubsan1_14-20240412-0ubuntu1_amd64.deb ...
Unpacking libubsan1:amd64 (14-20240412-0ubuntu1) over (13.2.0-4ubuntu3) ...
Preparing to unpack .../25-g++-13_13.2.0-23ubuntu4_amd64.deb ...
Unpacking g++-13 (13.2.0-23ubuntu4) over (13.2.0-4ubuntu3) ...
Preparing to unpack .../26-libstdc++-13-dev_13.2.0-23ubuntu4_amd64.deb ...
Unpacking libstdc++-13-dev:amd64 (13.2.0-23ubuntu4) over (13.2.0-4ubuntu3) ...
Preparing to unpack .../27-libgomp1_14-20240412-0ubuntu1_amd64.deb ...
Unpacking libgomp1:amd64 (14-20240412-0ubuntu1) over (13.2.0-4ubuntu3) ...
Preparing to unpack .../28-libitm1_14-20240412-0ubuntu1_amd64.deb ...
Unpacking libitm1:amd64 (14-20240412-0ubuntu1) over (13.2.0-4ubuntu3) ...
Preparing to unpack .../29-libatomic1_14-20240412-0ubuntu1_amd64.deb ...
Unpacking libatomic1:amd64 (14-20240412-0ubuntu1) over (13.2.0-4ubuntu3) ...
Preparing to unpack .../30-libasan8_14-20240412-0ubuntu1_amd64.deb ...
Unpacking libasan8:amd64 (14-20240412-0ubuntu1) over (13.2.0-4ubuntu3) ...
Preparing to unpack .../31-liblsan0_14-20240412-0ubuntu1_amd64.deb ...
Unpacking liblsan0:amd64 (14-20240412-0ubuntu1) over (13.2.0-4ubuntu3) ...
Preparing to unpack .../32-libhwasan0_14-20240412-0ubuntu1_amd64.deb ...
Unpacking libhwasan0:amd64 (14-20240412-0ubuntu1) over (13.2.0-4ubuntu3) ...
Preparing to unpack .../33-libquadmath0_14-20240412-0ubuntu1_amd64.deb ...
Unpacking libquadmath0:amd64 (14-20240412-0ubuntu1) over (13.2.0-4ubuntu3) ...
Preparing to unpack .../34-gcc-13_13.2.0-23ubuntu4_amd64.deb ...
Unpacking gcc-13 (13.2.0-23ubuntu4) over (13.2.0-4ubuntu3) ...
Preparing to unpack .../35-libgcc-13-dev_13.2.0-23ubuntu4_amd64.deb ...
Unpacking libgcc-13-dev:amd64 (13.2.0-23ubuntu4) over (13.2.0-4ubuntu3) ...
Preparing to unpack .../36-libtsan2_14-20240412-0ubuntu1_amd64.deb ...
Unpacking libtsan2:amd64 (14-20240412-0ubuntu1) over (13.2.0-4ubuntu3) ...
Preparing to unpack .../37-libcc1-0_14-20240412-0ubuntu1_amd64.deb ...
Unpacking libcc1-0:amd64 (14-20240412-0ubuntu1) over (13.2.0-4ubuntu3) ...
Preparing to unpack .../38-cpp-13_13.2.0-23ubuntu4_amd64.deb ...
Unpacking cpp-13 (13.2.0-23ubuntu4) over (13.2.0-4ubuntu3) ...
Preparing to unpack .../39-gcc-13-base_13.2.0-23ubuntu4_amd64.deb ...
Unpacking gcc-13-base:amd64 (13.2.0-23ubuntu4) over (13.2.0-4ubuntu3) ...
Preparing to unpack .../40-libisl23_0.26-3build1_amd64.deb ...
Unpacking libisl23:amd64 (0.26-3build1) over (0.26-3) ...
Preparing to unpack .../41-libmpfr6_4.2.1-1build1_amd64.deb ...
Unpacking libmpfr6:amd64 (4.2.1-1build1) over (4.2.1-1) ...
Preparing to unpack .../42-libmpc3_1.3.1-1build1_amd64.deb ...
Unpacking libmpc3:amd64 (1.3.1-1build1) over (1.3.1-1) ...
Selecting previously unselected package gcc-13-x86-64-linux-gnu.
Preparing to unpack .../43-gcc-13-x86-64-linux-gnu_13.2.0-23ubuntu4_amd64.deb ...
Unpacking gcc-13-x86-64-linux-gnu (13.2.0-23ubuntu4) ...
Selecting previously unselected package g++-13-x86-64-linux-gnu.
Preparing to unpack .../44-g++-13-x86-64-linux-gnu_13.2.0-23ubuntu4_amd64.deb ...
Unpacking g++-13-x86-64-linux-gnu (13.2.0-23ubuntu4) ...
Selecting previously unselected package cpp-13-x86-64-linux-gnu.
Preparing to unpack .../45-cpp-13-x86-64-linux-gnu_13.2.0-23ubuntu4_amd64.deb ...
Unpacking cpp-13-x86-64-linux-gnu (13.2.0-23ubuntu4) ...
Preparing to unpack .../46-g++_4%3a13.2.0-7ubuntu1_amd64.deb ...
Unpacking g++ (4:13.2.0-7ubuntu1) over (4:13.2.0-1ubuntu1) ...
Preparing to unpack .../47-gcc_4%3a13.2.0-7ubuntu1_amd64.deb ...
Unpacking gcc (4:13.2.0-7ubuntu1) over (4:13.2.0-1ubuntu1) ...
Preparing to unpack .../48-cpp_4%3a13.2.0-7ubuntu1_amd64.deb ...
Unpacking cpp (4:13.2.0-7ubuntu1) over (4:13.2.0-1ubuntu1) ...
Selecting previously unselected package cpp-x86-64-linux-gnu.
Preparing to unpack .../49-cpp-x86-64-linux-gnu_4%3a13.2.0-7ubuntu1_amd64.deb ...
Unpacking cpp-x86-64-linux-gnu (4:13.2.0-7ubuntu1) ...
Selecting previously unselected package gcc-x86-64-linux-gnu.
Preparing to unpack .../50-gcc-x86-64-linux-gnu_4%3a13.2.0-7ubuntu1_amd64.deb ...
Unpacking gcc-x86-64-linux-gnu (4:13.2.0-7ubuntu1) ...
Selecting previously unselected package g++-x86-64-linux-gnu.
Preparing to unpack .../51-g++-x86-64-linux-gnu_4%3a13.2.0-7ubuntu1_amd64.deb ...
Unpacking g++-x86-64-linux-gnu (4:13.2.0-7ubuntu1) ...
Preparing to unpack .../52-dpkg-dev_1.22.6ubuntu6_all.deb ...
Unpacking dpkg-dev (1.22.6ubuntu6) over (1.22.0ubuntu1) ...
Preparing to unpack .../53-libdpkg-perl_1.22.6ubuntu6_all.deb ...
Unpacking libdpkg-perl (1.22.6ubuntu6) over (1.22.0ubuntu1) ...
Preparing to unpack .../54-patch_2.7.6-7build3_amd64.deb ...
Unpacking patch (2.7.6-7build3) over (2.7.6-7build2) ...
Preparing to unpack .../55-make_4.3-4.1build2_amd64.deb ...
Unpacking make (4.3-4.1build2) over (4.3-4.1build1) ...
Preparing to unpack .../56-lto-disabled-list_47_all.deb ...
Unpacking lto-disabled-list (47) over (43) ...
Preparing to unpack .../57-libfakeroot_1.33-1_amd64.deb ...
Unpacking libfakeroot:amd64 (1.33-1) over (1.32.1-1) ...
Preparing to unpack .../58-fakeroot_1.33-1_amd64.deb ...
Unpacking fakeroot (1.33-1) over (1.32.1-1) ...
Preparing to unpack .../59-liblockfile-bin_1.17-1build3_amd64.deb ...
Unpacking liblockfile-bin (1.17-1build3) over (1.17-1build2) ...
Preparing to unpack .../60-liblockfile1_1.17-1build3_amd64.deb ...
Unpacking liblockfile1:amd64 (1.17-1build3) over (1.17-1build2) ...
Preparing to unpack .../61-lockfile-progs_0.1.19build2_amd64.deb ...
Unpacking lockfile-progs (0.1.19build2) over (0.1.19build1) ...
Setting up libip4tc2:amd64 (1.8.10-3ubuntu2) ...
Setting up libtext-iconv-perl:amd64 (1.7-8build3) ...
Setting up libtext-charwidth-perl:amd64 (0.04-11build3) ...
Setting up libkeyutils1:amd64 (1.6.3-3build1) ...
Setting up lto-disabled-list (47) ...
Setting up libgpm2:amd64 (1.20.7-11) ...
Setting up liblockfile-bin (1.17-1build3) ...
Setting up libgdbm6t64:amd64 (1.23-5.1build1) ...
Setting up bsdextrautils (2.39.3-9ubuntu6) ...
Setting up init (1.66ubuntu1) ...
Setting up libgdbm-compat4t64:amd64 (1.23-5.1build1) ...
Setting up psmisc (23.7-1build1) ...
Setting up libtirpc-common (1.3.4+ds-1.1build1) ...
Setting up libsqlite3-0:amd64 (3.45.1-1ubuntu2) ...
Setting up binutils-common:amd64 (2.42-4ubuntu2) ...
Installing new version of config file /etc/gprofng.rc ...
Setting up linux-libc-dev:amd64 (6.8.0-31.31) ...
Setting up libctf-nobfd0:amd64 (2.42-4ubuntu2) ...
Setting up krb5-locales (1.20.1-6ubuntu2) ...
Setting up libgomp1:amd64 (14-20240412-0ubuntu1) ...
Setting up bzip2 (1.0.8-5.1) ...
Setting up libsframe1:amd64 (2.42-4ubuntu2) ...
Setting up libfakeroot:amd64 (1.33-1) ...
Setting up libjansson4:amd64 (2.14-2build2) ...
Setting up libkrb5support0:amd64 (1.20.1-6ubuntu2) ...
Setting up tzdata (2024a-2ubuntu1) ...

Current default time zone: 'Etc/UTC'
Local time is now:      Tue May 28 09:25:52 UTC 2024.
Universal Time is now:  Tue May 28 09:25:52 UTC 2024.
Run 'dpkg-reconfigure tzdata' if you wish to change it.

Setting up fakeroot (1.33-1) ...
Setting up rpcsvc-proto (1.4.2-0ubuntu7) ...
Setting up gcc-13-base:amd64 (13.2.0-23ubuntu4) ...
Setting up make (4.3-4.1build2) ...
Setting up libmpfr6:amd64 (4.2.1-1build1) ...
Setting up bash-completion (1:2.11-8) ...
Setting up xz-utils (5.6.1+really5.4.5-1) ...
Setting up perl-modules-5.38 (5.38.2-3.2build2) ...
Setting up libquadmath0:amd64 (14-20240412-0ubuntu1) ...
Setting up libproc2-0:amd64 (2:4.0.4-4ubuntu3) ...
Setting up libpng16-16t64:amd64 (1.6.43-5build1) ...
Setting up libmpc3:amd64 (1.3.1-1build1) ...
Setting up libatomic1:amd64 (14-20240412-0ubuntu1) ...
Setting up patch (2.7.6-7build3) ...
Setting up libss2:amd64 (1.47.0-2.4~exp1ubuntu4) ...
Setting up libncursesw6:amd64 (6.4+20240113-1ubuntu2) ...
Setting up libk5crypto3:amd64 (1.20.1-6ubuntu2) ...
Setting up logsave (1.47.0-2.4~exp1ubuntu4) ...
Setting up libdb5.3t64:amd64 (5.3.28+dfsg2-7) ...
Setting up libubsan1:amd64 (14-20240412-0ubuntu1) ...
Setting up advancecomp (2.5-1build1) ...
Setting up sensible-utils (0.0.22) ...
Setting up uuid-runtime (2.39.3-9ubuntu6) ...
invoke-rc.d: policy-rc.d denied execution of restart.
/usr/sbin/policy-rc.d returned 101, not running 'restart uuidd.service uuidd.socket'
Setting up libhwasan0:amd64 (14-20240412-0ubuntu1) ...
Setting up libcrypt-dev:amd64 (1:4.4.36-4build1) ...
Setting up libasan8:amd64 (14-20240412-0ubuntu1) ...
Setting up procps (2:4.0.4-4ubuntu3) ...
Installing new version of config file /etc/sysctl.conf ...
Setting up mawk (1.3.4.20240123-1build1) ...
Setting up libkrb5-3:amd64 (1.20.1-6ubuntu2) ...
Setting up liblockfile1:amd64 (1.17-1build3) ...
Setting up libperl5.38t64:amd64 (5.38.2-3.2build2) ...
Setting up libtsan2:amd64 (14-20240412-0ubuntu1) ...
Setting up libbinutils:amd64 (2.42-4ubuntu2) ...
Setting up libisl23:amd64 (0.26-3build1) ...
Setting up libc-dev-bin (2.39-0ubuntu8.1) ...
Setting up openssl (3.0.13-0ubuntu3.1) ...
Setting up libgpg-error-l10n (1.47-3build2) ...
Setting up readline-common (8.2-4build1) ...
Setting up libcc1-0:amd64 (14-20240412-0ubuntu1) ...
Setting up liblocale-gettext-perl (1.07-6ubuntu5) ...
Setting up liblsan0:amd64 (14-20240412-0ubuntu1) ...
Setting up libitm1:amd64 (14-20240412-0ubuntu1) ...
Setting up libctf0:amd64 (2.42-4ubuntu2) ...
Setting up pinentry-curses (1.2.1-3ubuntu5) ...
Setting up apt-utils (2.7.14build2) ...
Setting up cpp-13-x86-64-linux-gnu (13.2.0-23ubuntu4) ...
Setting up debconf-i18n (1.5.86ubuntu1) ...
Setting up e2fsprogs (1.47.0-2.4~exp1ubuntu4) ...
/usr/sbin/policy-rc.d returned 101, not running 'restart e2scrub_all.service e2scrub_all.timer e2scrub_reap.service'
Setting up ca-certificates (20240203) ...
Updating certificates in /etc/ssl/certs...
rehash: warning: skipping ca-certificates.crt,it does not contain exactly one certificate or CRL
14 added, 5 removed; done.
Setting up perl (5.38.2-3.2build2) ...
Setting up libgprofng0:amd64 (2.42-4ubuntu2) ...
Setting up optipng (0.7.8+ds-1build2) ...
Setting up lockfile-progs (0.1.19build2) ...
Setting up libgssapi-krb5-2:amd64 (1.20.1-6ubuntu2) ...
Setting up libdpkg-perl (1.22.6ubuntu6) ...
Setting up libreadline8t64:amd64 (8.2-4build1) ...
Setting up libgcc-13-dev:amd64 (13.2.0-23ubuntu4) ...
Setting up gpgconf (2.4.4-2ubuntu17) ...
Setting up libc6-dev:amd64 (2.39-0ubuntu8.1) ...
Setting up gpg (2.4.4-2ubuntu17) ...
Setting up libstdc++-13-dev:amd64 (13.2.0-23ubuntu4) ...
Setting up binutils-x86-64-linux-gnu (2.42-4ubuntu2) ...
Setting up cpp-x86-64-linux-gnu (4:13.2.0-7ubuntu1) ...
Setting up gpg-agent (2.4.4-2ubuntu17) ...
Setting up cpp-13 (13.2.0-23ubuntu4) ...
Setting up libtirpc3t64:amd64 (1.3.4+ds-1.1build1) ...
Setting up gcc-13-x86-64-linux-gnu (13.2.0-23ubuntu4) ...
Setting up binutils (2.42-4ubuntu2) ...
Setting up dpkg-dev (1.22.6ubuntu6) ...
Setting up libtirpc-dev:amd64 (1.3.4+ds-1.1build1) ...
Setting up gcc-13 (13.2.0-23ubuntu4) ...
Setting up cpp (4:13.2.0-7ubuntu1) ...
Setting up libnsl2:amd64 (1.3.0-3build3) ...
Setting up g++-13-x86-64-linux-gnu (13.2.0-23ubuntu4) ...
Setting up gcc-x86-64-linux-gnu (4:13.2.0-7ubuntu1) ...
Setting up libnss-nisplus:amd64 (1.3-5build1) ...
Setting up gcc (4:13.2.0-7ubuntu1) ...
Setting up libnss-nis:amd64 (3.1-0ubuntu7) ...
Setting up libnsl-dev:amd64 (1.3.0-3build3) ...
Setting up g++-x86-64-linux-gnu (4:13.2.0-7ubuntu1) ...
Setting up g++-13 (13.2.0-23ubuntu4) ...
Setting up g++ (4:13.2.0-7ubuntu1) ...
Processing triggers for libc-bin (2.39-0ubuntu8.1) ...
Processing triggers for debianutils (5.17build1) ...
(Reading database ... 15822 files and directories currently installed.)
Purging configuration files for libssl3:amd64 (3.0.10-1ubuntu2) ...
Processing triggers for ca-certificates (20240203) ...
Updating certificates in /etc/ssl/certs...
0 added, 0 removed; done.
Running hooks in /etc/ca-certificates/update.d...
done.
RUN: /usr/share/launchpad-buildd/bin/in-target buildsnap --backend=lxd --series=noble --arch=amd64 SNAPBUILD-2494878 --channel snapcraft=stable/launchpad-buildd --build-request-id 89351377 --build-request-timestamp 2024-05-28T09:23:19Z --build-url 'https://launchpad.net/~liaou3/+snap/snapcraft-checkbox-ce-oem-b7bc3b4e93d43360e08ee0da724d536c/+build/2494878' --proxy-url http://10.10.10.1:8222/ --revocation-endpoint http://builder-proxy-auth.lp.internal:8080/tokens/SNAPBUILD-2494878-1716888200 --git-repository 'https://liaou3@git.launchpad.net/~liaou3/+git/snapcraft-checkbox-ce-oem-b7bc3b4e93d43360e08ee0da724d536c/' --git-path master --target-arch amd64 snapcraft-checkbox-ce-oem-b7bc3b4e93d43360e08ee0da724d536c
Running install phase...
/usr/lib/python3/dist-packages/pylxd/models/_model.py:134: UserWarning: Attempted to set unknown attribute "type" on instance of "Container"
  warnings.warn(
/usr/lib/python3/dist-packages/pylxd/models/_model.py:134: UserWarning: Attempted to set unknown attribute "project" on instance of "Container"
  warnings.warn(
Reading package lists...
Building dependency tree...
Reading state information...
The following packages were automatically installed and are no longer required:
  libnsl-dev libperl5.36 libtirpc-dev libunistring2 perl-modules-5.36
Use 'apt autoremove' to remove them.
The following additional packages will be installed:
  apparmor dbus dbus-bin dbus-daemon dbus-session-bus-common
  dbus-system-bus-common dbus-user-session git-man libbrotli1 libbsd0
  libcbor0.10 libcurl3t64-gnutls libdbus-1-3 libedit2 liberror-perl libexpat1
  libfido2-1 libfuse2t64 libfuse3-3 libldap2 liblzo2-2 libnghttp2-14
  libpam-systemd libpsl5t64 libpython3-stdlib libpython3.12-minimal
  libpython3.12-stdlib librtmp1 libsasl2-2 libsasl2-modules-db libsquashfuse0
  libssh-4 libwrap0 media-types netbase openssh-client python3-minimal
  python3.12 python3.12-minimal squashfs-tools
Suggested packages:
  apparmor-profiles-extra apparmor-utils gettext-base git-daemon-run
  | git-daemon-sysvinit git-doc git-email git-gui gitk gitweb git-cvs
  git-mediawiki git-svn fuse3 keychain libpam-ssh monkeysphere ssh-askpass
  python3-doc python3-tk python3-venv python3.12-venv python3.12-doc
  binfmt-support zenity | kdialog
Recommended packages:
  less libldap-common publicsuffix libsasl2-modules xauth gnupg
  systemd-hwe-hwdb
The following NEW packages will be installed:
  apparmor dbus dbus-bin dbus-daemon dbus-session-bus-common
  dbus-system-bus-common dbus-user-session fuse git git-man libbrotli1 libbsd0
  libcbor0.10 libcurl3t64-gnutls libdbus-1-3 libedit2 liberror-perl libexpat1
  libfido2-1 libfuse2t64 libfuse3-3 libldap2 liblzo2-2 libnghttp2-14
  libpam-systemd libpsl5t64 libpython3-stdlib libpython3.12-minimal
  libpython3.12-stdlib librtmp1 libsasl2-2 libsasl2-modules-db libsquashfuse0
  libssh-4 libwrap0 media-types netbase openssh-client python3 python3-minimal
  python3.12 python3.12-minimal snapd socat squashfs-tools squashfuse sudo
  udev
0 upgraded, 48 newly installed, 0 to remove and 0 not upgraded.
Need to get 45.8 MB of archives.
After this operation, 187 MB of additional disk space will be used.
Get:1 http://ftpmaster.internal/ubuntu noble/main amd64 libpython3.12-minimal amd64 3.12.3-1 [833 kB]
Get:2 http://ftpmaster.internal/ubuntu noble/main amd64 libexpat1 amd64 2.6.1-2build1 [87.0 kB]
Get:3 http://ftpmaster.internal/ubuntu noble/main amd64 python3.12-minimal amd64 3.12.3-1 [2343 kB]
Get:4 http://ftpmaster.internal/ubuntu noble/main amd64 python3-minimal amd64 3.12.3-0ubuntu1 [27.2 kB]
Get:5 http://ftpmaster.internal/ubuntu noble/main amd64 media-types all 10.1.0 [27.5 kB]
Get:6 http://ftpmaster.internal/ubuntu noble/main amd64 netbase all 6.4 [13.1 kB]
Get:7 http://ftpmaster.internal/ubuntu noble/main amd64 libpython3.12-stdlib amd64 3.12.3-1 [2067 kB]
Get:8 http://ftpmaster.internal/ubuntu noble/main amd64 python3.12 amd64 3.12.3-1 [651 kB]
Get:9 http://ftpmaster.internal/ubuntu noble/main amd64 libpython3-stdlib amd64 3.12.3-0ubuntu1 [9890 B]
Get:10 http://ftpmaster.internal/ubuntu noble/main amd64 python3 amd64 3.12.3-0ubuntu1 [24.1 kB]
Get:11 http://ftpmaster.internal/ubuntu noble/main amd64 libdbus-1-3 amd64 1.14.10-4ubuntu4 [210 kB]
Get:12 http://ftpmaster.internal/ubuntu noble/main amd64 dbus-bin amd64 1.14.10-4ubuntu4 [39.3 kB]
Get:13 http://ftpmaster.internal/ubuntu noble/main amd64 dbus-session-bus-common all 1.14.10-4ubuntu4 [80.4 kB]
Get:14 http://ftpmaster.internal/ubuntu noble/main amd64 dbus-daemon amd64 1.14.10-4ubuntu4 [118 kB]
Get:15 http://ftpmaster.internal/ubuntu noble/main amd64 dbus-system-bus-common all 1.14.10-4ubuntu4 [81.6 kB]
Get:16 http://ftpmaster.internal/ubuntu noble/main amd64 dbus amd64 1.14.10-4ubuntu4 [24.3 kB]
Get:17 http://ftpmaster.internal/ubuntu noble/main amd64 libpam-systemd amd64 255.4-1ubuntu8 [235 kB]
Get:18 http://ftpmaster.internal/ubuntu noble/main amd64 dbus-user-session amd64 1.14.10-4ubuntu4 [9960 B]
Get:19 http://ftpmaster.internal/ubuntu noble/main amd64 libbsd0 amd64 0.12.1-1build1 [41.2 kB]
Get:20 http://ftpmaster.internal/ubuntu noble/main amd64 sudo amd64 1.9.15p5-3ubuntu5 [948 kB]
Get:21 http://ftpmaster.internal/ubuntu noble/main amd64 udev amd64 255.4-1ubuntu8 [1873 kB]
Get:22 http://ftpmaster.internal/ubuntu noble/main amd64 apparmor amd64 4.0.0-beta3-0ubuntu3 [637 kB]
Get:23 http://ftpmaster.internal/ubuntu noble/main amd64 libcbor0.10 amd64 0.10.2-1.2ubuntu2 [25.8 kB]
Get:24 http://ftpmaster.internal/ubuntu noble/main amd64 libedit2 amd64 3.1-20230828-1build1 [97.6 kB]
Get:25 http://ftpmaster.internal/ubuntu noble/main amd64 libfido2-1 amd64 1.14.0-1build3 [83.5 kB]
Get:26 http://ftpmaster.internal/ubuntu noble/main amd64 libfuse3-3 amd64 3.14.0-5build1 [83.1 kB]
Get:27 http://ftpmaster.internal/ubuntu noble-security/main amd64 libnghttp2-14 amd64 1.59.0-1ubuntu0.1 [74.3 kB]
Get:28 http://ftpmaster.internal/ubuntu noble/main amd64 libpsl5t64 amd64 0.21.2-1.1build1 [57.1 kB]
Get:29 http://ftpmaster.internal/ubuntu noble/main amd64 openssh-client amd64 1:9.6p1-3ubuntu13 [905 kB]
Get:30 http://ftpmaster.internal/ubuntu noble/universe amd64 libfuse2t64 amd64 2.9.9-8.1build1 [89.9 kB]
Get:31 http://ftpmaster.internal/ubuntu noble/universe amd64 fuse amd64 2.9.9-8.1build1 [27.6 kB]
Get:32 http://ftpmaster.internal/ubuntu noble/main amd64 libbrotli1 amd64 1.1.0-2build2 [331 kB]
Get:33 http://ftpmaster.internal/ubuntu noble/main amd64 libsasl2-modules-db amd64 2.1.28+dfsg1-5ubuntu3 [20.3 kB]
Get:34 http://ftpmaster.internal/ubuntu noble/main amd64 libsasl2-2 amd64 2.1.28+dfsg1-5ubuntu3 [53.2 kB]
Get:35 http://ftpmaster.internal/ubuntu noble/main amd64 libldap2 amd64 2.6.7+dfsg-1~exp1ubuntu8 [195 kB]
Get:36 http://ftpmaster.internal/ubuntu noble/main amd64 librtmp1 amd64 2.4+20151223.gitfa8646d.1-2build7 [56.3 kB]
Get:37 http://ftpmaster.internal/ubuntu noble/main amd64 libssh-4 amd64 0.10.6-2build2 [188 kB]
Get:38 http://ftpmaster.internal/ubuntu noble-security/main amd64 libcurl3t64-gnutls amd64 8.5.0-2ubuntu10.1 [333 kB]
Get:39 http://ftpmaster.internal/ubuntu noble/main amd64 liberror-perl all 0.17029-2 [25.6 kB]
Get:40 http://ftpmaster.internal/ubuntu noble/main amd64 git-man all 1:2.43.0-1ubuntu7 [1098 kB]
Get:41 http://ftpmaster.internal/ubuntu noble/main amd64 git amd64 1:2.43.0-1ubuntu7 [3674 kB]
Get:42 http://ftpmaster.internal/ubuntu noble/main amd64 liblzo2-2 amd64 2.10-2build4 [54.1 kB]
Get:43 http://ftpmaster.internal/ubuntu noble/universe amd64 libsquashfuse0 amd64 0.5.0-2build1 [31.6 kB]
Get:44 http://ftpmaster.internal/ubuntu noble/main amd64 libwrap0 amd64 7.6.q-33 [47.9 kB]
Get:45 http://ftpmaster.internal/ubuntu noble/main amd64 squashfs-tools amd64 1:4.6.1-1build1 [189 kB]
Get:46 http://ftpmaster.internal/ubuntu noble/main amd64 snapd amd64 2.62+24.04build1 [27.3 MB]
Get:47 http://ftpmaster.internal/ubuntu noble/universe amd64 squashfuse amd64 0.5.0-2build1 [27.0 kB]
Get:48 http://ftpmaster.internal/ubuntu noble/main amd64 socat amd64 1.8.0.0-4build3 [374 kB]
Preconfiguring packages ...
Fetched 45.8 MB in 0s (126 MB/s)
Selecting previously unselected package libpython3.12-minimal:amd64.
(Reading database ... 15822 files and directories currently installed.)
Preparing to unpack .../libpython3.12-minimal_3.12.3-1_amd64.deb ...
Unpacking libpython3.12-minimal:amd64 (3.12.3-1) ...
Selecting previously unselected package libexpat1:amd64.
Preparing to unpack .../libexpat1_2.6.1-2build1_amd64.deb ...
Unpacking libexpat1:amd64 (2.6.1-2build1) ...
Selecting previously unselected package python3.12-minimal.
Preparing to unpack .../python3.12-minimal_3.12.3-1_amd64.deb ...
Unpacking python3.12-minimal (3.12.3-1) ...
Setting up libpython3.12-minimal:amd64 (3.12.3-1) ...
Setting up libexpat1:amd64 (2.6.1-2build1) ...
Setting up python3.12-minimal (3.12.3-1) ...
Selecting previously unselected package python3-minimal.
(Reading database ... 16140 files and directories currently installed.)
Preparing to unpack .../0-python3-minimal_3.12.3-0ubuntu1_amd64.deb ...
Unpacking python3-minimal (3.12.3-0ubuntu1) ...
Selecting previously unselected package media-types.
Preparing to unpack .../1-media-types_10.1.0_all.deb ...
Unpacking media-types (10.1.0) ...
Selecting previously unselected package netbase.
Preparing to unpack .../2-netbase_6.4_all.deb ...
Unpacking netbase (6.4) ...
Selecting previously unselected package libpython3.12-stdlib:amd64.
Preparing to unpack .../3-libpython3.12-stdlib_3.12.3-1_amd64.deb ...
Unpacking libpython3.12-stdlib:amd64 (3.12.3-1) ...
Selecting previously unselected package python3.12.
Preparing to unpack .../4-python3.12_3.12.3-1_amd64.deb ...
Unpacking python3.12 (3.12.3-1) ...
Selecting previously unselected package libpython3-stdlib:amd64.
Preparing to unpack .../5-libpython3-stdlib_3.12.3-0ubuntu1_amd64.deb ...
Unpacking libpython3-stdlib:amd64 (3.12.3-0ubuntu1) ...
Setting up python3-minimal (3.12.3-0ubuntu1) ...
Selecting previously unselected package python3.
(Reading database ... 16581 files and directories currently installed.)
Preparing to unpack .../00-python3_3.12.3-0ubuntu1_amd64.deb ...
Unpacking python3 (3.12.3-0ubuntu1) ...
Selecting previously unselected package libdbus-1-3:amd64.
Preparing to unpack .../01-libdbus-1-3_1.14.10-4ubuntu4_amd64.deb ...
Unpacking libdbus-1-3:amd64 (1.14.10-4ubuntu4) ...
Selecting previously unselected package dbus-bin.
Preparing to unpack .../02-dbus-bin_1.14.10-4ubuntu4_amd64.deb ...
Unpacking dbus-bin (1.14.10-4ubuntu4) ...
Selecting previously unselected package dbus-session-bus-common.
Preparing to unpack .../03-dbus-session-bus-common_1.14.10-4ubuntu4_all.deb ...
Unpacking dbus-session-bus-common (1.14.10-4ubuntu4) ...
Selecting previously unselected package dbus-daemon.
Preparing to unpack .../04-dbus-daemon_1.14.10-4ubuntu4_amd64.deb ...
Unpacking dbus-daemon (1.14.10-4ubuntu4) ...
Selecting previously unselected package dbus-system-bus-common.
Preparing to unpack .../05-dbus-system-bus-common_1.14.10-4ubuntu4_all.deb ...
Unpacking dbus-system-bus-common (1.14.10-4ubuntu4) ...
Selecting previously unselected package dbus.
Preparing to unpack .../06-dbus_1.14.10-4ubuntu4_amd64.deb ...
Unpacking dbus (1.14.10-4ubuntu4) ...
Selecting previously unselected package libpam-systemd:amd64.
Preparing to unpack .../07-libpam-systemd_255.4-1ubuntu8_amd64.deb ...
Unpacking libpam-systemd:amd64 (255.4-1ubuntu8) ...
Selecting previously unselected package dbus-user-session.
Preparing to unpack .../08-dbus-user-session_1.14.10-4ubuntu4_amd64.deb ...
Unpacking dbus-user-session (1.14.10-4ubuntu4) ...
Selecting previously unselected package libbsd0:amd64.
Preparing to unpack .../09-libbsd0_0.12.1-1build1_amd64.deb ...
Unpacking libbsd0:amd64 (0.12.1-1build1) ...
Selecting previously unselected package sudo.
Preparing to unpack .../10-sudo_1.9.15p5-3ubuntu5_amd64.deb ...
Unpacking sudo (1.9.15p5-3ubuntu5) ...
Selecting previously unselected package udev.
Preparing to unpack .../11-udev_255.4-1ubuntu8_amd64.deb ...
Unpacking udev (255.4-1ubuntu8) ...
Selecting previously unselected package apparmor.
Preparing to unpack .../12-apparmor_4.0.0-beta3-0ubuntu3_amd64.deb ...
Unpacking apparmor (4.0.0-beta3-0ubuntu3) ...
Selecting previously unselected package libcbor0.10:amd64.
Preparing to unpack .../13-libcbor0.10_0.10.2-1.2ubuntu2_amd64.deb ...
Unpacking libcbor0.10:amd64 (0.10.2-1.2ubuntu2) ...
Selecting previously unselected package libedit2:amd64.
Preparing to unpack .../14-libedit2_3.1-20230828-1build1_amd64.deb ...
Unpacking libedit2:amd64 (3.1-20230828-1build1) ...
Selecting previously unselected package libfido2-1:amd64.
Preparing to unpack .../15-libfido2-1_1.14.0-1build3_amd64.deb ...
Unpacking libfido2-1:amd64 (1.14.0-1build3) ...
Selecting previously unselected package libfuse3-3:amd64.
Preparing to unpack .../16-libfuse3-3_3.14.0-5build1_amd64.deb ...
Unpacking libfuse3-3:amd64 (3.14.0-5build1) ...
Selecting previously unselected package libnghttp2-14:amd64.
Preparing to unpack .../17-libnghttp2-14_1.59.0-1ubuntu0.1_amd64.deb ...
Unpacking libnghttp2-14:amd64 (1.59.0-1ubuntu0.1) ...
Selecting previously unselected package libpsl5t64:amd64.
Preparing to unpack .../18-libpsl5t64_0.21.2-1.1build1_amd64.deb ...
Unpacking libpsl5t64:amd64 (0.21.2-1.1build1) ...
Selecting previously unselected package openssh-client.
Preparing to unpack .../19-openssh-client_1%3a9.6p1-3ubuntu13_amd64.deb ...
Unpacking openssh-client (1:9.6p1-3ubuntu13) ...
Selecting previously unselected package libfuse2t64:amd64.
Preparing to unpack .../20-libfuse2t64_2.9.9-8.1build1_amd64.deb ...
Unpacking libfuse2t64:amd64 (2.9.9-8.1build1) ...
Selecting previously unselected package fuse.
Preparing to unpack .../21-fuse_2.9.9-8.1build1_amd64.deb ...
Unpacking fuse (2.9.9-8.1build1) ...
Selecting previously unselected package libbrotli1:amd64.
Preparing to unpack .../22-libbrotli1_1.1.0-2build2_amd64.deb ...
Unpacking libbrotli1:amd64 (1.1.0-2build2) ...
Selecting previously unselected package libsasl2-modules-db:amd64.
Preparing to unpack .../23-libsasl2-modules-db_2.1.28+dfsg1-5ubuntu3_amd64.deb ...
Unpacking libsasl2-modules-db:amd64 (2.1.28+dfsg1-5ubuntu3) ...
Selecting previously unselected package libsasl2-2:amd64.
Preparing to unpack .../24-libsasl2-2_2.1.28+dfsg1-5ubuntu3_amd64.deb ...
Unpacking libsasl2-2:amd64 (2.1.28+dfsg1-5ubuntu3) ...
Selecting previously unselected package libldap2:amd64.
Preparing to unpack .../25-libldap2_2.6.7+dfsg-1~exp1ubuntu8_amd64.deb ...
Unpacking libldap2:amd64 (2.6.7+dfsg-1~exp1ubuntu8) ...
Selecting previously unselected package librtmp1:amd64.
Preparing to unpack .../26-librtmp1_2.4+20151223.gitfa8646d.1-2build7_amd64.deb ...
Unpacking librtmp1:amd64 (2.4+20151223.gitfa8646d.1-2build7) ...
Selecting previously unselected package libssh-4:amd64.
Preparing to unpack .../27-libssh-4_0.10.6-2build2_amd64.deb ...
Unpacking libssh-4:amd64 (0.10.6-2build2) ...
Selecting previously unselected package libcurl3t64-gnutls:amd64.
Preparing to unpack .../28-libcurl3t64-gnutls_8.5.0-2ubuntu10.1_amd64.deb ...
Unpacking libcurl3t64-gnutls:amd64 (8.5.0-2ubuntu10.1) ...
Selecting previously unselected package liberror-perl.
Preparing to unpack .../29-liberror-perl_0.17029-2_all.deb ...
Unpacking liberror-perl (0.17029-2) ...
Selecting previously unselected package git-man.
Preparing to unpack .../30-git-man_1%3a2.43.0-1ubuntu7_all.deb ...
Unpacking git-man (1:2.43.0-1ubuntu7) ...
Selecting previously unselected package git.
Preparing to unpack .../31-git_1%3a2.43.0-1ubuntu7_amd64.deb ...
Unpacking git (1:2.43.0-1ubuntu7) ...
Selecting previously unselected package liblzo2-2:amd64.
Preparing to unpack .../32-liblzo2-2_2.10-2build4_amd64.deb ...
Unpacking liblzo2-2:amd64 (2.10-2build4) ...
Selecting previously unselected package libsquashfuse0:amd64.
Preparing to unpack .../33-libsquashfuse0_0.5.0-2build1_amd64.deb ...
Unpacking libsquashfuse0:amd64 (0.5.0-2build1) ...
Selecting previously unselected package libwrap0:amd64.
Preparing to unpack .../34-libwrap0_7.6.q-33_amd64.deb ...
Unpacking libwrap0:amd64 (7.6.q-33) ...
Selecting previously unselected package squashfs-tools.
Preparing to unpack .../35-squashfs-tools_1%3a4.6.1-1build1_amd64.deb ...
Unpacking squashfs-tools (1:4.6.1-1build1) ...
Selecting previously unselected package snapd.
Preparing to unpack .../36-snapd_2.62+24.04build1_amd64.deb ...
Unpacking snapd (2.62+24.04build1) ...
Selecting previously unselected package squashfuse.
Preparing to unpack .../37-squashfuse_0.5.0-2build1_amd64.deb ...
Unpacking squashfuse (0.5.0-2build1) ...
Selecting previously unselected package socat.
Preparing to unpack .../38-socat_1.8.0.0-4build3_amd64.deb ...
Unpacking socat (1.8.0.0-4build3) ...
Setting up media-types (10.1.0) ...
Setting up libcbor0.10:amd64 (0.10.2-1.2ubuntu2) ...
Setting up libbrotli1:amd64 (1.1.0-2build2) ...
Setting up libpsl5t64:amd64 (0.21.2-1.1build1) ...
Setting up libnghttp2-14:amd64 (1.59.0-1ubuntu0.1) ...
Setting up liblzo2-2:amd64 (2.10-2build4) ...
Setting up libsasl2-modules-db:amd64 (2.1.28+dfsg1-5ubuntu3) ...
Setting up liberror-perl (0.17029-2) ...
Setting up apparmor (4.0.0-beta3-0ubuntu3) ...
Created symlink /etc/systemd/system/sysinit.target.wants/apparmor.service  /usr/lib/systemd/system/apparmor.service.
sysctl: cannot stat /proc/sys/kernel/apparmor_restrict_unprivileged_userns: No such file or directory
Reloading AppArmor profiles 
Error: Could not replace profile /var/cache/apparmor/e10c1cf9.0/nvidia_modprobe: Protocol error
/sbin/apparmor_parser: Unable to replace "QtWebEngineProcess".  Profile doesn't exist
/sbin/apparmor_parser: Unable to replace "plasmashell".  Profile doesn't conform to protocol
/sbin/apparmor_parser: Unable to replace "unprivileged_userns".  Profile doesn't conform to protocol
Error: At least one profile failed to load
Setting up libwrap0:amd64 (7.6.q-33) ...
Setting up librtmp1:amd64 (2.4+20151223.gitfa8646d.1-2build7) ...
Setting up socat (1.8.0.0-4build3) ...
Setting up libdbus-1-3:amd64 (1.14.10-4ubuntu4) ...
Setting up udev (255.4-1ubuntu8) ...
Creating group 'input' with GID 997.
Creating group 'sgx' with GID 996.
Creating group 'kvm' with GID 995.
Creating group 'render' with GID 994.
systemd-udevd.service is a disabled or a static unit, not starting it.
Setting up sudo (1.9.15p5-3ubuntu5) ...
Setting up libfuse3-3:amd64 (3.14.0-5build1) ...
Setting up libsasl2-2:amd64 (2.1.28+dfsg1-5ubuntu3) ...
Setting up libssh-4:amd64 (0.10.6-2build2) ...
Setting up dbus-session-bus-common (1.14.10-4ubuntu4) ...
Setting up git-man (1:2.43.0-1ubuntu7) ...
Setting up netbase (6.4) ...
Setting up libsquashfuse0:amd64 (0.5.0-2build1) ...
Setting up dbus-system-bus-common (1.14.10-4ubuntu4) ...
Setting up libfido2-1:amd64 (1.14.0-1build3) ...
Setting up libbsd0:amd64 (0.12.1-1build1) ...
Setting up libfuse2t64:amd64 (2.9.9-8.1build1) ...
Setting up libldap2:amd64 (2.6.7+dfsg-1~exp1ubuntu8) ...
Setting up dbus-bin (1.14.10-4ubuntu4) ...
Setting up fuse (2.9.9-8.1build1) ...
Setting up libpython3.12-stdlib:amd64 (3.12.3-1) ...
Setting up squashfs-tools (1:4.6.1-1build1) ...
Setting up python3.12 (3.12.3-1) ...
Setting up libedit2:amd64 (3.1-20230828-1build1) ...
Setting up libcurl3t64-gnutls:amd64 (8.5.0-2ubuntu10.1) ...
Setting up dbus-daemon (1.14.10-4ubuntu4) ...
Setting up dbus (1.14.10-4ubuntu4) ...
Setting up git (1:2.43.0-1ubuntu7) ...
Setting up squashfuse (0.5.0-2build1) ...
Setting up libpam-systemd:amd64 (255.4-1ubuntu8) ...
Setting up libpython3-stdlib:amd64 (3.12.3-0ubuntu1) ...
Setting up openssh-client (1:9.6p1-3ubuntu13) ...
Setting up python3 (3.12.3-0ubuntu1) ...
running python rtupdate hooks for python3.12...
running python post-rtupdate hooks for python3.12...
Setting up dbus-user-session (1.14.10-4ubuntu4) ...
Setting up snapd (2.62+24.04build1) ...
Created symlink /etc/systemd/system/multi-user.target.wants/snapd.apparmor.service  /usr/lib/systemd/system/snapd.apparmor.service.
Created symlink /etc/systemd/system/multi-user.target.wants/snapd.autoimport.service  /usr/lib/systemd/system/snapd.autoimport.service.
Created symlink /etc/systemd/system/multi-user.target.wants/snapd.core-fixup.service  /usr/lib/systemd/system/snapd.core-fixup.service.
Created symlink /etc/systemd/system/multi-user.target.wants/snapd.recovery-chooser-trigger.service  /usr/lib/systemd/system/snapd.recovery-chooser-trigger.service.
Created symlink /etc/systemd/system/multi-user.target.wants/snapd.seeded.service  /usr/lib/systemd/system/snapd.seeded.service.
Created symlink /etc/systemd/system/cloud-final.service.wants/snapd.seeded.service  /usr/lib/systemd/system/snapd.seeded.service.
Unit /usr/lib/systemd/system/snapd.seeded.service is added as a dependency to a non-existent unit cloud-final.service.
Created symlink /etc/systemd/system/multi-user.target.wants/snapd.service  /usr/lib/systemd/system/snapd.service.
Created symlink /etc/systemd/system/timers.target.wants/snapd.snap-repair.timer  /usr/lib/systemd/system/snapd.snap-repair.timer.
Created symlink /etc/systemd/system/sockets.target.wants/snapd.socket  /usr/lib/systemd/system/snapd.socket.
Created symlink /etc/systemd/system/final.target.wants/snapd.system-shutdown.service  /usr/lib/systemd/system/snapd.system-shutdown.service.
snapd.failure.service is a disabled or a static unit, not starting it.
snapd.mounts-pre.target is a disabled or a static unit, not starting it.
snapd.mounts.target is a disabled or a static unit, not starting it.
snapd.snap-repair.service is a disabled or a static unit, not starting it.
Processing triggers for systemd (255.4-1ubuntu8) ...
Processing triggers for libc-bin (2.39-0ubuntu8.1) ...
2024-05-28T09:26:11Z INFO Waiting for automatic snapd restart...
2024-05-28T09:26:12Z INFO Waiting for automatic snapd restart...
snapcraft 8.2.8 from Canonical** installed
Running repo phase...
Cloning into 'snapcraft-checkbox-ce-oem-b7bc3b4e93d43360e08ee0da724d536c'...
Running pull phase...
Initialising lifecycle
Installing build-packages
[28/May/2024:09:26:29 +0000] "GET http://ftpmaster.internal/ubuntu/dists/noble/InRelease HTTP/1.1" 304 - "-" "Debian APT-HTTP/1.3 (2.7.14) non-interactive"
[28/May/2024:09:26:29 +0000] "GET http://ftpmaster.internal/ubuntu/dists/noble-security/InRelease HTTP/1.1" 304 - "-" "Debian APT-HTTP/1.3 (2.7.14) non-interactive"
[28/May/2024:09:26:29 +0000] "GET http://ftpmaster.internal/ubuntu/dists/noble-updates/InRelease HTTP/1.1" 304 - "-" "Debian APT-HTTP/1.3 (2.7.14) non-interactive"
[28/May/2024:09:26:32 +0000] "GET http://ftpmaster.internal/ubuntu/pool/main/p/python-cffi/python3-cffi-backend_1.16.0-2build1_amd64.deb HTTP/1.1" 200 77292 "-" "Debian APT-HTTP/1.3 (2.7.14) non-interactive"
[28/May/2024:09:26:32 +0000] "GET http://ftpmaster.internal/ubuntu/pool/main/s/setuptools/python3-pkg-resources_68.1.2-2ubuntu1_all.deb HTTP/1.1" 200 167522 "-" "Debian APT-HTTP/1.3 (2.7.14) non-interactive"
[28/May/2024:09:26:32 +0000] "GET http://ftpmaster.internal/ubuntu/pool/main/e/expat/libexpat1-dev_2.6.1-2build1_amd64.deb HTTP/1.1" 200 138622 "-" "Debian APT-HTTP/1.3 (2.7.14) non-interactive"
[28/May/2024:09:26:32 +0000] "GET http://ftpmaster.internal/ubuntu/pool/main/n/node-jquery/libjs-jquery_3.6.1%2bdfsg%2b%7e3.5.14-1_all.deb HTTP/1.1" 200 327720 "-" "Debian APT-HTTP/1.3 (2.7.14) non-interactive"
[28/May/2024:09:26:32 +0000] "GET http://ftpmaster.internal/ubuntu/pool/main/u/underscore/libjs-underscore_1.13.4%7edfsg%2b%7e1.11.4-3_all.deb HTTP/1.1" 200 117876 "-" "Debian APT-HTTP/1.3 (2.7.14) non-interactive"
[28/May/2024:09:26:32 +0000] "GET http://ftpmaster.internal/ubuntu/pool/main/s/sphinx/libjs-sphinxdoc_7.2.6-6_all.deb HTTP/1.1" 200 149488 "-" "Debian APT-HTTP/1.3 (2.7.14) non-interactive"
[28/May/2024:09:26:32 +0000] "GET http://ftpmaster.internal/ubuntu/pool/main/p/python3.12/libpython3.12t64_3.12.3-1_amd64.deb HTTP/1.1" 200 2338824 "-" "Debian APT-HTTP/1.3 (2.7.14) non-interactive"
[28/May/2024:09:26:32 +0000] "GET http://ftpmaster.internal/ubuntu/pool/main/z/zlib/zlib1g-dev_1.3.dfsg-3.1ubuntu2_amd64.deb HTTP/1.1" 200 894096 "-" "Debian APT-HTTP/1.3 (2.7.14) non-interactive"
[28/May/2024:09:26:32 +0000] "GET http://ftpmaster.internal/ubuntu/pool/main/p/python3.12/libpython3.12-dev_3.12.3-1_amd64.deb HTTP/1.1" 200 5670606 "-" "Debian APT-HTTP/1.3 (2.7.14) non-interactive"
[28/May/2024:09:26:33 +0000] "GET http://ftpmaster.internal/ubuntu/pool/main/p/python3-defaults/libpython3-dev_3.12.3-0ubuntu1_amd64.deb HTTP/1.1" 200 10150 "-" "Debian APT-HTTP/1.3 (2.7.14) non-interactive"
[28/May/2024:09:26:33 +0000] "GET http://ftpmaster.internal/ubuntu/pool/main/b/blinker/python3-blinker_1.7.0-1_all.deb HTTP/1.1" 200 14312 "-" "Debian APT-HTTP/1.3 (2.7.14) non-interactive"
[28/May/2024:09:26:33 +0000] "GET http://ftpmaster.internal/ubuntu/pool/main/p/python-certifi/python3-certifi_2023.11.17-1_all.deb HTTP/1.1" 200 164904 "-" "Debian APT-HTTP/1.3 (2.7.14) non-interactive"
[28/May/2024:09:26:33 +0000] "GET http://ftpmaster.internal/ubuntu/pool/main/c/chardet/python3-chardet_5.2.0%2bdfsg-1_all.deb HTTP/1.1" 200 116904 "-" "Debian APT-HTTP/1.3 (2.7.14) non-interactive"
[28/May/2024:09:26:33 +0000] "GET http://ftpmaster.internal/ubuntu/pool/main/p/python-cryptography/python3-cryptography_41.0.7-4ubuntu0.1_amd64.deb HTTP/1.1" 200 810378 "-" "Debian APT-HTTP/1.3 (2.7.14) non-interactive"
[28/May/2024:09:26:33 +0000] "GET http://ftpmaster.internal/ubuntu/pool/main/p/python3.12/python3.12-dev_3.12.3-1_amd64.deb HTTP/1.1" 200 497914 "-" "Debian APT-HTTP/1.3 (2.7.14) non-interactive"
[28/May/2024:09:26:33 +0000] "GET http://ftpmaster.internal/ubuntu/pool/main/p/python3-defaults/python3-dev_3.12.3-0ubuntu1_amd64.deb HTTP/1.1" 200 26698 "-" "Debian APT-HTTP/1.3 (2.7.14) non-interactive"
[28/May/2024:09:26:33 +0000] "GET http://ftpmaster.internal/ubuntu/pool/main/p/python-idna/python3-idna_3.6-2ubuntu0.1_all.deb HTTP/1.1" 200 48984 "-" "Debian APT-HTTP/1.3 (2.7.14) non-interactive"
[28/May/2024:09:26:33 +0000] "GET http://ftpmaster.internal/ubuntu/pool/main/m/markupsafe/python3-markupsafe_2.1.5-1build2_amd64.deb HTTP/1.1" 200 12666 "-" "Debian APT-HTTP/1.3 (2.7.14) non-interactive"
[28/May/2024:09:26:33 +0000] "GET http://ftpmaster.internal/ubuntu/pool/main/j/jinja2/python3-jinja2_3.1.2-1ubuntu1_all.deb HTTP/1.1" 200 107462 "-" "Debian APT-HTTP/1.3 (2.7.14) non-interactive"
[28/May/2024:09:26:33 +0000] "GET http://ftpmaster.internal/ubuntu/pool/main/p/python-typing-extensions/python3-typing-extensions_4.10.0-1_all.deb HTTP/1.1" 200 60676 "-" "Debian APT-HTTP/1.3 (2.7.14) non-interactive"
[28/May/2024:09:26:33 +0000] "GET http://ftpmaster.internal/ubuntu/pool/main/p/pyjwt/python3-jwt_2.7.0-1_all.deb HTTP/1.1" 200 20894 "-" "Debian APT-HTTP/1.3 (2.7.14) non-interactive"
[28/May/2024:09:26:33 +0000] "GET http://ftpmaster.internal/ubuntu/pool/main/p/python-oauthlib/python3-oauthlib_3.2.2-1_all.deb HTTP/1.1" 200 89666 "-" "Debian APT-HTTP/1.3 (2.7.14) non-interactive"
[28/May/2024:09:26:33 +0000] "GET http://ftpmaster.internal/ubuntu/pool/main/p/python-packaging/python3-packaging_24.0-1_all.deb HTTP/1.1" 200 41094 "-" "Debian APT-HTTP/1.3 (2.7.14) non-interactive"
[28/May/2024:09:26:33 +0000] "GET http://ftpmaster.internal/ubuntu/pool/main/p/python-urllib3/python3-urllib3_2.0.7-1_all.deb HTTP/1.1" 200 112550 "-" "Debian APT-HTTP/1.3 (2.7.14) non-interactive"
[28/May/2024:09:26:33 +0000] "GET http://ftpmaster.internal/ubuntu/pool/main/r/requests/python3-requests_2.31.0%2bdfsg-1ubuntu1_all.deb HTTP/1.1" 200 50712 "-" "Debian APT-HTTP/1.3 (2.7.14) non-interactive"
[28/May/2024:09:26:33 +0000] "GET http://ftpmaster.internal/ubuntu/pool/universe/p/python-requests-oauthlib/python3-requests-oauthlib_1.3.1-1_all.deb HTTP/1.1" 200 18826 "-" "Debian APT-HTTP/1.3 (2.7.14) non-interactive"
[28/May/2024:09:26:33 +0000] "GET http://ftpmaster.internal/ubuntu/pool/main/w/wcwidth/python3-wcwidth_0.2.5%2bdfsg1-1.1ubuntu1_all.deb HTTP/1.1" 200 22506 "-" "Debian APT-HTTP/1.3 (2.7.14) non-interactive"
[28/May/2024:09:26:33 +0000] "GET http://ftpmaster.internal/ubuntu/pool/main/u/urwid/python3-urwid_2.6.10-1_amd64.deb HTTP/1.1" 200 183460 "-" "Debian APT-HTTP/1.3 (2.7.14) non-interactive"
[28/May/2024:09:26:33 +0000] "GET http://ftpmaster.internal/ubuntu/pool/universe/x/xlsxwriter/python3-xlsxwriter_3.1.9-1_all.deb HTTP/1.1" 200 512160 "-" "Debian APT-HTTP/1.3 (2.7.14) non-interactive"
Installing build-snaps
Pulling checkbox-provider-ce-oem
Fetching stage-packages
[28/May/2024:09:26:43 +0000] "GET http://ftpmaster.internal/ubuntu/pool/main/u/u-boot/u-boot-tools_2024.01%2bdfsg-1ubuntu5_amd64.deb HTTP/1.1" 200 296582 "-" "Debian APT-HTTP/1.3 (2.4.12) non-interactive"
[28/May/2024:09:26:43 +0000] "GET http://ftpmaster.internal/ubuntu/pool/main/v/v4l-utils/libv4lconvert0t64_1.26.1-4build3_amd64.deb HTTP/1.1" 200 87636 "-" "Debian APT-HTTP/1.3 (2.4.12) non-interactive"
[28/May/2024:09:26:43 +0000] "GET http://ftpmaster.internal/ubuntu/pool/main/g/gcc-14/libgomp1_14-20240412-0ubuntu1_amd64.deb HTTP/1.1" 200 147370 "-" "Debian APT-HTTP/1.3 (2.4.12) non-interactive"
[28/May/2024:09:26:43 +0000] "GET http://ftpmaster.internal/ubuntu/pool/main/d/device-tree-compiler/libfdt1_1.7.0-2build1_amd64.deb HTTP/1.1" 200 20128 "-" "Debian APT-HTTP/1.3 (2.4.12) non-interactive"
[28/May/2024:09:26:43 +0000] "GET http://ftpmaster.internal/ubuntu/pool/main/n/net-snmp/libsnmp-base_5.9.4%2bdfsg-1.1ubuntu3_all.deb HTTP/1.1" 200 206108 "-" "Debian APT-HTTP/1.3 (2.4.12) non-interactive"
[28/May/2024:09:26:43 +0000] "GET http://ftpmaster.internal/ubuntu/pool/main/g/gdbm/libgdbm-compat4t64_1.23-5.1build1_amd64.deb HTTP/1.1" 200 6710 "-" "Debian APT-HTTP/1.3 (2.4.12) non-interactive"
[28/May/2024:09:26:43 +0000] "GET http://ftpmaster.internal/ubuntu/pool/main/l/lm-sensors/libsensors-config_3.6.0-9build1_all.deb HTTP/1.1" 200 5546 "-" "Debian APT-HTTP/1.3 (2.4.12) non-interactive"
[28/May/2024:09:26:43 +0000] "GET http://ftpmaster.internal/ubuntu/pool/main/a/alsa-lib/libatopology2t64_1.2.11-1build2_amd64.deb HTTP/1.1" 200 49750 "-" "Debian APT-HTTP/1.3 (2.4.12) non-interactive"
[28/May/2024:09:26:43 +0000] "GET http://ftpmaster.internal/ubuntu/pool/main/d/device-tree-compiler/device-tree-compiler_1.7.0-2build1_amd64.deb HTTP/1.1" 200 228180 "-" "Debian APT-HTTP/1.3 (2.4.12) non-interactive"
[28/May/2024:09:26:43 +0000] "GET http://ftpmaster.internal/ubuntu/pool/main/libj/libjpeg-turbo/libjpeg-turbo8_2.1.5-2ubuntu2_amd64.deb HTTP/1.1" 200 149982 "-" "Debian APT-HTTP/1.3 (2.4.12) non-interactive"
[28/May/2024:09:26:43 +0000] "GET http://ftpmaster.internal/ubuntu/pool/main/v/v4l-utils/libv4l-0t64_1.26.1-4build3_amd64.deb HTTP/1.1" 200 46892 "-" "Debian APT-HTTP/1.3 (2.4.12) non-interactive"
[28/May/2024:09:26:44 +0000] "GET http://ftpmaster.internal/ubuntu/pool/main/n/net-snmp/libsnmp40t64_5.9.4%2bdfsg-1.1ubuntu3_amd64.deb HTTP/1.1" 200 1065684 "-" "Debian APT-HTTP/1.3 (2.4.12) non-interactive"
[28/May/2024:09:26:44 +0000] "GET http://ftpmaster.internal/ubuntu/pool/main/libj/libjpeg8-empty/libjpeg8_8c-2ubuntu11_amd64.deb HTTP/1.1" 200 2148 "-" "Debian APT-HTTP/1.3 (2.4.12) non-interactive"
[28/May/2024:09:26:44 +0000] "GET http://ftpmaster.internal/ubuntu/pool/main/p/pci.ids/pci.ids_0.0%7e2024.03.31-1_all.deb HTTP/1.1" 200 275072 "-" "Debian APT-HTTP/1.3 (2.4.12) non-interactive"
[28/May/2024:09:26:44 +0000] "GET http://ftpmaster.internal/ubuntu/pool/main/g/gdbm/libgdbm6t64_1.23-5.1build1_amd64.deb HTTP/1.1" 200 34440 "-" "Debian APT-HTTP/1.3 (2.4.12) non-interactive"
[28/May/2024:09:26:44 +0000] "GET http://ftpmaster.internal/ubuntu/pool/main/a/alsa-lib/libasound2t64_1.2.11-1build2_amd64.deb HTTP/1.1" 200 398504 "-" "Debian APT-HTTP/1.3 (2.4.12) non-interactive"
[28/May/2024:09:26:44 +0000] "GET http://ftpmaster.internal/ubuntu/pool/universe/v/v4l-utils/v4l-utils_1.26.1-4build3_amd64.deb HTTP/1.1" 200 722038 "-" "Debian APT-HTTP/1.3 (2.4.12) non-interactive"
[28/May/2024:09:26:44 +0000] "GET http://ftpmaster.internal/ubuntu/pool/main/f/fftw3/libfftw3-single3_3.3.10-1ubuntu3_amd64.deb HTTP/1.1" 200 867878 "-" "Debian APT-HTTP/1.3 (2.4.12) non-interactive"
[28/May/2024:09:26:44 +0000] "GET http://ftpmaster.internal/ubuntu/pool/main/a/alsa-utils/alsa-utils_1.2.9-1ubuntu5_amd64.deb HTTP/1.1" 200 1190378 "-" "Debian APT-HTTP/1.3 (2.4.12) non-interactive"
[28/May/2024:09:26:44 +0000] "GET http://ftpmaster.internal/ubuntu/pool/main/a/alsa-lib/libasound2-data_1.2.11-1build2_all.deb HTTP/1.1" 200 21010 "-" "Debian APT-HTTP/1.3 (2.4.12) non-interactive"
[28/May/2024:09:26:44 +0000] "GET http://ftpmaster.internal/ubuntu/pool/main/libs/libsamplerate/libsamplerate0_0.2.2-4build1_amd64.deb HTTP/1.1" 200 1343954 "-" "Debian APT-HTTP/1.3 (2.4.12) non-interactive"
[28/May/2024:09:26:44 +0000] "GET http://ftpmaster.internal/ubuntu/pool/universe/l/linuxptp/linuxptp_4.0-1ubuntu1_amd64.deb HTTP/1.1" 200 223516 "-" "Debian APT-HTTP/1.3 (2.4.12) non-interactive"
[28/May/2024:09:26:44 +0000] "GET http://ftpmaster.internal/ubuntu/pool/main/v/v4l-utils/libv4l2rds0t64_1.26.1-4build3_amd64.deb HTTP/1.1" 200 19958 "-" "Debian APT-HTTP/1.3 (2.4.12) non-interactive"
[28/May/2024:09:26:44 +0000] "GET http://ftpmaster.internal/ubuntu/pool/main/n/net-snmp/snmp_5.9.4%2bdfsg-1.1ubuntu3_amd64.deb HTTP/1.1" 200 179998 "-" "Debian APT-HTTP/1.3 (2.4.12) non-interactive"
[28/May/2024:09:26:44 +0000] "GET http://ftpmaster.internal/ubuntu/pool/main/p/perl/perl-base_5.38.2-3.2build2_amd64.deb HTTP/1.1" 200 1822564 "-" "Debian APT-HTTP/1.3 (2.4.12) non-interactive"
[28/May/2024:09:26:44 +0000] "GET http://ftpmaster.internal/ubuntu/pool/main/l/lm-sensors/libsensors5_3.6.0-9build1_amd64.deb HTTP/1.1" 200 26600 "-" "Debian APT-HTTP/1.3 (2.4.12) non-interactive"
[28/May/2024:09:26:44 +0000] "GET http://ftpmaster.internal/ubuntu/pool/main/m/mtd-utils/mtd-utils_2.2.0-1ubuntu2_amd64.deb HTTP/1.1" 200 285998 "-" "Debian APT-HTTP/1.3 (2.4.12) non-interactive"
[28/May/2024:09:26:44 +0000] "GET http://ftpmaster.internal/ubuntu/pool/main/p/pciutils/libpci3_3.10.0-2build1_amd64.deb HTTP/1.1" 200 36458 "-" "Debian APT-HTTP/1.3 (2.4.12) non-interactive"
[28/May/2024:09:26:45 +0000] "GET http://ftpmaster.internal/ubuntu/pool/main/p/perl/perl-modules-5.38_5.38.2-3.2build2_all.deb HTTP/1.1" 200 3110036 "-" "Debian APT-HTTP/1.3 (2.4.12) non-interactive"
[28/May/2024:09:26:45 +0000] "GET http://ftpmaster.internal/ubuntu/pool/main/i/iniparser/libiniparser1_4.1-7build1_amd64.deb HTTP/1.1" 200 10514 "-" "Debian APT-HTTP/1.3 (2.4.12) non-interactive"
[28/May/2024:09:26:45 +0000] "GET http://ftpmaster.internal/ubuntu/pool/main/p/perl/libperl5.38t64_5.38.2-3.2build2_amd64.deb HTTP/1.1" 200 4873204 "-" "Debian APT-HTTP/1.3 (2.4.12) non-interactive"
Pulling config-variables
Pulling input-pcspkr
Pulling launchers
Pulling parts-meta-info
Running build phase...
Initialising lifecycle
Installing build-packages
Installing build-snaps
Skipping pull for checkbox-provider-ce-oem (already ran)
Skipping pull for config-variables (already ran)
Skipping pull for input-pcspkr (already ran)
Skipping pull for launchers (already ran)
Skipping pull for parts-meta-info (already ran)
Building checkbox-provider-ce-oem
Copying needed target link from the system: /dev/null
:: + sudo snap install checkbox24 --beta
:: checkbox24 (beta) 4.0.0-dev264 from Canonical Certification Team (ce-certification-qa) installed
:: + export PYTHONPATH=/snap/checkbox24/current/lib/python3.12/site-packages/
:: + PYTHONPATH=/snap/checkbox24/current/lib/python3.12/site-packages/
:: ++ find /snap/checkbox24/current/providers/ -mindepth 1 -maxdepth 1 -type d
:: + for path in $(find "/snap/checkbox24/current/providers/" -mindepth 1 -maxdepth 1 -type d)
:: + export PROVIDERPATH=/snap/checkbox24/current/providers/checkbox-provider-base
:: + PROVIDERPATH=/snap/checkbox24/current/providers/checkbox-provider-base
:: + for path in $(find "/snap/checkbox24/current/providers/" -mindepth 1 -maxdepth 1 -type d)
:: + export PROVIDERPATH=/snap/checkbox24/current/providers/checkbox-provider-certification-client:/snap/checkbox24/current/providers/checkbox-provider-base
:: + PROVIDERPATH=/snap/checkbox24/current/providers/checkbox-provider-certification-client:/snap/checkbox24/current/providers/checkbox-provider-base
:: + for path in $(find "/snap/checkbox24/current/providers/" -mindepth 1 -maxdepth 1 -type d)
:: + export PROVIDERPATH=/snap/checkbox24/current/providers/checkbox-provider-certification-server:/snap/checkbox24/current/providers/checkbox-provider-certification-client:/snap/checkbox24/current/providers/checkbox-provider-base
:: + PROVIDERPATH=/snap/checkbox24/current/providers/checkbox-provider-certification-server:/snap/checkbox24/current/providers/checkbox-provider-certification-client:/snap/checkbox24/current/providers/checkbox-provider-base
:: + for path in $(find "/snap/checkbox24/current/providers/" -mindepth 1 -maxdepth 1 -type d)
:: + export PROVIDERPATH=/snap/checkbox24/current/providers/checkbox-provider-docker:/snap/checkbox24/current/providers/checkbox-provider-certification-server:/snap/checkbox24/current/providers/checkbox-provider-certification-client:/snap/checkbox24/current/providers/checkbox-provider-base
:: + PROVIDERPATH=/snap/checkbox24/current/providers/checkbox-provider-docker:/snap/checkbox24/current/providers/checkbox-provider-certification-server:/snap/checkbox24/current/providers/checkbox-provider-certification-client:/snap/checkbox24/current/providers/checkbox-provider-base
:: + for path in $(find "/snap/checkbox24/current/providers/" -mindepth 1 -maxdepth 1 -type d)
:: + export PROVIDERPATH=/snap/checkbox24/current/providers/checkbox-provider-gpgpu:/snap/checkbox24/current/providers/checkbox-provider-docker:/snap/checkbox24/current/providers/checkbox-provider-certification-server:/snap/checkbox24/current/providers/checkbox-provider-certification-client:/snap/checkbox24/current/providers/checkbox-provider-base
:: + PROVIDERPATH=/snap/checkbox24/current/providers/checkbox-provider-gpgpu:/snap/checkbox24/current/providers/checkbox-provider-docker:/snap/checkbox24/current/providers/checkbox-provider-certification-server:/snap/checkbox24/current/providers/checkbox-provider-certification-client:/snap/checkbox24/current/providers/checkbox-provider-base
:: + for path in $(find "/snap/checkbox24/current/providers/" -mindepth 1 -maxdepth 1 -type d)
:: + export PROVIDERPATH=/snap/checkbox24/current/providers/checkbox-provider-iiotg:/snap/checkbox24/current/providers/checkbox-provider-gpgpu:/snap/checkbox24/current/providers/checkbox-provider-docker:/snap/checkbox24/current/providers/checkbox-provider-certification-server:/snap/checkbox24/current/providers/checkbox-provider-certification-client:/snap/checkbox24/current/providers/checkbox-provider-base
:: + PROVIDERPATH=/snap/checkbox24/current/providers/checkbox-provider-iiotg:/snap/checkbox24/current/providers/checkbox-provider-gpgpu:/snap/checkbox24/current/providers/checkbox-provider-docker:/snap/checkbox24/current/providers/checkbox-provider-certification-server:/snap/checkbox24/current/providers/checkbox-provider-certification-client:/snap/checkbox24/current/providers/checkbox-provider-base
:: + for path in $(find "/snap/checkbox24/current/providers/" -mindepth 1 -maxdepth 1 -type d)
:: + export PROVIDERPATH=/snap/checkbox24/current/providers/checkbox-provider-resource:/snap/checkbox24/current/providers/checkbox-provider-iiotg:/snap/checkbox24/current/providers/checkbox-provider-gpgpu:/snap/checkbox24/current/providers/checkbox-provider-docker:/snap/checkbox24/current/providers/checkbox-provider-certification-server:/snap/checkbox24/current/providers/checkbox-provider-certification-client:/snap/checkbox24/current/providers/checkbox-provider-base
:: + PROVIDERPATH=/snap/checkbox24/current/providers/checkbox-provider-resource:/snap/checkbox24/current/providers/checkbox-provider-iiotg:/snap/checkbox24/current/providers/checkbox-provider-gpgpu:/snap/checkbox24/current/providers/checkbox-provider-docker:/snap/checkbox24/current/providers/checkbox-provider-certification-server:/snap/checkbox24/current/providers/checkbox-provider-certification-client:/snap/checkbox24/current/providers/checkbox-provider-base
:: + for path in $(find "/snap/checkbox24/current/providers/" -mindepth 1 -maxdepth 1 -type d)
:: + export PROVIDERPATH=/snap/checkbox24/current/providers/checkbox-provider-sru:/snap/checkbox24/current/providers/checkbox-provider-resource:/snap/checkbox24/current/providers/checkbox-provider-iiotg:/snap/checkbox24/current/providers/checkbox-provider-gpgpu:/snap/checkbox24/current/providers/checkbox-provider-docker:/snap/checkbox24/current/providers/checkbox-provider-certification-server:/snap/checkbox24/current/providers/checkbox-provider-certification-client:/snap/checkbox24/current/providers/checkbox-provider-base
:: + PROVIDERPATH=/snap/checkbox24/current/providers/checkbox-provider-sru:/snap/checkbox24/current/providers/checkbox-provider-resource:/snap/checkbox24/current/providers/checkbox-provider-iiotg:/snap/checkbox24/current/providers/checkbox-provider-gpgpu:/snap/checkbox24/current/providers/checkbox-provider-docker:/snap/checkbox24/current/providers/checkbox-provider-certification-server:/snap/checkbox24/current/providers/checkbox-provider-certification-client:/snap/checkbox24/current/providers/checkbox-provider-base
:: + for path in $(find "/snap/checkbox24/current/providers/" -mindepth 1 -maxdepth 1 -type d)
:: + export PROVIDERPATH=/snap/checkbox24/current/providers/checkbox-provider-tpm2:/snap/checkbox24/current/providers/checkbox-provider-sru:/snap/checkbox24/current/providers/checkbox-provider-resource:/snap/checkbox24/current/providers/checkbox-provider-iiotg:/snap/checkbox24/current/providers/checkbox-provider-gpgpu:/snap/checkbox24/current/providers/checkbox-provider-docker:/snap/checkbox24/current/providers/checkbox-provider-certification-server:/snap/checkbox24/current/providers/checkbox-provider-certification-client:/snap/checkbox24/current/providers/checkbox-provider-base
:: + PROVIDERPATH=/snap/checkbox24/current/providers/checkbox-provider-tpm2:/snap/checkbox24/current/providers/checkbox-provider-sru:/snap/checkbox24/current/providers/checkbox-provider-resource:/snap/checkbox24/current/providers/checkbox-provider-iiotg:/snap/checkbox24/current/providers/checkbox-provider-gpgpu:/snap/checkbox24/current/providers/checkbox-provider-docker:/snap/checkbox24/current/providers/checkbox-provider-certification-server:/snap/checkbox24/current/providers/checkbox-provider-certification-client:/snap/checkbox24/current/providers/checkbox-provider-base
:: + for path in $(find "/snap/checkbox24/current/providers/" -mindepth 1 -maxdepth 1 -type d)
:: + export PROVIDERPATH=/snap/checkbox24/current/providers/checkbox-provider-tutorial:/snap/checkbox24/current/providers/checkbox-provider-tpm2:/snap/checkbox24/current/providers/checkbox-provider-sru:/snap/checkbox24/current/providers/checkbox-provider-resource:/snap/checkbox24/current/providers/checkbox-provider-iiotg:/snap/checkbox24/current/providers/checkbox-provider-gpgpu:/snap/checkbox24/current/providers/checkbox-provider-docker:/snap/checkbox24/current/providers/checkbox-provider-certification-server:/snap/checkbox24/current/providers/checkbox-provider-certification-client:/snap/checkbox24/current/providers/checkbox-provider-base
:: + PROVIDERPATH=/snap/checkbox24/current/providers/checkbox-provider-tutorial:/snap/checkbox24/current/providers/checkbox-provider-tpm2:/snap/checkbox24/current/providers/checkbox-provider-sru:/snap/checkbox24/current/providers/checkbox-provider-resource:/snap/checkbox24/current/providers/checkbox-provider-iiotg:/snap/checkbox24/current/providers/checkbox-provider-gpgpu:/snap/checkbox24/current/providers/checkbox-provider-docker:/snap/checkbox24/current/providers/checkbox-provider-certification-server:/snap/checkbox24/current/providers/checkbox-provider-certification-client:/snap/checkbox24/current/providers/checkbox-provider-base
:: + python3 manage.py validate
:: $PROVIDERPATH is defined, so following provider sources are ignored ['/root/.local/share/plainbox-providers-1', '/var/tmp/checkbox-providers-develop']
:: WARNING plainbox.providers.v1: $PROVIDERPATH is defined, so following provider sources are ignored ['/root/.local/share/plainbox-providers-1', '/var/tmp/checkbox-providers-develop']
:: WARNING plainbox.secure.providers.v1: Skipped file: /snap/checkbox24/current/providers/checkbox-provider-base/units/stress/suspend_cycles_reboot.md
:: WARNING plainbox.secure.providers.v1: Skipped file: /snap/checkbox24/current/providers/checkbox-provider-base/units/stress/suspend_cycles_reboot.md
:: WARNING plainbox.unit.testplan: unable to find nested part: com.canonical.contrib::ce-oem-audio-manual
:: WARNING plainbox.unit.testplan: unable to find nested part: com.canonical.contrib::ce-oem-audio-automated
:: WARNING plainbox.unit.testplan: unable to find nested part: com.canonical.contrib::ce-oem-button-manual
:: WARNING plainbox.unit.testplan: unable to find nested part: com.canonical.contrib::ce-oem-button-automated
:: WARNING plainbox.unit.testplan: unable to find nested part: com.canonical.contrib::after-suspend-ce-oem-button-manual
:: WARNING plainbox.unit.testplan: unable to find nested part: com.canonical.contrib::after-suspend-ce-oem-button-automated
:: WARNING plainbox.unit.testplan: unable to find nested part: com.canonical.contrib::ce-oem-buzzer-manual
:: WARNING plainbox.unit.testplan: unable to find nested part: com.canonical.contrib::ce-oem-buzzer-automated
:: WARNING plainbox.unit.testplan: unable to find nested part: com.canonical.contrib::after-suspend-ce-oem-buzzer-manual
:: WARNING plainbox.unit.testplan: unable to find nested part: com.canonical.contrib::after-suspend-ce-oem-buzzer-automated
:: WARNING plainbox.unit.testplan: unable to find nested part: com.canonical.contrib::ce-oem-cpu-manual
:: WARNING plainbox.unit.testplan: unable to find nested part: com.canonical.contrib::ce-oem-cpu-automated
:: WARNING plainbox.unit.testplan: unable to find nested part: com.canonical.contrib::after-suspend-ce-oem-cpu-manual
:: WARNING plainbox.unit.testplan: unable to find nested part: com.canonical.contrib::after-suspend-ce-oem-cpu-automated
:: WARNING plainbox.unit.testplan: unable to find nested part: com.canonical.contrib::ce-oem-accelerator-manual
:: WARNING plainbox.unit.testplan: unable to find nested part: com.canonical.contrib::ce-oem-accelerator-automated
:: WARNING plainbox.unit.testplan: unable to find nested part: com.canonical.contrib::after-suspend-ce-oem-accelerator-manual
:: WARNING plainbox.unit.testplan: unable to find nested part: com.canonical.contrib::after-suspend-ce-oem-accelerator-automated
:: WARNING plainbox.unit.testplan: unable to find nested part: com.canonical.contrib::ce-oem-crypto-manual
:: WARNING plainbox.unit.testplan: unable to find nested part: com.canonical.contrib::ce-oem-crypto-automated
:: WARNING plainbox.unit.testplan: unable to find nested part: com.canonical.contrib::after-suspend-ce-oem-crypto-manual
:: WARNING plainbox.unit.testplan: unable to find nested part: com.canonical.contrib::after-suspend-ce-oem-crypto-automated
:: WARNING plainbox.unit.testplan: unable to find nested part: com.canonical.contrib::ce-oem-dtb-manual
:: WARNING plainbox.unit.testplan: unable to find nested part: com.canonical.contrib::ce-oem-dtb-automated
:: WARNING plainbox.unit.testplan: unable to find nested part: com.canonical.contrib::after-suspend-ce-oem-dtb-manual
:: WARNING plainbox.unit.testplan: unable to find nested part: com.canonical.contrib::after-suspend-ce-oem-dtb-automated
:: WARNING plainbox.unit.testplan: unable to find nested part: com.canonical.contrib::ce-oem-digital-io-manual
:: WARNING plainbox.unit.testplan: unable to find nested part: com.canonical.contrib::ce-oem-digital-io-automated
:: WARNING plainbox.unit.testplan: unable to find nested part: com.canonical.contrib::after-suspend-ce-oem-digital-io-manual
:: WARNING plainbox.unit.testplan: unable to find nested part: com.canonical.contrib::after-suspend-ce-oem-digital-io-automated
:: WARNING plainbox.unit.testplan: unable to find nested part: com.canonical.contrib::ce-oem-eeprom-manual
:: WARNING plainbox.unit.testplan: unable to find nested part: com.canonical.contrib::ce-oem-eeprom-automated
:: WARNING plainbox.unit.testplan: unable to find nested part: com.canonical.contrib::after-suspend-ce-oem-eeprom-manual
:: WARNING plainbox.unit.testplan: unable to find nested part: com.canonical.contrib::after-suspend-ce-oem-eeprom-automated
:: WARNING plainbox.unit.testplan: unable to find nested part: com.canonical.contrib::ce-oem-ethernet-tcp-automated
:: WARNING plainbox.unit.testplan: unable to find nested part: com.canonical.contrib::after-suspend-ce-oem-ethernet-tcp-automated
:: WARNING plainbox.unit.testplan: unable to find nested part: com.canonical.contrib::ce-oem-gpio-manual
:: WARNING plainbox.unit.testplan: unable to find nested part: com.canonical.contrib::ce-oem-gpio-automated
:: WARNING plainbox.unit.testplan: unable to find nested part: com.canonical.contrib::ce-oem-iio-sensors-manual
:: WARNING plainbox.unit.testplan: unable to find nested part: com.canonical.contrib::ce-oem-iio-sensors-automated
:: WARNING plainbox.unit.testplan: unable to find nested part: com.canonical.contrib::ce-oem-installation-info-manual
:: WARNING plainbox.unit.testplan: unable to find nested part: com.canonical.contrib::ce-oem-installation-info-automated
:: WARNING plainbox.unit.testplan: unable to find nested part: com.canonical.contrib::ce-oem-led-manual
:: WARNING plainbox.unit.testplan: unable to find nested part: com.canonical.contrib::ce-oem-led-automated
:: WARNING plainbox.unit.testplan: unable to find nested part: com.canonical.contrib::after-suspend-ce-oem-led-manual
:: WARNING plainbox.unit.testplan: unable to find nested part: com.canonical.contrib::after-suspend-ce-oem-led-automated
:: WARNING plainbox.unit.testplan: unable to find nested part: com.canonical.contrib::ce-oem-gps-manual
:: WARNING plainbox.unit.testplan: unable to find nested part: com.canonical.contrib::ce-oem-gps-automated
:: WARNING plainbox.unit.testplan: unable to find nested part: com.canonical.contrib::after-suspend-ce-oem-gps-manual
:: WARNING plainbox.unit.testplan: unable to find nested part: com.canonical.contrib::after-suspend-ce-oem-gps-automated
:: WARNING plainbox.unit.testplan: unable to find nested part: com.canonical.contrib::ce-oem-mir-manual
:: WARNING plainbox.unit.testplan: unable to find nested part: com.canonical.contrib::ce-oem-mir-automated
:: WARNING plainbox.unit.testplan: unable to find nested part: com.canonical.contrib::after-suspend-ce-oem-mir-manual
:: WARNING plainbox.unit.testplan: unable to find nested part: com.canonical.contrib::after-suspend-ce-oem-mir-automated
:: WARNING plainbox.unit.testplan: unable to find nested part: com.canonical.contrib::ce-oem-mtd-manual
:: WARNING plainbox.unit.testplan: unable to find nested part: com.canonical.contrib::ce-oem-mtd-automated
:: WARNING plainbox.unit.testplan: unable to find nested part: com.canonical.contrib::after-suspend-ce-oem-mtd-manual
:: WARNING plainbox.unit.testplan: unable to find nested part: com.canonical.contrib::after-suspend-ce-oem-mtd-automated
:: WARNING plainbox.unit.testplan: unable to find nested part: com.canonical.contrib::ce-oem-optee-automated
:: WARNING plainbox.unit.testplan: unable to find nested part: com.canonical.contrib::after-suspend-ce-oem-optee-automated
:: WARNING plainbox.unit.testplan: unable to find nested part: com.canonical.contrib::ce-oem-otg-manual
:: WARNING plainbox.unit.testplan: unable to find nested part: com.canonical.contrib::ce-oem-otg-automated
:: WARNING plainbox.unit.testplan: unable to find nested part: com.canonical.contrib::ce-oem-ptp-manual
:: WARNING plainbox.unit.testplan: unable to find nested part: com.canonical.contrib::ce-oem-ptp-automated
:: WARNING plainbox.unit.testplan: unable to find nested part: com.canonical.contrib::after-suspend-ce-oem-ptp-manual
:: WARNING plainbox.unit.testplan: unable to find nested part: com.canonical.contrib::after-suspend-ce-oem-ptp-automated
:: WARNING plainbox.unit.testplan: unable to find nested part: com.canonical.contrib::ce-oem-rpmsg-manual
:: WARNING plainbox.unit.testplan: unable to find nested part: com.canonical.contrib::ce-oem-rpmsg-automated
:: WARNING plainbox.unit.testplan: unable to find nested part: com.canonical.contrib::ce-oem-rtc-manual
:: WARNING plainbox.unit.testplan: unable to find nested part: com.canonical.contrib::ce-oem-rtc-automated
:: WARNING plainbox.unit.testplan: unable to find nested part: com.canonical.contrib::after-suspend-ce-oem-rtc-manual
:: WARNING plainbox.unit.testplan: unable to find nested part: com.canonical.contrib::after-suspend-ce-oem-rtc-automated
:: WARNING plainbox.unit.testplan: unable to find nested part: com.canonical.contrib::ce-oem-serial-automated
:: WARNING plainbox.unit.testplan: unable to find nested part: com.canonical.contrib::ce-oem-socketcan-manual
:: WARNING plainbox.unit.testplan: unable to find nested part: com.canonical.contrib::ce-oem-socketcan-stress-automated
:: WARNING plainbox.unit.testplan: unable to find nested part: com.canonical.contrib::after-suspend-ce-oem-socketcan-manual
:: WARNING plainbox.unit.testplan: unable to find nested part: com.canonical.contrib::after-suspend-ce-oem-socketcan-stress-automated
:: WARNING plainbox.unit.testplan: unable to find nested part: com.canonical.contrib::ce-oem-iot-server-22-04-manual
:: WARNING plainbox.unit.testplan: unable to find nested part: com.canonical.contrib::ce-oem-iot-server-22-04-automated
:: WARNING plainbox.unit.testplan: unable to find nested part: com.canonical.contrib::ce-oem-iot-server-20-04-manual
:: WARNING plainbox.unit.testplan: unable to find nested part: com.canonical.contrib::ce-oem-iot-server-20-04-automated
:: WARNING plainbox.unit.testplan: unable to find nested part: com.canonical.contrib::ce-oem-manual
:: WARNING plainbox.unit.testplan: unable to find nested part: com.canonical.contrib::after-suspend-ce-oem-manual
:: WARNING plainbox.unit.testplan: unable to find nested part: com.canonical.contrib::ce-oem-manual
:: WARNING plainbox.unit.testplan: unable to find nested part: com.canonical.contrib::after-suspend-ce-oem-manual
:: WARNING plainbox.unit.testplan: unable to find nested part: com.canonical.contrib::ce-oem-automated
:: WARNING plainbox.unit.testplan: unable to find nested part: com.canonical.contrib::after-suspend-ce-oem-automated
:: WARNING plainbox.unit.testplan: unable to find nested part: com.canonical.contrib::ce-oem-automated
:: WARNING plainbox.unit.testplan: unable to find nested part: com.canonical.contrib::after-suspend-ce-oem-automated
:: WARNING plainbox.unit.testplan: unable to find nested part: com.canonical.contrib::ce-oem-stress
:: WARNING plainbox.unit.testplan: unable to find nested part: com.canonical.contrib::ce-oem-stress
:: WARNING plainbox.unit.testplan: unable to find nested part: com.canonical.contrib::ce-oem-iot-ubuntucore-22-manual
:: WARNING plainbox.unit.testplan: unable to find nested part: com.canonical.contrib::ce-oem-iot-ubuntucore-22-automated
:: WARNING plainbox.unit.testplan: unable to find nested part: com.canonical.contrib::ce-oem-iot-ubuntucore-20-manual
:: WARNING plainbox.unit.testplan: unable to find nested part: com.canonical.contrib::ce-oem-iot-ubuntucore-20-automated
:: WARNING plainbox.unit.testplan: unable to find nested part: com.canonical.contrib::ce-oem-manual
:: WARNING plainbox.unit.testplan: unable to find nested part: com.canonical.contrib::after-suspend-ce-oem-manual
:: WARNING plainbox.unit.testplan: unable to find nested part: com.canonical.contrib::ce-oem-manual
:: WARNING plainbox.unit.testplan: unable to find nested part: com.canonical.contrib::after-suspend-ce-oem-manual
:: WARNING plainbox.unit.testplan: unable to find nested part: com.canonical.contrib::ce-oem-automated
:: WARNING plainbox.unit.testplan: unable to find nested part: com.canonical.contrib::after-suspend-ce-oem-automated
:: WARNING plainbox.unit.testplan: unable to find nested part: com.canonical.contrib::ce-oem-automated
:: WARNING plainbox.unit.testplan: unable to find nested part: com.canonical.contrib::after-suspend-ce-oem-automated
:: WARNING plainbox.unit.testplan: unable to find nested part: com.canonical.contrib::ce-oem-stress
:: WARNING plainbox.unit.testplan: unable to find nested part: com.canonical.contrib::ce-oem-stress
:: WARNING plainbox.unit.testplan: unable to find nested part: com.canonical.contrib::ce-oem-manual
:: WARNING plainbox.unit.testplan: unable to find nested part: com.canonical.contrib::ce-oem-automated
:: WARNING plainbox.unit.testplan: unable to find nested part: com.canonical.contrib::after-suspend-ce-oem-manual
:: WARNING plainbox.unit.testplan: unable to find nested part: com.canonical.contrib::after-suspend-ce-oem-automated
:: WARNING plainbox.unit.testplan: unable to find nested part: com.canonical.contrib::ce-oem-installation-info-manual
:: WARNING plainbox.unit.testplan: unable to find nested part: com.canonical.contrib::ce-oem-cpu-manual
:: WARNING plainbox.unit.testplan: unable to find nested part: com.canonical.contrib::ce-oem-button-manual
:: WARNING plainbox.unit.testplan: unable to find nested part: com.canonical.contrib::ce-oem-thermal-manual
:: WARNING plainbox.unit.testplan: unable to find nested part: com.canonical.contrib::ce-oem-gps-manual
:: WARNING plainbox.unit.testplan: unable to find nested part: com.canonical.contrib::ce-oem-mtd-manual
:: WARNING plainbox.unit.testplan: unable to find nested part: com.canonical.contrib::ce-oem-buzzer-manual
:: WARNING plainbox.unit.testplan: unable to find nested part: com.canonical.contrib::ce-oem-audio-manual
:: WARNING plainbox.unit.testplan: unable to find nested part: com.canonical.contrib::ce-oem-otg-manual
:: WARNING plainbox.unit.testplan: unable to find nested part: com.canonical.contrib::ce-oem-rtc-manual
:: WARNING plainbox.unit.testplan: unable to find nested part: com.canonical.contrib::ce-oem-eeprom-manual
:: WARNING plainbox.unit.testplan: unable to find nested part: com.canonical.contrib::ce-oem-led-manual
:: WARNING plainbox.unit.testplan: unable to find nested part: com.canonical.contrib::ce-oem-caam-manual
:: WARNING plainbox.unit.testplan: unable to find nested part: com.canonical.contrib::ce-oem-crypto-manual
:: WARNING plainbox.unit.testplan: unable to find nested part: com.canonical.contrib::ce-oem-touchscreen-evdev
:: WARNING plainbox.unit.testplan: unable to find nested part: com.canonical.contrib::ce-oem-socketcan-manual
:: WARNING plainbox.unit.testplan: unable to find nested part: com.canonical.contrib::ce-oem-iio-sensors-manual
:: WARNING plainbox.unit.testplan: unable to find nested part: com.canonical.contrib::ce-oem-digital-io-manual
:: WARNING plainbox.unit.testplan: unable to find nested part: com.canonical.contrib::ce-oem-installation-info-automated
:: WARNING plainbox.unit.testplan: unable to find nested part: com.canonical.contrib::ce-oem-dtb-automated
:: WARNING plainbox.unit.testplan: unable to find nested part: com.canonical.contrib::ce-oem-cpu-automated
:: WARNING plainbox.unit.testplan: unable to find nested part: com.canonical.contrib::ce-oem-button-automated
:: WARNING plainbox.unit.testplan: unable to find nested part: com.canonical.contrib::ce-oem-ptp-automated
:: WARNING plainbox.unit.testplan: unable to find nested part: com.canonical.contrib::ce-oem-thermal-automated
:: WARNING plainbox.unit.testplan: unable to find nested part: com.canonical.contrib::ce-oem-gps-automated
:: WARNING plainbox.unit.testplan: unable to find nested part: com.canonical.contrib::ce-oem-mtd-automated
:: WARNING plainbox.unit.testplan: unable to find nested part: com.canonical.contrib::ce-oem-buzzer-automated
:: WARNING plainbox.unit.testplan: unable to find nested part: com.canonical.contrib::ce-oem-audio-automated
:: WARNING plainbox.unit.testplan: unable to find nested part: com.canonical.contrib::ce-oem-otg-automated
:: WARNING plainbox.unit.testplan: unable to find nested part: com.canonical.contrib::ce-oem-rtc-automated
:: WARNING plainbox.unit.testplan: unable to find nested part: com.canonical.contrib::before-suspend-ce-oem-serial-automated
:: WARNING plainbox.unit.testplan: unable to find nested part: com.canonical.contrib::ce-oem-eeprom-automated
:: WARNING plainbox.unit.testplan: unable to find nested part: com.canonical.contrib::ce-oem-led-automated
:: WARNING plainbox.unit.testplan: unable to find nested part: com.canonical.contrib::ce-oem-accelerator-automated
:: WARNING plainbox.unit.testplan: unable to find nested part: com.canonical.contrib::ce-oem-crypto-automated
:: WARNING plainbox.unit.testplan: unable to find nested part: com.canonical.contrib::ce-oem-optee-automated
:: WARNING plainbox.unit.testplan: unable to find nested part: com.canonical.contrib::ce-oem-socketcan-stress-automated
:: WARNING plainbox.unit.testplan: unable to find nested part: com.canonical.contrib::ce-oem-ethernet-tcp-automated
:: WARNING plainbox.unit.testplan: unable to find nested part: com.canonical.contrib::before-suspend-ce-oem-iio-sensors-automated
:: WARNING plainbox.unit.testplan: unable to find nested part: com.canonical.contrib::ce-oem-digital-io-automated
:: WARNING plainbox.unit.testplan: unable to find nested part: com.canonical.contrib::ce-oem-gpio-automated
:: WARNING plainbox.unit.testplan: unable to find nested part: com.canonical.contrib::after-suspend-ce-oem-cpu-manual
:: WARNING plainbox.unit.testplan: unable to find nested part: com.canonical.contrib::after-suspend-ce-oem-button-manual
:: WARNING plainbox.unit.testplan: unable to find nested part: com.canonical.contrib::after-suspend-ce-oem-thermal-manual
:: WARNING plainbox.unit.testplan: unable to find nested part: com.canonical.contrib::after-suspend-ce-oem-gps-manual
:: WARNING plainbox.unit.testplan: unable to find nested part: com.canonical.contrib::after-suspend-ce-oem-mtd-manual
:: WARNING plainbox.unit.testplan: unable to find nested part: com.canonical.contrib::after-suspend-ce-oem-buzzer-manual
:: WARNING plainbox.unit.testplan: unable to find nested part: com.canonical.contrib::after-suspend-ce-oem-audio-manual
:: WARNING plainbox.unit.testplan: unable to find nested part: com.canonical.contrib::after-suspend-ce-oem-otg-manual
:: WARNING plainbox.unit.testplan: unable to find nested part: com.canonical.contrib::after-suspend-ce-oem-rtc-manual
:: WARNING plainbox.unit.testplan: unable to find nested part: com.canonical.contrib::after-suspend-ce-oem-eeprom-manual
:: WARNING plainbox.unit.testplan: unable to find nested part: com.canonical.contrib::after-suspend-ce-oem-led-manual
:: WARNING plainbox.unit.testplan: unable to find nested part: com.canonical.contrib::after-suspend-ce-oem-caam-manual
:: WARNING plainbox.unit.testplan: unable to find nested part: com.canonical.contrib::after-suspend-ce-oem-crypto-manual
:: WARNING plainbox.unit.testplan: unable to find nested part: com.canonical.contrib::after-suspend-ce-oem-touchscreen-evdev
:: WARNING plainbox.unit.testplan: unable to find nested part: com.canonical.contrib::after-suspend-ce-oem-socketcan-manual
:: WARNING plainbox.unit.testplan: unable to find nested part: com.canonical.contrib::after-suspend-ce-oem-iio-sensors-manual
:: WARNING plainbox.unit.testplan: unable to find nested part: com.canonical.contrib::after-suspend-ce-oem-digital-io-manual
:: WARNING plainbox.unit.testplan: unable to find nested part: com.canonical.contrib::after-suspend-ce-oem-cpu-automated
:: WARNING plainbox.unit.testplan: unable to find nested part: com.canonical.contrib::after-suspend-ce-oem-button-automated
:: WARNING plainbox.unit.testplan: unable to find nested part: com.canonical.contrib::after-suspend-ce-oem-ptp-automated
:: WARNING plainbox.unit.testplan: unable to find nested part: com.canonical.contrib::after-suspend-ce-oem-thermal-automated
:: WARNING plainbox.unit.testplan: unable to find nested part: com.canonical.contrib::after-suspend-ce-oem-gps-automated
:: WARNING plainbox.unit.testplan: unable to find nested part: com.canonical.contrib::after-suspend-ce-oem-mtd-automated
:: WARNING plainbox.unit.testplan: unable to find nested part: com.canonical.contrib::after-suspend-ce-oem-buzzer-automated
:: WARNING plainbox.unit.testplan: unable to find nested part: com.canonical.contrib::after-suspend-ce-oem-audio-automated
:: WARNING plainbox.unit.testplan: unable to find nested part: com.canonical.contrib::after-suspend-ce-oem-otg-automated
:: WARNING plainbox.unit.testplan: unable to find nested part: com.canonical.contrib::after-suspend-ce-oem-rtc-automated
:: WARNING plainbox.unit.testplan: unable to find nested part: com.canonical.contrib::after-suspend-ce-oem-serial-automated
:: WARNING plainbox.unit.testplan: unable to find nested part: com.canonical.contrib::after-suspend-ce-oem-eeprom-automated
:: WARNING plainbox.unit.testplan: unable to find nested part: com.canonical.contrib::after-suspend-ce-oem-led-automated
:: WARNING plainbox.unit.testplan: unable to find nested part: com.canonical.contrib::after-suspend-ce-oem-accelerator-automated
:: WARNING plainbox.unit.testplan: unable to find nested part: com.canonical.contrib::after-suspend-ce-oem-crypto-automated
:: WARNING plainbox.unit.testplan: unable to find nested part: com.canonical.contrib::after-suspend-ce-oem-optee-automated
:: WARNING plainbox.unit.testplan: unable to find nested part: com.canonical.contrib::after-suspend-ce-oem-socketcan-stress-automated
:: WARNING plainbox.unit.testplan: unable to find nested part: com.canonical.contrib::after-suspend-ce-oem-ethernet-tcp-automated
:: WARNING plainbox.unit.testplan: unable to find nested part: com.canonical.contrib::after-suspend-ce-oem-iio-sensors-automated
:: WARNING plainbox.unit.testplan: unable to find nested part: com.canonical.contrib::after-suspend-ce-oem-digital-io-automated
:: WARNING plainbox.unit.testplan: unable to find nested part: com.canonical.contrib::ce-oem-cold-boot-stress-test-by-pdu
:: WARNING plainbox.unit.testplan: unable to find nested part: com.canonical.contrib::ce-oem-ethernet-tcp-stress
:: WARNING plainbox.unit.testplan: unable to find nested part: com.canonical.contrib::test-strict-confinement-manual
:: WARNING plainbox.unit.testplan: unable to find nested part: com.canonical.contrib::test-strict-confinement-automated
:: WARNING plainbox.unit.testplan: unable to find nested part: com.canonical.contrib::dbus-warm-boot
:: WARNING plainbox.unit.testplan: unable to find nested part: com.canonical.contrib::dbus-cold-boot
:: WARNING plainbox.unit.testplan: unable to find nested part: com.canonical.contrib::ce-oem-thermal-manual
:: WARNING plainbox.unit.testplan: unable to find nested part: com.canonical.contrib::ce-oem-thermal-automated
:: WARNING plainbox.unit.testplan: unable to find nested part: com.canonical.contrib::after-suspend-ce-oem-thermal-manual
:: WARNING plainbox.unit.testplan: unable to find nested part: com.canonical.contrib::after-suspend-ce-oem-thermal-automated
:: WARNING plainbox.unit.testplan: unable to find nested part: com.canonical.contrib::ce-oem-video-codec-manual
:: WARNING plainbox.unit.testplan: unable to find nested part: com.canonical.contrib::ce-oem-video-codec-automated
:: WARNING plainbox.unit.testplan: unable to find nested part: com.canonical.contrib::ce-oem-vpu-manual
:: WARNING plainbox.unit.testplan: unable to find nested part: com.canonical.contrib::ce-oem-vpu-automated
:: WARNING plainbox.unit.testplan: unable to find nested part: com.canonical.contrib::after-suspend-ce-oem-vpu-manual
:: WARNING plainbox.unit.testplan: unable to find nested part: com.canonical.contrib::after-suspend-ce-oem-vpu-automated
:: advice: units/button/jobs.pxu:19-33: template 'ce-oem-button/detect-by-gpio-press-name', field 'template-summary', required field missing
:: advice: units/button/jobs.pxu:51-65: template 'ce-oem-button/detect-by-interrupts-press-name', field 'template-summary', required field missing
:: advice: units/buzzer/jobs.pxu:36-50: template 'ce-oem-gpio-buzzer/sound-test-name', field 'template-summary', required field missing
:: advice: units/buzzer/jobs.pxu:70-84: template 'ce-oem-pwm-buzzer/sound-test-name', field 'template-summary', required field missing
:: advice: units/cpu/jobs.pxu:20-35: template 'ce-oem-cpu/cpufreq-governor-performance-policypolicy', field 'template-summary', required field missing
:: advice: units/cpu/jobs.pxu:37-52: template 'ce-oem-cpu/cpufreq-governor-powersave-policypolicy', field 'template-summary', required field missing
:: advice: units/cpu/jobs.pxu:54-70: template 'ce-oem-cpu/cpufreq-governor-userspace-policypolicy', field 'template-summary', required field missing
:: advice: units/cpu/jobs.pxu:72-89: template 'ce-oem-cpu/cpufreq-governor-schedutil-policypolicy', field 'template-summary', required field missing
:: advice: units/cpu/jobs.pxu:91-108: template 'ce-oem-cpu/cpufreq-governor-ondemand-policypolicy', field 'template-summary', required field missing
:: advice: units/cpu/jobs.pxu:110-127: template 'ce-oem-cpu/cpufreq-governor-conservative-policypolicy', field 'template-summary', required field missing
:: advice: units/ethernet/jobs.pxu:1-22: template 'ce-oem-ethernet/tcp-echo-stress-interface', field 'template-summary', required field missing
:: advice: units/gpio/jobs.pxu:26-37: template 'ce-oem-gpio/node-export-test', field 'template-summary', required field missing
:: advice: units/iio-sensors/jobs.pxu:15-31: template 'ce-oem-iio-sensors/check_sensor_type_index', field 'template-summary', required field missing
:: advice: units/mtd/jobs.pxu:22-38: template 'ce-oem-mtd/read-write-test-MTD_NAME', field 'template-summary', required field missing
:: advice: units/optee/jobs.pxu:98-112: template 'ce-oem-optee/xtest-suite-description', field 'template-summary', required field missing
:: advice: units/optee/jobs.pxu:114-128: template 'ce-oem-optee/xtest-pkcs11-description', field 'template-summary', required field missing
:: advice: units/otg/jobs.pxu:19-59: template 'ce-oem-otg/g_serial-USB_port', field 'template-summary', required field missing
:: advice: units/otg/jobs.pxu:61-93: template 'ce-oem-otg/g_mass_storage-USB_port', field 'template-summary', required field missing
:: advice: units/otg/jobs.pxu:95-129: template 'ce-oem-otg/g_ether-USB_port', field 'template-summary', required field missing
:: advice: units/ptp/jobs.pxu:33-63: template 'ce-oem-ptp/verify-PTP-support-for-eth-interface', field 'template-summary', required field missing
:: advice: units/ptp/jobs.pxu:65-108: template 'ce-oem-ptp/ptp4l-time-sync-for-eth-interface-auto', field 'template-summary', required field missing
:: advice: units/ptp/jobs.pxu:110-134: template 'ce-oem-ptp/ptp4l-time-sync-for-eth-interface-manual', field 'template-summary', required field missing
:: advice: units/socketcan/jobs.pxu:1-20: template 'ce-oem-socketcan/stress_fd_remote_interface', field 'template-summary', required field missing
:: advice: units/socketcan/jobs.pxu:22-40: template 'ce-oem-socketcan/stress_remote_interface', field 'template-summary', required field missing
:: advice: units/socketcan/jobs.pxu:42-58: template 'ce-oem-socketcan/bus_off_recovery_interface', field 'template-summary', required field missing
:: advice: units/stress/boot.pxu:59-87: template 'ce-oem-cold-boot-loop-by-pdu-rebootreboot_id', field 'template-summary', required field missing
:: advice: units/stress/boot.pxu:90-105: template 'ce-oem-post-cold-boot-loop-by-pdu-rebootreboot_id', field 'template-summary', required field missing
:: advice: units/strict-confinement/thermal-strict-confinement.pxu:1-20: template 'strict-confine/temperature-test', field 'template-summary', required field missing
:: advice: units/thermal-sensor/jobs.pxu:9-21: template 'ce-oem-thermal/temperature_name_type', field 'template-summary', required field missing
:: advice: units/touchscreen/jobs.pxu:1-18: template 'ce-oem-touchscreen/evdev/single-touch-tap-product_slug', field 'template-summary', required field missing
:: advice: units/touchscreen/jobs.pxu:20-44: template 'ce-oem-touchscreen/evdev/maximum-touch-tap-product_slug', field 'template-summary', required field missing
:: The provider seems to be valid
:: + python3 manage.py build
:: $PROVIDERPATH is defined, so following provider sources are ignored ['/root/.local/share/plainbox-providers-1', '/var/tmp/checkbox-providers-develop']
:: + python3 manage.py install --layout=relocatable --prefix=/providers/checkbox-provider-ce-oem --root=/build/snapcraft-checkbox-ce-oem-b7bc3b4e93d43360e08ee0da724d536c/parts/checkbox-provider-ce-oem/install
:: $PROVIDERPATH is defined, so following provider sources are ignored ['/root/.local/share/plainbox-providers-1', '/var/tmp/checkbox-providers-develop']
Building config-variables
:: + cp --archive --link --no-dereference . /build/snapcraft-checkbox-ce-oem-b7bc3b4e93d43360e08ee0da724d536c/parts/config-variables/install
Skipping pull for checkbox-provider-ce-oem (already ran)
Skipping build for checkbox-provider-ce-oem (already ran)
Staging checkbox-provider-ce-oem (required to build 'input-pcspkr')
Building input-pcspkr
:: + mkdir -p /build/snapcraft-checkbox-ce-oem-b7bc3b4e93d43360e08ee0da724d536c/parts/input-pcspkr/install/usr/bin
:: + PART_SRC=/build/snapcraft-checkbox-ce-oem-b7bc3b4e93d43360e08ee0da724d536c/parts/checkbox-provider-ce-oem/src
:: + gcc /build/snapcraft-checkbox-ce-oem-b7bc3b4e93d43360e08ee0da724d536c/parts/checkbox-provider-ce-oem/src/src/input-pcspkr.c -o /build/snapcraft-checkbox-ce-oem-b7bc3b4e93d43360e08ee0da724d536c/parts/checkbox-provider-ce-oem/src/src/beep
:: + cp -v /build/snapcraft-checkbox-ce-oem-b7bc3b4e93d43360e08ee0da724d536c/parts/checkbox-provider-ce-oem/src/src/beep /build/snapcraft-checkbox-ce-oem-b7bc3b4e93d43360e08ee0da724d536c/parts/input-pcspkr/install/usr/bin/
:: '/build/snapcraft-checkbox-ce-oem-b7bc3b4e93d43360e08ee0da724d536c/parts/checkbox-provider-ce-oem/src/src/beep' -> '/build/snapcraft-checkbox-ce-oem-b7bc3b4e93d43360e08ee0da724d536c/parts/input-pcspkr/install/usr/bin/beep'
Building launchers
:: + cp --archive --link --no-dereference . /build/snapcraft-checkbox-ce-oem-b7bc3b4e93d43360e08ee0da724d536c/parts/launchers/install
Building parts-meta-info
:: + snapcraftctl build
:: Traceback (most recent call last):
::   File "<string>", line 2, in <module>
:: ModuleNotFoundError: No module named 'snapcraft_legacy'
'override-build' in part 'parts-meta-info' failed with code 1.
Recommended resolution: Review the scriptlet and make sure it's correct.
Full execution log: '/root/.local/state/snapcraft/log/snapcraft-20240528-092648.054141.log'
Build failed
Traceback (most recent call last):
  File "/usr/lib/python3/dist-packages/lpbuildd/target/build_snap.py", line 308, in run
    self.build()
  File "/usr/lib/python3/dist-packages/lpbuildd/target/build_snap.py", line 292, in build
    self.run_build_command(["snapcraft"], cwd=output_path, env=env)
  File "/usr/lib/python3/dist-packages/lpbuildd/target/operation.py", line 62, in run_build_command
    return self.backend.run(args, cwd=cwd, env=full_env, **kwargs)
  File "/usr/lib/python3/dist-packages/lpbuildd/target/lxd.py", line 718, in run
    subprocess.check_call(cmd, **kwargs)
  File "/usr/lib/python3.8/subprocess.py", line 364, in check_call
    raise CalledProcessError(retcode, cmd)
subprocess.CalledProcessError: Command '['lxc', 'exec', 'lp-noble-amd64', '--env', 'LANG=C.UTF-8', '--env', 'SHELL=/bin/sh', '--env', 'http_proxy=http://10.10.10.1:8222/', '--env', 'https_proxy=http://10.10.10.1:8222/', '--env', 'GIT_PROXY_COMMAND=/usr/local/bin/lpbuildd-git-proxy', '--env', 'SNAPPY_STORE_NO_CDN=1', '--env', 'SNAPCRAFT_BUILD_INFO=1', '--env', 'SNAPCRAFT_IMAGE_INFO={"build-request-id": "lp-89351377", "build-request-timestamp": "2024-05-28T09:23:19Z", "build_url": "https://launchpad.net/~liaou3/+snap/snapcraft-checkbox-ce-oem-b7bc3b4e93d43360e08ee0da724d536c/+build/2494878"}', '--env', 'SNAPCRAFT_BUILD_ENVIRONMENT=host', '--env', 'SNAPCRAFT_BUILD_FOR=amd64', '--', '/bin/sh', '-c', 'cd /build/snapcraft-checkbox-ce-oem-b7bc3b4e93d43360e08ee0da724d536c && linux64 snapcraft']' returned non-zero exit status 1.
Revoking proxy token...
RUN: /usr/share/launchpad-buildd/bin/in-target scan-for-processes --backend=lxd --series=noble --arch=amd64 SNAPBUILD-2494878
Scanning for processes to kill in build SNAPBUILD-2494878
